2024-03-19T08:40:03.137+09:00  INFO 5620 --- [sboard] [restartedMain] kr.co.sboard.SboardApplication           : Starting SboardApplication using Java 17.0.9 with PID 5620 (C:\Users\java\Desktop\Workspace\Spring\sboard\build\classes\java\main started by java in C:\Users\java\Desktop\Workspace\Spring\sboard)
2024-03-19T08:40:03.141+09:00  INFO 5620 --- [sboard] [restartedMain] kr.co.sboard.SboardApplication           : No active profile set, falling back to 1 default profile: "default"
2024-03-19T08:40:03.266+09:00  INFO 5620 --- [sboard] [restartedMain] .e.DevToolsPropertyDefaultsPostProcessor : Devtools property defaults active! Set 'spring.devtools.add-properties' to 'false' to disable
2024-03-19T08:40:03.266+09:00  INFO 5620 --- [sboard] [restartedMain] .e.DevToolsPropertyDefaultsPostProcessor : For additional web related logging consider setting the 'logging.level.web' property to 'DEBUG'
2024-03-19T08:40:03.645+09:00  INFO 5620 --- [sboard] [restartedMain] .s.d.r.c.RepositoryConfigurationDelegate : Bootstrapping Spring Data JPA repositories in DEFAULT mode.
2024-03-19T08:40:03.671+09:00  INFO 5620 --- [sboard] [restartedMain] .s.d.r.c.RepositoryConfigurationDelegate : Finished Spring Data repository scanning in 20 ms. Found 1 JPA repository interface.
2024-03-19T08:40:04.031+09:00  INFO 5620 --- [sboard] [restartedMain] o.s.b.w.embedded.tomcat.TomcatWebServer  : Tomcat initialized with port 8080 (http)
2024-03-19T08:40:04.038+09:00  INFO 5620 --- [sboard] [restartedMain] o.apache.catalina.core.StandardService   : Starting service [Tomcat]
2024-03-19T08:40:04.038+09:00  INFO 5620 --- [sboard] [restartedMain] o.apache.catalina.core.StandardEngine    : Starting Servlet engine: [Apache Tomcat/10.1.19]
2024-03-19T08:40:04.067+09:00  INFO 5620 --- [sboard] [restartedMain] o.a.c.c.C.[.[localhost].[/sboard]        : Initializing Spring embedded WebApplicationContext
2024-03-19T08:40:04.067+09:00  INFO 5620 --- [sboard] [restartedMain] w.s.c.ServletWebServerApplicationContext : Root WebApplicationContext: initialization completed in 801 ms
2024-03-19T08:40:04.164+09:00  INFO 5620 --- [sboard] [restartedMain] o.hibernate.jpa.internal.util.LogHelper  : HHH000204: Processing PersistenceUnitInfo [name: default]
2024-03-19T08:40:04.204+09:00  INFO 5620 --- [sboard] [restartedMain] org.hibernate.Version                    : HHH000412: Hibernate ORM core version 6.4.4.Final
2024-03-19T08:40:04.225+09:00  INFO 5620 --- [sboard] [restartedMain] o.h.c.internal.RegionFactoryInitiator    : HHH000026: Second-level cache disabled
2024-03-19T08:40:04.422+09:00  INFO 5620 --- [sboard] [restartedMain] o.s.o.j.p.SpringPersistenceUnitInfo      : No LoadTimeWeaver setup: ignoring JPA class transformer
2024-03-19T08:40:04.446+09:00  INFO 5620 --- [sboard] [restartedMain] com.zaxxer.hikari.HikariDataSource       : HikariPool-1 - Starting...
2024-03-19T08:40:04.720+09:00  INFO 5620 --- [sboard] [restartedMain] com.zaxxer.hikari.pool.HikariPool        : HikariPool-1 - Added connection com.mysql.cj.jdbc.ConnectionImpl@25e517c7
2024-03-19T08:40:04.723+09:00  INFO 5620 --- [sboard] [restartedMain] com.zaxxer.hikari.HikariDataSource       : HikariPool-1 - Start completed.
2024-03-19T08:40:04.779+09:00  WARN 5620 --- [sboard] [restartedMain] org.hibernate.orm.deprecation            : HHH90000025: MySQLDialect does not need to be specified explicitly using 'hibernate.dialect' (remove the property setting and it will be selected by default)
2024-03-19T08:40:05.463+09:00  INFO 5620 --- [sboard] [restartedMain] o.h.e.t.j.p.i.JtaPlatformInitiator       : HHH000489: No JTA platform available (set 'hibernate.transaction.jta.platform' to enable JTA platform integration)
2024-03-19T08:40:05.507+09:00  INFO 5620 --- [sboard] [restartedMain] j.LocalContainerEntityManagerFactoryBean : Initialized JPA EntityManagerFactory for persistence unit 'default'
2024-03-19T08:40:05.865+09:00  WARN 5620 --- [sboard] [restartedMain] JpaBaseConfiguration$JpaWebConfiguration : spring.jpa.open-in-view is enabled by default. Therefore, database queries may be performed during view rendering. Explicitly configure spring.jpa.open-in-view to disable this warning
2024-03-19T08:40:05.965+09:00  INFO 5620 --- [sboard] [restartedMain] o.s.b.a.w.s.WelcomePageHandlerMapping    : Adding welcome page template: index
2024-03-19T08:40:06.075+09:00  INFO 5620 --- [sboard] [restartedMain] o.s.s.web.DefaultSecurityFilterChain     : Will secure any request with [org.springframework.security.web.session.DisableEncodeUrlFilter@3038590d, org.springframework.security.web.context.request.async.WebAsyncManagerIntegrationFilter@78cfdb89, org.springframework.security.web.context.SecurityContextHolderFilter@5b721833, org.springframework.security.web.header.HeaderWriterFilter@37371a5e, org.springframework.web.filter.CorsFilter@5206a162, org.springframework.security.web.authentication.logout.LogoutFilter@5ea51d6c, org.springframework.security.web.authentication.UsernamePasswordAuthenticationFilter@4dbc0512, org.springframework.security.web.savedrequest.RequestCacheAwareFilter@40a3eb45, org.springframework.security.web.servletapi.SecurityContextHolderAwareRequestFilter@438cec53, org.springframework.security.web.authentication.AnonymousAuthenticationFilter@7078872, org.springframework.security.web.access.ExceptionTranslationFilter@2bbadae, org.springframework.security.web.access.intercept.AuthorizationFilter@5f62fbb8]
2024-03-19T08:40:06.296+09:00  INFO 5620 --- [sboard] [restartedMain] o.s.b.d.a.OptionalLiveReloadServer       : LiveReload server is running on port 35729
2024-03-19T08:40:06.321+09:00  INFO 5620 --- [sboard] [restartedMain] o.s.b.w.embedded.tomcat.TomcatWebServer  : Tomcat started on port 8080 (http) with context path '/sboard'
2024-03-19T08:40:06.327+09:00  INFO 5620 --- [sboard] [restartedMain] kr.co.sboard.SboardApplication           : Started SboardApplication in 3.435 seconds (process running for 3.791)
2024-03-19T08:40:57.804+09:00  INFO 5620 --- [sboard] [http-nio-8080-exec-2] o.a.c.c.C.[.[localhost].[/sboard]        : Initializing Spring DispatcherServlet 'dispatcherServlet'
2024-03-19T08:40:57.804+09:00  INFO 5620 --- [sboard] [http-nio-8080-exec-2] o.s.web.servlet.DispatcherServlet        : Initializing Servlet 'dispatcherServlet'
2024-03-19T08:40:57.805+09:00  INFO 5620 --- [sboard] [http-nio-8080-exec-2] o.s.web.servlet.DispatcherServlet        : Completed initialization in 1 ms
2024-03-19T08:41:03.882+09:00  WARN 5620 --- [sboard] [http-nio-8080-exec-9] n.n.u.t.e.ExpressionProcessor            : Fragment expression "/layout/userLayout.html" is being wrapped as a Thymeleaf 3 fragment expression (~{...}) for backwards compatibility purposes.  This wrapping will be dropped in the next major version of the expression processor, so please rewrite as a Thymeleaf 3 fragment expression to future-proof your code.  See https://github.com/thymeleaf/thymeleaf/issues/451 for more information.
2024-03-19T08:41:10.684+09:00  INFO 5620 --- [sboard] [http-nio-8080-exec-5] kr.co.sboard.controller.UserController   : count : 0
2024-03-19T08:46:14.750+09:00  INFO 5620 --- [sboard] [File Watcher] rtingClassPathChangeChangedEventListener : Restarting due to 16 class path changes (0 additions, 0 deletions, 16 modifications)
2024-03-19T08:46:14.774+09:00  INFO 5620 --- [sboard] [Thread-5] j.LocalContainerEntityManagerFactoryBean : Closing JPA EntityManagerFactory for persistence unit 'default'
2024-03-19T08:46:14.775+09:00  INFO 5620 --- [sboard] [Thread-5] com.zaxxer.hikari.HikariDataSource       : HikariPool-1 - Shutdown initiated...
2024-03-19T08:46:14.780+09:00  INFO 5620 --- [sboard] [Thread-5] com.zaxxer.hikari.HikariDataSource       : HikariPool-1 - Shutdown completed.
2024-03-19T08:46:14.832+09:00  INFO 5620 --- [sboard] [restartedMain] kr.co.sboard.SboardApplication           : Starting SboardApplication using Java 17.0.9 with PID 5620 (C:\Users\java\Desktop\Workspace\Spring\sboard\build\classes\java\main started by java in C:\Users\java\Desktop\Workspace\Spring\sboard)
2024-03-19T08:46:14.832+09:00  INFO 5620 --- [sboard] [restartedMain] kr.co.sboard.SboardApplication           : No active profile set, falling back to 1 default profile: "default"
2024-03-19T08:46:14.938+09:00  INFO 5620 --- [sboard] [restartedMain] .s.d.r.c.RepositoryConfigurationDelegate : Bootstrapping Spring Data JPA repositories in DEFAULT mode.
2024-03-19T08:46:14.941+09:00  INFO 5620 --- [sboard] [restartedMain] .s.d.r.c.RepositoryConfigurationDelegate : Finished Spring Data repository scanning in 3 ms. Found 1 JPA repository interface.
2024-03-19T08:46:15.004+09:00  INFO 5620 --- [sboard] [restartedMain] o.s.b.w.embedded.tomcat.TomcatWebServer  : Tomcat initialized with port 8080 (http)
2024-03-19T08:46:15.004+09:00  INFO 5620 --- [sboard] [restartedMain] o.apache.catalina.core.StandardService   : Starting service [Tomcat]
2024-03-19T08:46:15.004+09:00  INFO 5620 --- [sboard] [restartedMain] o.apache.catalina.core.StandardEngine    : Starting Servlet engine: [Apache Tomcat/10.1.19]
2024-03-19T08:46:15.021+09:00  INFO 5620 --- [sboard] [restartedMain] o.a.c.c.C.[.[localhost].[/sboard]        : Initializing Spring embedded WebApplicationContext
2024-03-19T08:46:15.022+09:00  INFO 5620 --- [sboard] [restartedMain] w.s.c.ServletWebServerApplicationContext : Root WebApplicationContext: initialization completed in 187 ms
2024-03-19T08:46:15.049+09:00  INFO 5620 --- [sboard] [restartedMain] o.hibernate.jpa.internal.util.LogHelper  : HHH000204: Processing PersistenceUnitInfo [name: default]
2024-03-19T08:46:15.051+09:00  INFO 5620 --- [sboard] [restartedMain] o.h.c.internal.RegionFactoryInitiator    : HHH000026: Second-level cache disabled
2024-03-19T08:46:15.055+09:00  INFO 5620 --- [sboard] [restartedMain] o.s.o.j.p.SpringPersistenceUnitInfo      : No LoadTimeWeaver setup: ignoring JPA class transformer
2024-03-19T08:46:15.056+09:00  INFO 5620 --- [sboard] [restartedMain] com.zaxxer.hikari.HikariDataSource       : HikariPool-2 - Starting...
2024-03-19T08:46:15.065+09:00  INFO 5620 --- [sboard] [restartedMain] com.zaxxer.hikari.pool.HikariPool        : HikariPool-2 - Added connection com.mysql.cj.jdbc.ConnectionImpl@74a1ed39
2024-03-19T08:46:15.065+09:00  INFO 5620 --- [sboard] [restartedMain] com.zaxxer.hikari.HikariDataSource       : HikariPool-2 - Start completed.
2024-03-19T08:46:15.066+09:00  WARN 5620 --- [sboard] [restartedMain] org.hibernate.orm.deprecation            : HHH90000025: MySQLDialect does not need to be specified explicitly using 'hibernate.dialect' (remove the property setting and it will be selected by default)
2024-03-19T08:46:15.091+09:00  INFO 5620 --- [sboard] [restartedMain] o.h.e.t.j.p.i.JtaPlatformInitiator       : HHH000489: No JTA platform available (set 'hibernate.transaction.jta.platform' to enable JTA platform integration)
2024-03-19T08:46:15.096+09:00  INFO 5620 --- [sboard] [restartedMain] j.LocalContainerEntityManagerFactoryBean : Initialized JPA EntityManagerFactory for persistence unit 'default'
2024-03-19T08:46:15.148+09:00  WARN 5620 --- [sboard] [restartedMain] JpaBaseConfiguration$JpaWebConfiguration : spring.jpa.open-in-view is enabled by default. Therefore, database queries may be performed during view rendering. Explicitly configure spring.jpa.open-in-view to disable this warning
2024-03-19T08:46:15.157+09:00  INFO 5620 --- [sboard] [restartedMain] o.s.b.a.w.s.WelcomePageHandlerMapping    : Adding welcome page template: index
2024-03-19T08:46:15.190+09:00  INFO 5620 --- [sboard] [restartedMain] o.s.s.web.DefaultSecurityFilterChain     : Will secure any request with [org.springframework.security.web.session.DisableEncodeUrlFilter@6a2218a4, org.springframework.security.web.context.request.async.WebAsyncManagerIntegrationFilter@363b1012, org.springframework.security.web.context.SecurityContextHolderFilter@4f7d08b5, org.springframework.security.web.header.HeaderWriterFilter@4d462c43, org.springframework.web.filter.CorsFilter@4625418a, org.springframework.security.web.authentication.logout.LogoutFilter@620d58c6, org.springframework.security.web.authentication.UsernamePasswordAuthenticationFilter@7f721bd, org.springframework.security.web.savedrequest.RequestCacheAwareFilter@4b0b1375, org.springframework.security.web.servletapi.SecurityContextHolderAwareRequestFilter@2a49fac0, org.springframework.security.web.authentication.AnonymousAuthenticationFilter@23ac6453, org.springframework.security.web.access.ExceptionTranslationFilter@1aff6b87, org.springframework.security.web.access.intercept.AuthorizationFilter@54e6314c]
2024-03-19T08:46:15.234+09:00  INFO 5620 --- [sboard] [restartedMain] o.s.b.d.a.OptionalLiveReloadServer       : LiveReload server is running on port 35729
2024-03-19T08:46:15.245+09:00  INFO 5620 --- [sboard] [restartedMain] o.s.b.w.embedded.tomcat.TomcatWebServer  : Tomcat started on port 8080 (http) with context path '/sboard'
2024-03-19T08:46:15.248+09:00  INFO 5620 --- [sboard] [restartedMain] kr.co.sboard.SboardApplication           : Started SboardApplication in 0.432 seconds (process running for 372.712)
2024-03-19T08:46:15.250+09:00  INFO 5620 --- [sboard] [restartedMain] .ConditionEvaluationDeltaLoggingListener : Condition evaluation unchanged
2024-03-19T08:46:16.664+09:00  INFO 5620 --- [sboard] [File Watcher] rtingClassPathChangeChangedEventListener : Restarting due to 16 class path changes (0 additions, 0 deletions, 16 modifications)
2024-03-19T08:46:16.674+09:00  INFO 5620 --- [sboard] [Thread-7] j.LocalContainerEntityManagerFactoryBean : Closing JPA EntityManagerFactory for persistence unit 'default'
2024-03-19T08:46:16.674+09:00  INFO 5620 --- [sboard] [Thread-7] com.zaxxer.hikari.HikariDataSource       : HikariPool-2 - Shutdown initiated...
2024-03-19T08:46:16.679+09:00  INFO 5620 --- [sboard] [Thread-7] com.zaxxer.hikari.HikariDataSource       : HikariPool-2 - Shutdown completed.
2024-03-19T08:46:16.729+09:00  INFO 5620 --- [sboard] [restartedMain] kr.co.sboard.SboardApplication           : Starting SboardApplication using Java 17.0.9 with PID 5620 (C:\Users\java\Desktop\Workspace\Spring\sboard\build\classes\java\main started by java in C:\Users\java\Desktop\Workspace\Spring\sboard)
2024-03-19T08:46:16.730+09:00  INFO 5620 --- [sboard] [restartedMain] kr.co.sboard.SboardApplication           : No active profile set, falling back to 1 default profile: "default"
2024-03-19T08:46:16.828+09:00  INFO 5620 --- [sboard] [restartedMain] .s.d.r.c.RepositoryConfigurationDelegate : Bootstrapping Spring Data JPA repositories in DEFAULT mode.
2024-03-19T08:46:16.832+09:00  INFO 5620 --- [sboard] [restartedMain] .s.d.r.c.RepositoryConfigurationDelegate : Finished Spring Data repository scanning in 3 ms. Found 1 JPA repository interface.
2024-03-19T08:46:16.885+09:00  INFO 5620 --- [sboard] [restartedMain] o.s.b.w.embedded.tomcat.TomcatWebServer  : Tomcat initialized with port 8080 (http)
2024-03-19T08:46:16.885+09:00  INFO 5620 --- [sboard] [restartedMain] o.apache.catalina.core.StandardService   : Starting service [Tomcat]
2024-03-19T08:46:16.885+09:00  INFO 5620 --- [sboard] [restartedMain] o.apache.catalina.core.StandardEngine    : Starting Servlet engine: [Apache Tomcat/10.1.19]
2024-03-19T08:46:16.894+09:00  INFO 5620 --- [sboard] [restartedMain] o.a.c.c.C.[.[localhost].[/sboard]        : Initializing Spring embedded WebApplicationContext
2024-03-19T08:46:16.894+09:00  INFO 5620 --- [sboard] [restartedMain] w.s.c.ServletWebServerApplicationContext : Root WebApplicationContext: initialization completed in 164 ms
2024-03-19T08:46:16.909+09:00  INFO 5620 --- [sboard] [restartedMain] o.hibernate.jpa.internal.util.LogHelper  : HHH000204: Processing PersistenceUnitInfo [name: default]
2024-03-19T08:46:16.911+09:00  INFO 5620 --- [sboard] [restartedMain] o.h.c.internal.RegionFactoryInitiator    : HHH000026: Second-level cache disabled
2024-03-19T08:46:16.914+09:00  INFO 5620 --- [sboard] [restartedMain] o.s.o.j.p.SpringPersistenceUnitInfo      : No LoadTimeWeaver setup: ignoring JPA class transformer
2024-03-19T08:46:16.914+09:00  INFO 5620 --- [sboard] [restartedMain] com.zaxxer.hikari.HikariDataSource       : HikariPool-3 - Starting...
2024-03-19T08:46:16.921+09:00  INFO 5620 --- [sboard] [restartedMain] com.zaxxer.hikari.pool.HikariPool        : HikariPool-3 - Added connection com.mysql.cj.jdbc.ConnectionImpl@2d3af721
2024-03-19T08:46:16.921+09:00  INFO 5620 --- [sboard] [restartedMain] com.zaxxer.hikari.HikariDataSource       : HikariPool-3 - Start completed.
2024-03-19T08:46:16.922+09:00  WARN 5620 --- [sboard] [restartedMain] org.hibernate.orm.deprecation            : HHH90000025: MySQLDialect does not need to be specified explicitly using 'hibernate.dialect' (remove the property setting and it will be selected by default)
2024-03-19T08:46:16.939+09:00  INFO 5620 --- [sboard] [restartedMain] o.h.e.t.j.p.i.JtaPlatformInitiator       : HHH000489: No JTA platform available (set 'hibernate.transaction.jta.platform' to enable JTA platform integration)
2024-03-19T08:46:16.943+09:00  INFO 5620 --- [sboard] [restartedMain] j.LocalContainerEntityManagerFactoryBean : Initialized JPA EntityManagerFactory for persistence unit 'default'
2024-03-19T08:46:16.981+09:00  WARN 5620 --- [sboard] [restartedMain] JpaBaseConfiguration$JpaWebConfiguration : spring.jpa.open-in-view is enabled by default. Therefore, database queries may be performed during view rendering. Explicitly configure spring.jpa.open-in-view to disable this warning
2024-03-19T08:46:16.988+09:00  INFO 5620 --- [sboard] [restartedMain] o.s.b.a.w.s.WelcomePageHandlerMapping    : Adding welcome page template: index
2024-03-19T08:46:17.012+09:00  INFO 5620 --- [sboard] [restartedMain] o.s.s.web.DefaultSecurityFilterChain     : Will secure any request with [org.springframework.security.web.session.DisableEncodeUrlFilter@73e2b0d7, org.springframework.security.web.context.request.async.WebAsyncManagerIntegrationFilter@2b1dcc87, org.springframework.security.web.context.SecurityContextHolderFilter@14993db9, org.springframework.security.web.header.HeaderWriterFilter@2ecb004c, org.springframework.web.filter.CorsFilter@1d2fa055, org.springframework.security.web.authentication.logout.LogoutFilter@6774f560, org.springframework.security.web.authentication.UsernamePasswordAuthenticationFilter@384c0d69, org.springframework.security.web.savedrequest.RequestCacheAwareFilter@1a78b3f4, org.springframework.security.web.servletapi.SecurityContextHolderAwareRequestFilter@4c62d3d7, org.springframework.security.web.authentication.AnonymousAuthenticationFilter@42eccbb9, org.springframework.security.web.access.ExceptionTranslationFilter@4372b7c3, org.springframework.security.web.access.intercept.AuthorizationFilter@33fd9c3d]
2024-03-19T08:46:17.035+09:00  INFO 5620 --- [sboard] [restartedMain] o.s.b.d.a.OptionalLiveReloadServer       : LiveReload server is running on port 35729
2024-03-19T08:46:17.040+09:00  INFO 5620 --- [sboard] [restartedMain] o.s.b.w.embedded.tomcat.TomcatWebServer  : Tomcat started on port 8080 (http) with context path '/sboard'
2024-03-19T08:46:17.042+09:00  INFO 5620 --- [sboard] [restartedMain] kr.co.sboard.SboardApplication           : Started SboardApplication in 0.326 seconds (process running for 374.506)
2024-03-19T08:46:17.043+09:00  INFO 5620 --- [sboard] [restartedMain] .ConditionEvaluationDeltaLoggingListener : Condition evaluation unchanged
2024-03-19T08:47:16.661+09:00  INFO 5620 --- [sboard] [File Watcher] rtingClassPathChangeChangedEventListener : Restarting due to 16 class path changes (0 additions, 0 deletions, 16 modifications)
2024-03-19T08:47:16.684+09:00  INFO 5620 --- [sboard] [Thread-11] j.LocalContainerEntityManagerFactoryBean : Closing JPA EntityManagerFactory for persistence unit 'default'
2024-03-19T08:47:16.685+09:00  INFO 5620 --- [sboard] [Thread-11] com.zaxxer.hikari.HikariDataSource       : HikariPool-3 - Shutdown initiated...
2024-03-19T08:47:16.688+09:00  INFO 5620 --- [sboard] [Thread-11] com.zaxxer.hikari.HikariDataSource       : HikariPool-3 - Shutdown completed.
2024-03-19T08:47:16.736+09:00  INFO 5620 --- [sboard] [restartedMain] kr.co.sboard.SboardApplication           : Starting SboardApplication using Java 17.0.9 with PID 5620 (C:\Users\java\Desktop\Workspace\Spring\sboard\build\classes\java\main started by java in C:\Users\java\Desktop\Workspace\Spring\sboard)
2024-03-19T08:47:16.736+09:00  INFO 5620 --- [sboard] [restartedMain] kr.co.sboard.SboardApplication           : No active profile set, falling back to 1 default profile: "default"
2024-03-19T08:47:16.826+09:00  INFO 5620 --- [sboard] [restartedMain] .s.d.r.c.RepositoryConfigurationDelegate : Bootstrapping Spring Data JPA repositories in DEFAULT mode.
2024-03-19T08:47:16.830+09:00  INFO 5620 --- [sboard] [restartedMain] .s.d.r.c.RepositoryConfigurationDelegate : Finished Spring Data repository scanning in 3 ms. Found 1 JPA repository interface.
2024-03-19T08:47:16.889+09:00  INFO 5620 --- [sboard] [restartedMain] o.s.b.w.embedded.tomcat.TomcatWebServer  : Tomcat initialized with port 8080 (http)
2024-03-19T08:47:16.890+09:00  INFO 5620 --- [sboard] [restartedMain] o.apache.catalina.core.StandardService   : Starting service [Tomcat]
2024-03-19T08:47:16.890+09:00  INFO 5620 --- [sboard] [restartedMain] o.apache.catalina.core.StandardEngine    : Starting Servlet engine: [Apache Tomcat/10.1.19]
2024-03-19T08:47:16.900+09:00  INFO 5620 --- [sboard] [restartedMain] o.a.c.c.C.[.[localhost].[/sboard]        : Initializing Spring embedded WebApplicationContext
2024-03-19T08:47:16.901+09:00  INFO 5620 --- [sboard] [restartedMain] w.s.c.ServletWebServerApplicationContext : Root WebApplicationContext: initialization completed in 164 ms
2024-03-19T08:47:16.919+09:00  INFO 5620 --- [sboard] [restartedMain] o.hibernate.jpa.internal.util.LogHelper  : HHH000204: Processing PersistenceUnitInfo [name: default]
2024-03-19T08:47:16.921+09:00  INFO 5620 --- [sboard] [restartedMain] o.h.c.internal.RegionFactoryInitiator    : HHH000026: Second-level cache disabled
2024-03-19T08:47:16.924+09:00  INFO 5620 --- [sboard] [restartedMain] o.s.o.j.p.SpringPersistenceUnitInfo      : No LoadTimeWeaver setup: ignoring JPA class transformer
2024-03-19T08:47:16.925+09:00  INFO 5620 --- [sboard] [restartedMain] com.zaxxer.hikari.HikariDataSource       : HikariPool-4 - Starting...
2024-03-19T08:47:16.930+09:00  INFO 5620 --- [sboard] [restartedMain] com.zaxxer.hikari.pool.HikariPool        : HikariPool-4 - Added connection com.mysql.cj.jdbc.ConnectionImpl@d7a0327
2024-03-19T08:47:16.931+09:00  INFO 5620 --- [sboard] [restartedMain] com.zaxxer.hikari.HikariDataSource       : HikariPool-4 - Start completed.
2024-03-19T08:47:16.931+09:00  WARN 5620 --- [sboard] [restartedMain] org.hibernate.orm.deprecation            : HHH90000025: MySQLDialect does not need to be specified explicitly using 'hibernate.dialect' (remove the property setting and it will be selected by default)
2024-03-19T08:47:16.948+09:00  INFO 5620 --- [sboard] [restartedMain] o.h.e.t.j.p.i.JtaPlatformInitiator       : HHH000489: No JTA platform available (set 'hibernate.transaction.jta.platform' to enable JTA platform integration)
2024-03-19T08:47:16.952+09:00  INFO 5620 --- [sboard] [restartedMain] j.LocalContainerEntityManagerFactoryBean : Initialized JPA EntityManagerFactory for persistence unit 'default'
2024-03-19T08:47:16.987+09:00  WARN 5620 --- [sboard] [restartedMain] JpaBaseConfiguration$JpaWebConfiguration : spring.jpa.open-in-view is enabled by default. Therefore, database queries may be performed during view rendering. Explicitly configure spring.jpa.open-in-view to disable this warning
2024-03-19T08:47:16.996+09:00  INFO 5620 --- [sboard] [restartedMain] o.s.b.a.w.s.WelcomePageHandlerMapping    : Adding welcome page template: index
2024-03-19T08:47:17.018+09:00  INFO 5620 --- [sboard] [restartedMain] o.s.s.web.DefaultSecurityFilterChain     : Will secure any request with [org.springframework.security.web.session.DisableEncodeUrlFilter@69a212b3, org.springframework.security.web.context.request.async.WebAsyncManagerIntegrationFilter@4ae18dfb, org.springframework.security.web.context.SecurityContextHolderFilter@18620481, org.springframework.security.web.header.HeaderWriterFilter@70236530, org.springframework.web.filter.CorsFilter@40871722, org.springframework.security.web.authentication.logout.LogoutFilter@598ae274, org.springframework.security.web.authentication.UsernamePasswordAuthenticationFilter@3f4129e, org.springframework.security.web.savedrequest.RequestCacheAwareFilter@19587f84, org.springframework.security.web.servletapi.SecurityContextHolderAwareRequestFilter@3a254a40, org.springframework.security.web.authentication.AnonymousAuthenticationFilter@9504c9c, org.springframework.security.web.access.ExceptionTranslationFilter@555ed007, org.springframework.security.web.access.intercept.AuthorizationFilter@6735d563]
2024-03-19T08:47:17.041+09:00  INFO 5620 --- [sboard] [restartedMain] o.s.b.d.a.OptionalLiveReloadServer       : LiveReload server is running on port 35729
2024-03-19T08:47:17.048+09:00  INFO 5620 --- [sboard] [restartedMain] o.s.b.w.embedded.tomcat.TomcatWebServer  : Tomcat started on port 8080 (http) with context path '/sboard'
2024-03-19T08:47:17.051+09:00  INFO 5620 --- [sboard] [restartedMain] kr.co.sboard.SboardApplication           : Started SboardApplication in 0.327 seconds (process running for 434.514)
2024-03-19T08:47:17.052+09:00  INFO 5620 --- [sboard] [restartedMain] .ConditionEvaluationDeltaLoggingListener : Condition evaluation unchanged
2024-03-19T08:52:22.424+09:00  INFO 5620 --- [sboard] [http-nio-8080-exec-2] o.a.c.c.C.[.[localhost].[/sboard]        : Initializing Spring DispatcherServlet 'dispatcherServlet'
2024-03-19T08:52:22.425+09:00  INFO 5620 --- [sboard] [http-nio-8080-exec-2] o.s.web.servlet.DispatcherServlet        : Initializing Servlet 'dispatcherServlet'
2024-03-19T08:52:22.426+09:00  INFO 5620 --- [sboard] [http-nio-8080-exec-2] o.s.web.servlet.DispatcherServlet        : Completed initialization in 1 ms
2024-03-19T08:52:23.854+09:00  INFO 5620 --- [sboard] [File Watcher] rtingClassPathChangeChangedEventListener : Restarting due to 16 class path changes (0 additions, 0 deletions, 16 modifications)
2024-03-19T08:52:23.865+09:00  INFO 5620 --- [sboard] [Thread-15] j.LocalContainerEntityManagerFactoryBean : Closing JPA EntityManagerFactory for persistence unit 'default'
2024-03-19T08:52:23.865+09:00  INFO 5620 --- [sboard] [Thread-15] com.zaxxer.hikari.HikariDataSource       : HikariPool-4 - Shutdown initiated...
2024-03-19T08:52:23.867+09:00  INFO 5620 --- [sboard] [Thread-15] com.zaxxer.hikari.HikariDataSource       : HikariPool-4 - Shutdown completed.
2024-03-19T08:52:23.913+09:00  INFO 5620 --- [sboard] [restartedMain] kr.co.sboard.SboardApplication           : Starting SboardApplication using Java 17.0.9 with PID 5620 (C:\Users\java\Desktop\Workspace\Spring\sboard\build\classes\java\main started by java in C:\Users\java\Desktop\Workspace\Spring\sboard)
2024-03-19T08:52:23.913+09:00  INFO 5620 --- [sboard] [restartedMain] kr.co.sboard.SboardApplication           : No active profile set, falling back to 1 default profile: "default"
2024-03-19T08:52:24.011+09:00  INFO 5620 --- [sboard] [restartedMain] .s.d.r.c.RepositoryConfigurationDelegate : Bootstrapping Spring Data JPA repositories in DEFAULT mode.
2024-03-19T08:52:24.015+09:00  INFO 5620 --- [sboard] [restartedMain] .s.d.r.c.RepositoryConfigurationDelegate : Finished Spring Data repository scanning in 3 ms. Found 1 JPA repository interface.
2024-03-19T08:52:24.066+09:00  INFO 5620 --- [sboard] [restartedMain] o.s.b.w.embedded.tomcat.TomcatWebServer  : Tomcat initialized with port 8080 (http)
2024-03-19T08:52:24.067+09:00  INFO 5620 --- [sboard] [restartedMain] o.apache.catalina.core.StandardService   : Starting service [Tomcat]
2024-03-19T08:52:24.067+09:00  INFO 5620 --- [sboard] [restartedMain] o.apache.catalina.core.StandardEngine    : Starting Servlet engine: [Apache Tomcat/10.1.19]
2024-03-19T08:52:24.078+09:00  INFO 5620 --- [sboard] [restartedMain] o.a.c.c.C.[.[localhost].[/sboard]        : Initializing Spring embedded WebApplicationContext
2024-03-19T08:52:24.078+09:00  INFO 5620 --- [sboard] [restartedMain] w.s.c.ServletWebServerApplicationContext : Root WebApplicationContext: initialization completed in 161 ms
2024-03-19T08:52:24.098+09:00  INFO 5620 --- [sboard] [restartedMain] o.hibernate.jpa.internal.util.LogHelper  : HHH000204: Processing PersistenceUnitInfo [name: default]
2024-03-19T08:52:24.100+09:00  INFO 5620 --- [sboard] [restartedMain] o.h.c.internal.RegionFactoryInitiator    : HHH000026: Second-level cache disabled
2024-03-19T08:52:24.103+09:00  INFO 5620 --- [sboard] [restartedMain] o.s.o.j.p.SpringPersistenceUnitInfo      : No LoadTimeWeaver setup: ignoring JPA class transformer
2024-03-19T08:52:24.104+09:00  INFO 5620 --- [sboard] [restartedMain] com.zaxxer.hikari.HikariDataSource       : HikariPool-5 - Starting...
2024-03-19T08:52:24.110+09:00  INFO 5620 --- [sboard] [restartedMain] com.zaxxer.hikari.pool.HikariPool        : HikariPool-5 - Added connection com.mysql.cj.jdbc.ConnectionImpl@578e8807
2024-03-19T08:52:24.110+09:00  INFO 5620 --- [sboard] [restartedMain] com.zaxxer.hikari.HikariDataSource       : HikariPool-5 - Start completed.
2024-03-19T08:52:24.111+09:00  WARN 5620 --- [sboard] [restartedMain] org.hibernate.orm.deprecation            : HHH90000025: MySQLDialect does not need to be specified explicitly using 'hibernate.dialect' (remove the property setting and it will be selected by default)
2024-03-19T08:52:24.130+09:00  INFO 5620 --- [sboard] [restartedMain] o.h.e.t.j.p.i.JtaPlatformInitiator       : HHH000489: No JTA platform available (set 'hibernate.transaction.jta.platform' to enable JTA platform integration)
2024-03-19T08:52:24.134+09:00  INFO 5620 --- [sboard] [restartedMain] j.LocalContainerEntityManagerFactoryBean : Initialized JPA EntityManagerFactory for persistence unit 'default'
2024-03-19T08:52:24.173+09:00  WARN 5620 --- [sboard] [restartedMain] JpaBaseConfiguration$JpaWebConfiguration : spring.jpa.open-in-view is enabled by default. Therefore, database queries may be performed during view rendering. Explicitly configure spring.jpa.open-in-view to disable this warning
2024-03-19T08:52:24.182+09:00  INFO 5620 --- [sboard] [restartedMain] o.s.b.a.w.s.WelcomePageHandlerMapping    : Adding welcome page template: index
2024-03-19T08:52:24.205+09:00  INFO 5620 --- [sboard] [restartedMain] o.s.s.web.DefaultSecurityFilterChain     : Will secure any request with [org.springframework.security.web.session.DisableEncodeUrlFilter@3e8b422a, org.springframework.security.web.context.request.async.WebAsyncManagerIntegrationFilter@7fb82c49, org.springframework.security.web.context.SecurityContextHolderFilter@ed1cd92, org.springframework.security.web.header.HeaderWriterFilter@7351280c, org.springframework.web.filter.CorsFilter@79909b54, org.springframework.security.web.authentication.logout.LogoutFilter@3b497f93, org.springframework.security.web.authentication.UsernamePasswordAuthenticationFilter@26942882, org.springframework.security.web.savedrequest.RequestCacheAwareFilter@3ebb8027, org.springframework.security.web.servletapi.SecurityContextHolderAwareRequestFilter@2347d0e8, org.springframework.security.web.authentication.AnonymousAuthenticationFilter@25fdc038, org.springframework.security.web.access.ExceptionTranslationFilter@1bd0d63e, org.springframework.security.web.access.intercept.AuthorizationFilter@39dcadab]
2024-03-19T08:52:24.234+09:00  INFO 5620 --- [sboard] [restartedMain] o.s.b.d.a.OptionalLiveReloadServer       : LiveReload server is running on port 35729
2024-03-19T08:52:24.244+09:00  INFO 5620 --- [sboard] [restartedMain] o.s.b.w.embedded.tomcat.TomcatWebServer  : Tomcat started on port 8080 (http) with context path '/sboard'
2024-03-19T08:52:24.246+09:00  INFO 5620 --- [sboard] [restartedMain] kr.co.sboard.SboardApplication           : Started SboardApplication in 0.347 seconds (process running for 741.71)
2024-03-19T08:52:24.247+09:00  INFO 5620 --- [sboard] [restartedMain] .ConditionEvaluationDeltaLoggingListener : Condition evaluation unchanged
2024-03-19T08:57:02.144+09:00  INFO 5620 --- [sboard] [File Watcher] rtingClassPathChangeChangedEventListener : Restarting due to 16 class path changes (0 additions, 0 deletions, 16 modifications)
2024-03-19T08:57:02.153+09:00  INFO 5620 --- [sboard] [Thread-19] j.LocalContainerEntityManagerFactoryBean : Closing JPA EntityManagerFactory for persistence unit 'default'
2024-03-19T08:57:02.154+09:00  INFO 5620 --- [sboard] [Thread-19] com.zaxxer.hikari.HikariDataSource       : HikariPool-5 - Shutdown initiated...
2024-03-19T08:57:02.155+09:00  INFO 5620 --- [sboard] [Thread-19] com.zaxxer.hikari.HikariDataSource       : HikariPool-5 - Shutdown completed.
2024-03-19T08:57:02.197+09:00  INFO 5620 --- [sboard] [restartedMain] kr.co.sboard.SboardApplication           : Starting SboardApplication using Java 17.0.9 with PID 5620 (C:\Users\java\Desktop\Workspace\Spring\sboard\build\classes\java\main started by java in C:\Users\java\Desktop\Workspace\Spring\sboard)
2024-03-19T08:57:02.197+09:00  INFO 5620 --- [sboard] [restartedMain] kr.co.sboard.SboardApplication           : No active profile set, falling back to 1 default profile: "default"
2024-03-19T08:57:02.286+09:00  INFO 5620 --- [sboard] [restartedMain] .s.d.r.c.RepositoryConfigurationDelegate : Bootstrapping Spring Data JPA repositories in DEFAULT mode.
2024-03-19T08:57:02.289+09:00  INFO 5620 --- [sboard] [restartedMain] .s.d.r.c.RepositoryConfigurationDelegate : Finished Spring Data repository scanning in 3 ms. Found 1 JPA repository interface.
2024-03-19T08:57:02.333+09:00  INFO 5620 --- [sboard] [restartedMain] o.s.b.w.embedded.tomcat.TomcatWebServer  : Tomcat initialized with port 8080 (http)
2024-03-19T08:57:02.334+09:00  INFO 5620 --- [sboard] [restartedMain] o.apache.catalina.core.StandardService   : Starting service [Tomcat]
2024-03-19T08:57:02.334+09:00  INFO 5620 --- [sboard] [restartedMain] o.apache.catalina.core.StandardEngine    : Starting Servlet engine: [Apache Tomcat/10.1.19]
2024-03-19T08:57:02.342+09:00  INFO 5620 --- [sboard] [restartedMain] o.a.c.c.C.[.[localhost].[/sboard]        : Initializing Spring embedded WebApplicationContext
2024-03-19T08:57:02.342+09:00  INFO 5620 --- [sboard] [restartedMain] w.s.c.ServletWebServerApplicationContext : Root WebApplicationContext: initialization completed in 144 ms
2024-03-19T08:57:02.358+09:00  INFO 5620 --- [sboard] [restartedMain] o.hibernate.jpa.internal.util.LogHelper  : HHH000204: Processing PersistenceUnitInfo [name: default]
2024-03-19T08:57:02.359+09:00  INFO 5620 --- [sboard] [restartedMain] o.h.c.internal.RegionFactoryInitiator    : HHH000026: Second-level cache disabled
2024-03-19T08:57:02.362+09:00  INFO 5620 --- [sboard] [restartedMain] o.s.o.j.p.SpringPersistenceUnitInfo      : No LoadTimeWeaver setup: ignoring JPA class transformer
2024-03-19T08:57:02.363+09:00  INFO 5620 --- [sboard] [restartedMain] com.zaxxer.hikari.HikariDataSource       : HikariPool-6 - Starting...
2024-03-19T08:57:02.368+09:00  INFO 5620 --- [sboard] [restartedMain] com.zaxxer.hikari.pool.HikariPool        : HikariPool-6 - Added connection com.mysql.cj.jdbc.ConnectionImpl@622828ac
2024-03-19T08:57:02.369+09:00  INFO 5620 --- [sboard] [restartedMain] com.zaxxer.hikari.HikariDataSource       : HikariPool-6 - Start completed.
2024-03-19T08:57:02.369+09:00  WARN 5620 --- [sboard] [restartedMain] org.hibernate.orm.deprecation            : HHH90000025: MySQLDialect does not need to be specified explicitly using 'hibernate.dialect' (remove the property setting and it will be selected by default)
2024-03-19T08:57:02.387+09:00  INFO 5620 --- [sboard] [restartedMain] o.h.e.t.j.p.i.JtaPlatformInitiator       : HHH000489: No JTA platform available (set 'hibernate.transaction.jta.platform' to enable JTA platform integration)
2024-03-19T08:57:02.392+09:00  INFO 5620 --- [sboard] [restartedMain] j.LocalContainerEntityManagerFactoryBean : Initialized JPA EntityManagerFactory for persistence unit 'default'
2024-03-19T08:57:02.426+09:00  WARN 5620 --- [sboard] [restartedMain] JpaBaseConfiguration$JpaWebConfiguration : spring.jpa.open-in-view is enabled by default. Therefore, database queries may be performed during view rendering. Explicitly configure spring.jpa.open-in-view to disable this warning
2024-03-19T08:57:02.432+09:00  INFO 5620 --- [sboard] [restartedMain] o.s.b.a.w.s.WelcomePageHandlerMapping    : Adding welcome page template: index
2024-03-19T08:57:02.453+09:00  INFO 5620 --- [sboard] [restartedMain] o.s.s.web.DefaultSecurityFilterChain     : Will secure any request with [org.springframework.security.web.session.DisableEncodeUrlFilter@3f8125df, org.springframework.security.web.context.request.async.WebAsyncManagerIntegrationFilter@7b03c01e, org.springframework.security.web.context.SecurityContextHolderFilter@4188617, org.springframework.security.web.header.HeaderWriterFilter@2c5e58f2, org.springframework.web.filter.CorsFilter@531b8350, org.springframework.security.web.authentication.logout.LogoutFilter@4a3c29cd, org.springframework.security.web.authentication.UsernamePasswordAuthenticationFilter@70a68c15, org.springframework.security.web.savedrequest.RequestCacheAwareFilter@3e008403, org.springframework.security.web.servletapi.SecurityContextHolderAwareRequestFilter@54136506, org.springframework.security.web.authentication.AnonymousAuthenticationFilter@7b1a3af, org.springframework.security.web.access.ExceptionTranslationFilter@50075fca, org.springframework.security.web.access.intercept.AuthorizationFilter@14d814c8]
2024-03-19T08:57:02.476+09:00  INFO 5620 --- [sboard] [restartedMain] o.s.b.d.a.OptionalLiveReloadServer       : LiveReload server is running on port 35729
2024-03-19T08:57:02.482+09:00  INFO 5620 --- [sboard] [restartedMain] o.s.b.w.embedded.tomcat.TomcatWebServer  : Tomcat started on port 8080 (http) with context path '/sboard'
2024-03-19T08:57:02.484+09:00  INFO 5620 --- [sboard] [restartedMain] kr.co.sboard.SboardApplication           : Started SboardApplication in 0.299 seconds (process running for 1019.948)
2024-03-19T08:57:02.485+09:00  INFO 5620 --- [sboard] [restartedMain] .ConditionEvaluationDeltaLoggingListener : Condition evaluation unchanged
2024-03-19T08:59:23.109+09:00  INFO 5620 --- [sboard] [File Watcher] rtingClassPathChangeChangedEventListener : Restarting due to 16 class path changes (0 additions, 0 deletions, 16 modifications)
2024-03-19T08:59:23.130+09:00  INFO 5620 --- [sboard] [Thread-23] j.LocalContainerEntityManagerFactoryBean : Closing JPA EntityManagerFactory for persistence unit 'default'
2024-03-19T08:59:23.130+09:00  INFO 5620 --- [sboard] [Thread-23] com.zaxxer.hikari.HikariDataSource       : HikariPool-6 - Shutdown initiated...
2024-03-19T08:59:23.134+09:00  INFO 5620 --- [sboard] [Thread-23] com.zaxxer.hikari.HikariDataSource       : HikariPool-6 - Shutdown completed.
2024-03-19T08:59:23.180+09:00  INFO 5620 --- [sboard] [restartedMain] kr.co.sboard.SboardApplication           : Starting SboardApplication using Java 17.0.9 with PID 5620 (C:\Users\java\Desktop\Workspace\Spring\sboard\build\classes\java\main started by java in C:\Users\java\Desktop\Workspace\Spring\sboard)
2024-03-19T08:59:23.180+09:00  INFO 5620 --- [sboard] [restartedMain] kr.co.sboard.SboardApplication           : No active profile set, falling back to 1 default profile: "default"
2024-03-19T08:59:23.277+09:00  INFO 5620 --- [sboard] [restartedMain] .s.d.r.c.RepositoryConfigurationDelegate : Bootstrapping Spring Data JPA repositories in DEFAULT mode.
2024-03-19T08:59:23.280+09:00  INFO 5620 --- [sboard] [restartedMain] .s.d.r.c.RepositoryConfigurationDelegate : Finished Spring Data repository scanning in 3 ms. Found 1 JPA repository interface.
2024-03-19T08:59:23.333+09:00  INFO 5620 --- [sboard] [restartedMain] o.s.b.w.embedded.tomcat.TomcatWebServer  : Tomcat initialized with port 8080 (http)
2024-03-19T08:59:23.333+09:00  INFO 5620 --- [sboard] [restartedMain] o.apache.catalina.core.StandardService   : Starting service [Tomcat]
2024-03-19T08:59:23.333+09:00  INFO 5620 --- [sboard] [restartedMain] o.apache.catalina.core.StandardEngine    : Starting Servlet engine: [Apache Tomcat/10.1.19]
2024-03-19T08:59:23.342+09:00  INFO 5620 --- [sboard] [restartedMain] o.a.c.c.C.[.[localhost].[/sboard]        : Initializing Spring embedded WebApplicationContext
2024-03-19T08:59:23.342+09:00  INFO 5620 --- [sboard] [restartedMain] w.s.c.ServletWebServerApplicationContext : Root WebApplicationContext: initialization completed in 159 ms
2024-03-19T08:59:23.358+09:00  INFO 5620 --- [sboard] [restartedMain] o.hibernate.jpa.internal.util.LogHelper  : HHH000204: Processing PersistenceUnitInfo [name: default]
2024-03-19T08:59:23.363+09:00  INFO 5620 --- [sboard] [restartedMain] o.h.c.internal.RegionFactoryInitiator    : HHH000026: Second-level cache disabled
2024-03-19T08:59:23.366+09:00  INFO 5620 --- [sboard] [restartedMain] o.s.o.j.p.SpringPersistenceUnitInfo      : No LoadTimeWeaver setup: ignoring JPA class transformer
2024-03-19T08:59:23.366+09:00  INFO 5620 --- [sboard] [restartedMain] com.zaxxer.hikari.HikariDataSource       : HikariPool-7 - Starting...
2024-03-19T08:59:23.373+09:00  INFO 5620 --- [sboard] [restartedMain] com.zaxxer.hikari.pool.HikariPool        : HikariPool-7 - Added connection com.mysql.cj.jdbc.ConnectionImpl@13a2b9ef
2024-03-19T08:59:23.373+09:00  INFO 5620 --- [sboard] [restartedMain] com.zaxxer.hikari.HikariDataSource       : HikariPool-7 - Start completed.
2024-03-19T08:59:23.374+09:00  WARN 5620 --- [sboard] [restartedMain] org.hibernate.orm.deprecation            : HHH90000025: MySQLDialect does not need to be specified explicitly using 'hibernate.dialect' (remove the property setting and it will be selected by default)
2024-03-19T08:59:23.390+09:00  INFO 5620 --- [sboard] [restartedMain] o.h.e.t.j.p.i.JtaPlatformInitiator       : HHH000489: No JTA platform available (set 'hibernate.transaction.jta.platform' to enable JTA platform integration)
2024-03-19T08:59:23.394+09:00  INFO 5620 --- [sboard] [restartedMain] j.LocalContainerEntityManagerFactoryBean : Initialized JPA EntityManagerFactory for persistence unit 'default'
2024-03-19T08:59:23.431+09:00  WARN 5620 --- [sboard] [restartedMain] JpaBaseConfiguration$JpaWebConfiguration : spring.jpa.open-in-view is enabled by default. Therefore, database queries may be performed during view rendering. Explicitly configure spring.jpa.open-in-view to disable this warning
2024-03-19T08:59:23.439+09:00  INFO 5620 --- [sboard] [restartedMain] o.s.b.a.w.s.WelcomePageHandlerMapping    : Adding welcome page template: index
2024-03-19T08:59:23.462+09:00  INFO 5620 --- [sboard] [restartedMain] o.s.s.web.DefaultSecurityFilterChain     : Will secure any request with [org.springframework.security.web.session.DisableEncodeUrlFilter@f3c69cc, org.springframework.security.web.context.request.async.WebAsyncManagerIntegrationFilter@50f73824, org.springframework.security.web.context.SecurityContextHolderFilter@688d61a5, org.springframework.security.web.header.HeaderWriterFilter@22841302, org.springframework.web.filter.CorsFilter@7136e283, org.springframework.security.web.authentication.logout.LogoutFilter@39ef4588, org.springframework.security.web.authentication.UsernamePasswordAuthenticationFilter@3b7a3191, org.springframework.security.web.savedrequest.RequestCacheAwareFilter@3c91bc67, org.springframework.security.web.servletapi.SecurityContextHolderAwareRequestFilter@93174d0, org.springframework.security.web.authentication.AnonymousAuthenticationFilter@15a0a45f, org.springframework.security.web.access.ExceptionTranslationFilter@240222ff, org.springframework.security.web.access.intercept.AuthorizationFilter@65a02a50]
2024-03-19T08:59:23.493+09:00  INFO 5620 --- [sboard] [restartedMain] o.s.b.d.a.OptionalLiveReloadServer       : LiveReload server is running on port 35729
2024-03-19T08:59:23.499+09:00  INFO 5620 --- [sboard] [restartedMain] o.s.b.w.embedded.tomcat.TomcatWebServer  : Tomcat started on port 8080 (http) with context path '/sboard'
2024-03-19T08:59:23.501+09:00  INFO 5620 --- [sboard] [restartedMain] kr.co.sboard.SboardApplication           : Started SboardApplication in 0.335 seconds (process running for 1160.965)
2024-03-19T08:59:23.501+09:00  INFO 5620 --- [sboard] [restartedMain] .ConditionEvaluationDeltaLoggingListener : Condition evaluation unchanged
2024-03-19T08:59:23.824+09:00  INFO 5620 --- [sboard] [http-nio-8080-exec-1] o.a.c.c.C.[.[localhost].[/sboard]        : Initializing Spring DispatcherServlet 'dispatcherServlet'
2024-03-19T08:59:23.824+09:00  INFO 5620 --- [sboard] [http-nio-8080-exec-1] o.s.web.servlet.DispatcherServlet        : Initializing Servlet 'dispatcherServlet'
2024-03-19T08:59:23.825+09:00  INFO 5620 --- [sboard] [http-nio-8080-exec-1] o.s.web.servlet.DispatcherServlet        : Completed initialization in 1 ms
2024-03-19T08:59:29.950+09:00  INFO 5620 --- [sboard] [http-nio-8080-exec-3] kr.co.sboard.controller.UserController   : count : 0
2024-03-19T08:59:55.911+09:00  INFO 5620 --- [sboard] [http-nio-8080-exec-4] kr.co.sboard.controller.UserController   : count : 0
2024-03-19T09:00:01.924+09:00  INFO 5620 --- [sboard] [http-nio-8080-exec-5] kr.co.sboard.controller.UserController   : count : 0
2024-03-19T09:00:23.417+09:00  INFO 5620 --- [sboard] [http-nio-8080-exec-6] kr.co.sboard.controller.UserController   : UserDTO(uid=a10122, pass=!q2w3e4r, name=홍길동, nick=길동a10122, email=honga1022@naver.com, hp=010-2122-0043, role=null, zip=, addr1=null, addr2=null, regip=0:0:0:0:0:0:0:1, sms=null, regDate=null, leaveDate=null)
2024-03-19T09:09:04.435+09:00  INFO 5620 --- [sboard] [http-nio-8080-exec-4] kr.co.sboard.controller.UserController   : count : 0
2024-03-19T09:09:08.781+09:00  INFO 5620 --- [sboard] [http-nio-8080-exec-5] kr.co.sboard.controller.UserController   : count : 0
