2025-03-13T12:01:44.520+09:00  INFO 10812 --- [ch06] [restartedMain] kr.co.ch06.Ch06Application               : Starting Ch06Application using Java 17.0.12 with PID 10812 (C:\Users\lotte6\Desktop\workspace\Spring\ch06\build\classes\java\main started by lotte6 in C:\Users\lotte6\Desktop\workspace\Spring\ch06)
2025-03-13T12:01:44.521+09:00  INFO 10812 --- [ch06] [restartedMain] kr.co.ch06.Ch06Application               : No active profile set, falling back to 1 default profile: "default"
2025-03-13T12:01:44.557+09:00  INFO 10812 --- [ch06] [restartedMain] .e.DevToolsPropertyDefaultsPostProcessor : Devtools property defaults active! Set 'spring.devtools.add-properties' to 'false' to disable
2025-03-13T12:01:44.557+09:00  INFO 10812 --- [ch06] [restartedMain] .e.DevToolsPropertyDefaultsPostProcessor : For additional web related logging consider setting the 'logging.level.web' property to 'DEBUG'
2025-03-13T12:01:45.960+09:00  INFO 10812 --- [ch06] [restartedMain] o.s.b.w.embedded.tomcat.TomcatWebServer  : Tomcat initialized with port 8080 (http)
2025-03-13T12:01:45.969+09:00  INFO 10812 --- [ch06] [restartedMain] o.apache.catalina.core.StandardService   : Starting service [Tomcat]
2025-03-13T12:01:45.970+09:00  INFO 10812 --- [ch06] [restartedMain] o.apache.catalina.core.StandardEngine    : Starting Servlet engine: [Apache Tomcat/10.1.36]
2025-03-13T12:01:46.003+09:00  INFO 10812 --- [ch06] [restartedMain] o.a.c.c.C.[Tomcat].[localhost].[/ch06]   : Initializing Spring embedded WebApplicationContext
2025-03-13T12:01:46.004+09:00  INFO 10812 --- [ch06] [restartedMain] w.s.c.ServletWebServerApplicationContext : Root WebApplicationContext: initialization completed in 1445 ms
2025-03-13T12:01:46.249+09:00  INFO 10812 --- [ch06] [restartedMain] o.s.b.a.w.s.WelcomePageHandlerMapping    : Adding welcome page template: index
2025-03-13T12:01:46.665+09:00  INFO 10812 --- [ch06] [restartedMain] o.s.b.d.a.OptionalLiveReloadServer       : LiveReload server is running on port 35729
2025-03-13T12:01:46.691+09:00  INFO 10812 --- [ch06] [restartedMain] o.s.b.w.embedded.tomcat.TomcatWebServer  : Tomcat started on port 8080 (http) with context path '/ch06'
2025-03-13T12:01:46.716+09:00  INFO 10812 --- [ch06] [restartedMain] kr.co.ch06.Ch06Application               : Started Ch06Application in 2.865 seconds (process running for 4.021)
2025-03-13T12:01:50.011+09:00  INFO 10812 --- [ch06] [http-nio-8080-exec-1] o.a.c.c.C.[Tomcat].[localhost].[/ch06]   : Initializing Spring DispatcherServlet 'dispatcherServlet'
2025-03-13T12:01:50.017+09:00  INFO 10812 --- [ch06] [http-nio-8080-exec-1] o.s.web.servlet.DispatcherServlet        : Initializing Servlet 'dispatcherServlet'
2025-03-13T12:01:50.023+09:00  INFO 10812 --- [ch06] [http-nio-8080-exec-1] o.s.web.servlet.DispatcherServlet        : Completed initialization in 3 ms
2025-03-13T12:04:17.279+09:00  INFO 10812 --- [ch06] [File Watcher] rtingClassPathChangeChangedEventListener : Restarting due to 13 class path changes (0 additions, 0 deletions, 13 modifications)
2025-03-13T12:04:17.290+09:00  INFO 10812 --- [ch06] [Thread-5] o.s.b.w.e.tomcat.GracefulShutdown        : Commencing graceful shutdown. Waiting for active requests to complete
2025-03-13T12:04:17.463+09:00  INFO 10812 --- [ch06] [tomcat-shutdown] o.s.b.w.e.tomcat.GracefulShutdown        : Graceful shutdown complete
2025-03-13T12:04:17.687+09:00  INFO 10812 --- [ch06] [restartedMain] kr.co.ch06.Ch06Application               : Starting Ch06Application using Java 17.0.12 with PID 10812 (C:\Users\lotte6\Desktop\workspace\Spring\ch06\build\classes\java\main started by lotte6 in C:\Users\lotte6\Desktop\workspace\Spring\ch06)
2025-03-13T12:04:17.688+09:00  INFO 10812 --- [ch06] [restartedMain] kr.co.ch06.Ch06Application               : No active profile set, falling back to 1 default profile: "default"
2025-03-13T12:04:18.189+09:00  INFO 10812 --- [ch06] [restartedMain] o.s.b.w.embedded.tomcat.TomcatWebServer  : Tomcat initialized with port 8080 (http)
2025-03-13T12:04:18.190+09:00  INFO 10812 --- [ch06] [restartedMain] o.apache.catalina.core.StandardService   : Starting service [Tomcat]
2025-03-13T12:04:18.190+09:00  INFO 10812 --- [ch06] [restartedMain] o.apache.catalina.core.StandardEngine    : Starting Servlet engine: [Apache Tomcat/10.1.36]
2025-03-13T12:04:18.203+09:00  INFO 10812 --- [ch06] [restartedMain] o.a.c.c.C.[Tomcat].[localhost].[/ch06]   : Initializing Spring embedded WebApplicationContext
2025-03-13T12:04:18.203+09:00  INFO 10812 --- [ch06] [restartedMain] w.s.c.ServletWebServerApplicationContext : Root WebApplicationContext: initialization completed in 512 ms
2025-03-13T12:04:18.243+09:00  INFO 10812 --- [ch06] [restartedMain] o.s.b.a.w.s.WelcomePageHandlerMapping    : Adding welcome page template: index
2025-03-13T12:04:18.289+09:00  INFO 10812 --- [ch06] [restartedMain] o.s.b.d.a.OptionalLiveReloadServer       : LiveReload server is running on port 35729
2025-03-13T12:04:18.297+09:00  INFO 10812 --- [ch06] [restartedMain] o.s.b.w.embedded.tomcat.TomcatWebServer  : Tomcat started on port 8080 (http) with context path '/ch06'
2025-03-13T12:04:18.300+09:00  INFO 10812 --- [ch06] [restartedMain] kr.co.ch06.Ch06Application               : Started Ch06Application in 0.677 seconds (process running for 155.604)
2025-03-13T12:04:18.301+09:00  INFO 10812 --- [ch06] [restartedMain] .ConditionEvaluationDeltaLoggingListener : Condition evaluation unchanged
2025-03-13T12:05:45.521+09:00  INFO 10812 --- [ch06] [http-nio-8080-exec-1] o.a.c.c.C.[Tomcat].[localhost].[/ch06]   : Initializing Spring DispatcherServlet 'dispatcherServlet'
2025-03-13T12:05:45.522+09:00  INFO 10812 --- [ch06] [http-nio-8080-exec-1] o.s.web.servlet.DispatcherServlet        : Initializing Servlet 'dispatcherServlet'
2025-03-13T12:05:45.523+09:00  INFO 10812 --- [ch06] [http-nio-8080-exec-1] o.s.web.servlet.DispatcherServlet        : Completed initialization in 1 ms
2025-03-13T12:05:46.798+09:00  INFO 10812 --- [ch06] [http-nio-8080-exec-2] com.zaxxer.hikari.HikariDataSource       : HikariPool-1 - Starting...
2025-03-13T12:05:47.401+09:00  INFO 10812 --- [ch06] [http-nio-8080-exec-2] com.zaxxer.hikari.pool.HikariPool        : HikariPool-1 - Added connection com.mysql.cj.jdbc.ConnectionImpl@523cc9e0
2025-03-13T12:05:47.404+09:00  INFO 10812 --- [ch06] [http-nio-8080-exec-2] com.zaxxer.hikari.HikariDataSource       : HikariPool-1 - Start completed.
2025-03-13T12:05:47.651+09:00  INFO 10812 --- [ch06] [File Watcher] rtingClassPathChangeChangedEventListener : Restarting due to 1 class path change (0 additions, 1 deletion, 0 modifications)
2025-03-13T12:05:47.654+09:00  INFO 10812 --- [ch06] [Thread-7] o.s.b.w.e.tomcat.GracefulShutdown        : Commencing graceful shutdown. Waiting for active requests to complete
2025-03-13T12:05:47.949+09:00  INFO 10812 --- [ch06] [tomcat-shutdown] o.s.b.w.e.tomcat.GracefulShutdown        : Graceful shutdown complete
2025-03-13T12:05:47.951+09:00  INFO 10812 --- [ch06] [Thread-7] com.zaxxer.hikari.HikariDataSource       : HikariPool-1 - Shutdown initiated...
2025-03-13T12:05:47.983+09:00  INFO 10812 --- [ch06] [Thread-7] com.zaxxer.hikari.HikariDataSource       : HikariPool-1 - Shutdown completed.
2025-03-13T12:05:48.133+09:00  INFO 10812 --- [ch06] [restartedMain] kr.co.ch06.Ch06Application               : Starting Ch06Application using Java 17.0.12 with PID 10812 (C:\Users\lotte6\Desktop\workspace\Spring\ch06\build\classes\java\main started by lotte6 in C:\Users\lotte6\Desktop\workspace\Spring\ch06)
2025-03-13T12:05:48.134+09:00  INFO 10812 --- [ch06] [restartedMain] kr.co.ch06.Ch06Application               : No active profile set, falling back to 1 default profile: "default"
2025-03-13T12:05:48.923+09:00  INFO 10812 --- [ch06] [restartedMain] o.s.b.w.embedded.tomcat.TomcatWebServer  : Tomcat initialized with port 8080 (http)
2025-03-13T12:05:48.924+09:00  INFO 10812 --- [ch06] [restartedMain] o.apache.catalina.core.StandardService   : Starting service [Tomcat]
2025-03-13T12:05:48.925+09:00  INFO 10812 --- [ch06] [restartedMain] o.apache.catalina.core.StandardEngine    : Starting Servlet engine: [Apache Tomcat/10.1.36]
2025-03-13T12:05:48.952+09:00  INFO 10812 --- [ch06] [restartedMain] o.a.c.c.C.[Tomcat].[localhost].[/ch06]   : Initializing Spring embedded WebApplicationContext
2025-03-13T12:05:48.953+09:00  INFO 10812 --- [ch06] [restartedMain] w.s.c.ServletWebServerApplicationContext : Root WebApplicationContext: initialization completed in 799 ms
2025-03-13T12:05:49.051+09:00  INFO 10812 --- [ch06] [restartedMain] o.s.b.a.w.s.WelcomePageHandlerMapping    : Adding welcome page template: index
2025-03-13T12:05:49.191+09:00  INFO 10812 --- [ch06] [restartedMain] o.s.b.d.a.OptionalLiveReloadServer       : LiveReload server is running on port 35729
2025-03-13T12:05:49.200+09:00  INFO 10812 --- [ch06] [restartedMain] o.s.b.w.embedded.tomcat.TomcatWebServer  : Tomcat started on port 8080 (http) with context path '/ch06'
2025-03-13T12:05:49.222+09:00  INFO 10812 --- [ch06] [restartedMain] kr.co.ch06.Ch06Application               : Started Ch06Application in 1.131 seconds (process running for 246.527)
2025-03-13T12:05:49.223+09:00  INFO 10812 --- [ch06] [restartedMain] .ConditionEvaluationDeltaLoggingListener : Condition evaluation unchanged
2025-03-13T12:05:49.325+09:00  INFO 10812 --- [ch06] [http-nio-8080-exec-1] o.a.c.c.C.[Tomcat].[localhost].[/ch06]   : Initializing Spring DispatcherServlet 'dispatcherServlet'
2025-03-13T12:05:49.325+09:00  INFO 10812 --- [ch06] [http-nio-8080-exec-1] o.s.web.servlet.DispatcherServlet        : Initializing Servlet 'dispatcherServlet'
2025-03-13T12:05:49.325+09:00  INFO 10812 --- [ch06] [http-nio-8080-exec-1] o.s.web.servlet.DispatcherServlet        : Completed initialization in 0 ms
2025-03-13T12:05:50.614+09:00  INFO 10812 --- [ch06] [File Watcher] rtingClassPathChangeChangedEventListener : Restarting due to 1 class path change (1 addition, 0 deletions, 0 modifications)
2025-03-13T12:05:50.615+09:00  INFO 10812 --- [ch06] [Thread-11] o.s.b.w.e.tomcat.GracefulShutdown        : Commencing graceful shutdown. Waiting for active requests to complete
2025-03-13T12:05:50.689+09:00  INFO 10812 --- [ch06] [tomcat-shutdown] o.s.b.w.e.tomcat.GracefulShutdown        : Graceful shutdown complete
2025-03-13T12:05:50.746+09:00  INFO 10812 --- [ch06] [restartedMain] kr.co.ch06.Ch06Application               : Starting Ch06Application using Java 17.0.12 with PID 10812 (C:\Users\lotte6\Desktop\workspace\Spring\ch06\build\classes\java\main started by lotte6 in C:\Users\lotte6\Desktop\workspace\Spring\ch06)
2025-03-13T12:05:50.746+09:00  INFO 10812 --- [ch06] [restartedMain] kr.co.ch06.Ch06Application               : No active profile set, falling back to 1 default profile: "default"
2025-03-13T12:05:51.108+09:00  INFO 10812 --- [ch06] [restartedMain] o.s.b.w.embedded.tomcat.TomcatWebServer  : Tomcat initialized with port 8080 (http)
2025-03-13T12:05:51.108+09:00  INFO 10812 --- [ch06] [restartedMain] o.apache.catalina.core.StandardService   : Starting service [Tomcat]
2025-03-13T12:05:51.109+09:00  INFO 10812 --- [ch06] [restartedMain] o.apache.catalina.core.StandardEngine    : Starting Servlet engine: [Apache Tomcat/10.1.36]
2025-03-13T12:05:51.137+09:00  INFO 10812 --- [ch06] [restartedMain] o.a.c.c.C.[Tomcat].[localhost].[/ch06]   : Initializing Spring embedded WebApplicationContext
2025-03-13T12:05:51.137+09:00  INFO 10812 --- [ch06] [restartedMain] w.s.c.ServletWebServerApplicationContext : Root WebApplicationContext: initialization completed in 390 ms
2025-03-13T12:05:51.172+09:00  INFO 10812 --- [ch06] [restartedMain] o.s.b.a.w.s.WelcomePageHandlerMapping    : Adding welcome page template: index
2025-03-13T12:05:51.213+09:00  INFO 10812 --- [ch06] [restartedMain] o.s.b.d.a.OptionalLiveReloadServer       : LiveReload server is running on port 35729
2025-03-13T12:05:51.220+09:00  INFO 10812 --- [ch06] [restartedMain] o.s.b.w.embedded.tomcat.TomcatWebServer  : Tomcat started on port 8080 (http) with context path '/ch06'
2025-03-13T12:05:51.223+09:00  INFO 10812 --- [ch06] [restartedMain] kr.co.ch06.Ch06Application               : Started Ch06Application in 0.496 seconds (process running for 248.528)
2025-03-13T12:05:51.224+09:00  INFO 10812 --- [ch06] [restartedMain] .ConditionEvaluationDeltaLoggingListener : Condition evaluation unchanged
2025-03-13T12:06:03.114+09:00  INFO 10812 --- [ch06] [http-nio-8080-exec-1] o.a.c.c.C.[Tomcat].[localhost].[/ch06]   : Initializing Spring DispatcherServlet 'dispatcherServlet'
2025-03-13T12:06:03.115+09:00  INFO 10812 --- [ch06] [http-nio-8080-exec-1] o.s.web.servlet.DispatcherServlet        : Initializing Servlet 'dispatcherServlet'
2025-03-13T12:06:03.115+09:00  INFO 10812 --- [ch06] [http-nio-8080-exec-1] o.s.web.servlet.DispatcherServlet        : Completed initialization in 0 ms
2025-03-13T12:06:03.136+09:00  INFO 10812 --- [ch06] [http-nio-8080-exec-1] kr.co.ch06.controller.User1Controller    : user1DTO: User1DTO(uid=ss1003, name=김춘추, hp=010-2121-0003, age=22)
2025-03-13T12:06:03.147+09:00  INFO 10812 --- [ch06] [http-nio-8080-exec-1] com.zaxxer.hikari.HikariDataSource       : HikariPool-2 - Starting...
2025-03-13T12:06:03.158+09:00  INFO 10812 --- [ch06] [http-nio-8080-exec-1] com.zaxxer.hikari.pool.HikariPool        : HikariPool-2 - Added connection com.mysql.cj.jdbc.ConnectionImpl@6cf467bd
2025-03-13T12:06:03.158+09:00  INFO 10812 --- [ch06] [http-nio-8080-exec-1] com.zaxxer.hikari.HikariDataSource       : HikariPool-2 - Start completed.
2025-03-13T12:06:56.152+09:00  INFO 10812 --- [ch06] [File Watcher] rtingClassPathChangeChangedEventListener : Restarting due to 13 class path changes (0 additions, 0 deletions, 13 modifications)
2025-03-13T12:06:56.154+09:00  INFO 10812 --- [ch06] [Thread-15] o.s.b.w.e.tomcat.GracefulShutdown        : Commencing graceful shutdown. Waiting for active requests to complete
2025-03-13T12:06:56.301+09:00  INFO 10812 --- [ch06] [tomcat-shutdown] o.s.b.w.e.tomcat.GracefulShutdown        : Graceful shutdown complete
2025-03-13T12:06:56.302+09:00  INFO 10812 --- [ch06] [Thread-15] com.zaxxer.hikari.HikariDataSource       : HikariPool-2 - Shutdown initiated...
2025-03-13T12:06:56.305+09:00  INFO 10812 --- [ch06] [Thread-15] com.zaxxer.hikari.HikariDataSource       : HikariPool-2 - Shutdown completed.
2025-03-13T12:06:56.443+09:00  INFO 10812 --- [ch06] [restartedMain] kr.co.ch06.Ch06Application               : Starting Ch06Application using Java 17.0.12 with PID 10812 (C:\Users\lotte6\Desktop\workspace\Spring\ch06\build\classes\java\main started by lotte6 in C:\Users\lotte6\Desktop\workspace\Spring\ch06)
2025-03-13T12:06:56.443+09:00  INFO 10812 --- [ch06] [restartedMain] kr.co.ch06.Ch06Application               : No active profile set, falling back to 1 default profile: "default"
2025-03-13T12:06:56.885+09:00  INFO 10812 --- [ch06] [restartedMain] o.s.b.w.embedded.tomcat.TomcatWebServer  : Tomcat initialized with port 8080 (http)
2025-03-13T12:06:56.886+09:00  INFO 10812 --- [ch06] [restartedMain] o.apache.catalina.core.StandardService   : Starting service [Tomcat]
2025-03-13T12:06:56.886+09:00  INFO 10812 --- [ch06] [restartedMain] o.apache.catalina.core.StandardEngine    : Starting Servlet engine: [Apache Tomcat/10.1.36]
2025-03-13T12:06:56.915+09:00  INFO 10812 --- [ch06] [restartedMain] o.a.c.c.C.[Tomcat].[localhost].[/ch06]   : Initializing Spring embedded WebApplicationContext
2025-03-13T12:06:56.915+09:00  INFO 10812 --- [ch06] [restartedMain] w.s.c.ServletWebServerApplicationContext : Root WebApplicationContext: initialization completed in 471 ms
2025-03-13T12:06:56.998+09:00  INFO 10812 --- [ch06] [restartedMain] o.s.b.a.w.s.WelcomePageHandlerMapping    : Adding welcome page template: index
2025-03-13T12:06:57.167+09:00  INFO 10812 --- [ch06] [restartedMain] o.s.b.d.a.OptionalLiveReloadServer       : LiveReload server is running on port 35729
2025-03-13T12:06:57.200+09:00  INFO 10812 --- [ch06] [restartedMain] o.s.b.w.embedded.tomcat.TomcatWebServer  : Tomcat started on port 8080 (http) with context path '/ch06'
2025-03-13T12:06:57.205+09:00  INFO 10812 --- [ch06] [restartedMain] kr.co.ch06.Ch06Application               : Started Ch06Application in 0.802 seconds (process running for 314.509)
2025-03-13T12:06:57.212+09:00  INFO 10812 --- [ch06] [restartedMain] .ConditionEvaluationDeltaLoggingListener : Condition evaluation unchanged
2025-03-13T12:07:21.146+09:00  INFO 10812 --- [ch06] [File Watcher] rtingClassPathChangeChangedEventListener : Restarting due to 13 class path changes (0 additions, 0 deletions, 13 modifications)
2025-03-13T12:07:21.148+09:00  INFO 10812 --- [ch06] [Thread-19] o.s.b.w.e.tomcat.GracefulShutdown        : Commencing graceful shutdown. Waiting for active requests to complete
2025-03-13T12:07:21.328+09:00  INFO 10812 --- [ch06] [tomcat-shutdown] o.s.b.w.e.tomcat.GracefulShutdown        : Graceful shutdown complete
2025-03-13T12:07:21.496+09:00  INFO 10812 --- [ch06] [restartedMain] kr.co.ch06.Ch06Application               : Starting Ch06Application using Java 17.0.12 with PID 10812 (C:\Users\lotte6\Desktop\workspace\Spring\ch06\build\classes\java\main started by lotte6 in C:\Users\lotte6\Desktop\workspace\Spring\ch06)
2025-03-13T12:07:21.496+09:00  INFO 10812 --- [ch06] [restartedMain] kr.co.ch06.Ch06Application               : No active profile set, falling back to 1 default profile: "default"
2025-03-13T12:07:21.813+09:00  INFO 10812 --- [ch06] [restartedMain] o.s.b.w.embedded.tomcat.TomcatWebServer  : Tomcat initialized with port 8080 (http)
2025-03-13T12:07:21.814+09:00  INFO 10812 --- [ch06] [restartedMain] o.apache.catalina.core.StandardService   : Starting service [Tomcat]
2025-03-13T12:07:21.815+09:00  INFO 10812 --- [ch06] [restartedMain] o.apache.catalina.core.StandardEngine    : Starting Servlet engine: [Apache Tomcat/10.1.36]
2025-03-13T12:07:21.842+09:00  INFO 10812 --- [ch06] [restartedMain] o.a.c.c.C.[Tomcat].[localhost].[/ch06]   : Initializing Spring embedded WebApplicationContext
2025-03-13T12:07:21.843+09:00  INFO 10812 --- [ch06] [restartedMain] w.s.c.ServletWebServerApplicationContext : Root WebApplicationContext: initialization completed in 344 ms
2025-03-13T12:07:21.911+09:00  INFO 10812 --- [ch06] [restartedMain] o.s.b.a.w.s.WelcomePageHandlerMapping    : Adding welcome page template: index
2025-03-13T12:07:22.003+09:00  INFO 10812 --- [ch06] [restartedMain] o.s.b.d.a.OptionalLiveReloadServer       : LiveReload server is running on port 35729
2025-03-13T12:07:22.009+09:00  INFO 10812 --- [ch06] [restartedMain] o.s.b.w.embedded.tomcat.TomcatWebServer  : Tomcat started on port 8080 (http) with context path '/ch06'
2025-03-13T12:07:22.012+09:00  INFO 10812 --- [ch06] [restartedMain] kr.co.ch06.Ch06Application               : Started Ch06Application in 0.581 seconds (process running for 339.317)
2025-03-13T12:07:22.013+09:00  INFO 10812 --- [ch06] [restartedMain] .ConditionEvaluationDeltaLoggingListener : Condition evaluation unchanged
2025-03-13T12:07:36.255+09:00  INFO 10812 --- [ch06] [http-nio-8080-exec-1] o.a.c.c.C.[Tomcat].[localhost].[/ch06]   : Initializing Spring DispatcherServlet 'dispatcherServlet'
2025-03-13T12:07:36.255+09:00  INFO 10812 --- [ch06] [http-nio-8080-exec-1] o.s.web.servlet.DispatcherServlet        : Initializing Servlet 'dispatcherServlet'
2025-03-13T12:07:36.256+09:00  INFO 10812 --- [ch06] [http-nio-8080-exec-1] o.s.web.servlet.DispatcherServlet        : Completed initialization in 1 ms
2025-03-13T12:07:36.259+09:00  INFO 10812 --- [ch06] [http-nio-8080-exec-1] com.zaxxer.hikari.HikariDataSource       : HikariPool-3 - Starting...
2025-03-13T12:07:36.290+09:00  INFO 10812 --- [ch06] [http-nio-8080-exec-1] com.zaxxer.hikari.pool.HikariPool        : HikariPool-3 - Added connection com.mysql.cj.jdbc.ConnectionImpl@48c492c6
2025-03-13T12:07:36.291+09:00  INFO 10812 --- [ch06] [http-nio-8080-exec-1] com.zaxxer.hikari.HikariDataSource       : HikariPool-3 - Start completed.
2025-03-13T12:08:18.517+09:00  INFO 10812 --- [ch06] [File Watcher] rtingClassPathChangeChangedEventListener : Restarting due to 1 class path change (0 additions, 1 deletion, 0 modifications)
2025-03-13T12:08:18.519+09:00  INFO 10812 --- [ch06] [Thread-23] o.s.b.w.e.tomcat.GracefulShutdown        : Commencing graceful shutdown. Waiting for active requests to complete
2025-03-13T12:08:18.693+09:00  INFO 10812 --- [ch06] [tomcat-shutdown] o.s.b.w.e.tomcat.GracefulShutdown        : Graceful shutdown complete
2025-03-13T12:08:18.695+09:00  INFO 10812 --- [ch06] [Thread-23] com.zaxxer.hikari.HikariDataSource       : HikariPool-3 - Shutdown initiated...
2025-03-13T12:08:18.719+09:00  INFO 10812 --- [ch06] [Thread-23] com.zaxxer.hikari.HikariDataSource       : HikariPool-3 - Shutdown completed.
2025-03-13T12:08:18.894+09:00  INFO 10812 --- [ch06] [restartedMain] kr.co.ch06.Ch06Application               : Starting Ch06Application using Java 17.0.12 with PID 10812 (C:\Users\lotte6\Desktop\workspace\Spring\ch06\build\classes\java\main started by lotte6 in C:\Users\lotte6\Desktop\workspace\Spring\ch06)
2025-03-13T12:08:18.894+09:00  INFO 10812 --- [ch06] [restartedMain] kr.co.ch06.Ch06Application               : No active profile set, falling back to 1 default profile: "default"
2025-03-13T12:08:19.534+09:00  INFO 10812 --- [ch06] [restartedMain] o.s.b.w.embedded.tomcat.TomcatWebServer  : Tomcat initialized with port 8080 (http)
2025-03-13T12:08:19.534+09:00  INFO 10812 --- [ch06] [restartedMain] o.apache.catalina.core.StandardService   : Starting service [Tomcat]
2025-03-13T12:08:19.534+09:00  INFO 10812 --- [ch06] [restartedMain] o.apache.catalina.core.StandardEngine    : Starting Servlet engine: [Apache Tomcat/10.1.36]
2025-03-13T12:08:19.545+09:00  INFO 10812 --- [ch06] [restartedMain] o.a.c.c.C.[Tomcat].[localhost].[/ch06]   : Initializing Spring embedded WebApplicationContext
2025-03-13T12:08:19.545+09:00  INFO 10812 --- [ch06] [restartedMain] w.s.c.ServletWebServerApplicationContext : Root WebApplicationContext: initialization completed in 649 ms
2025-03-13T12:08:19.576+09:00  INFO 10812 --- [ch06] [restartedMain] o.s.b.a.w.s.WelcomePageHandlerMapping    : Adding welcome page template: index
2025-03-13T12:08:19.639+09:00  INFO 10812 --- [ch06] [restartedMain] o.s.b.d.a.OptionalLiveReloadServer       : LiveReload server is running on port 35729
2025-03-13T12:08:19.647+09:00  INFO 10812 --- [ch06] [restartedMain] o.s.b.w.embedded.tomcat.TomcatWebServer  : Tomcat started on port 8080 (http) with context path '/ch06'
2025-03-13T12:08:19.651+09:00  INFO 10812 --- [ch06] [restartedMain] kr.co.ch06.Ch06Application               : Started Ch06Application in 0.821 seconds (process running for 396.955)
2025-03-13T12:08:19.652+09:00  INFO 10812 --- [ch06] [restartedMain] .ConditionEvaluationDeltaLoggingListener : Condition evaluation unchanged
2025-03-13T12:08:21.088+09:00  INFO 10812 --- [ch06] [File Watcher] rtingClassPathChangeChangedEventListener : Restarting due to 1 class path change (1 addition, 0 deletions, 0 modifications)
2025-03-13T12:08:21.090+09:00  INFO 10812 --- [ch06] [Thread-27] o.s.b.w.e.tomcat.GracefulShutdown        : Commencing graceful shutdown. Waiting for active requests to complete
2025-03-13T12:08:21.206+09:00  INFO 10812 --- [ch06] [tomcat-shutdown] o.s.b.w.e.tomcat.GracefulShutdown        : Graceful shutdown complete
2025-03-13T12:08:21.261+09:00  INFO 10812 --- [ch06] [restartedMain] kr.co.ch06.Ch06Application               : Starting Ch06Application using Java 17.0.12 with PID 10812 (C:\Users\lotte6\Desktop\workspace\Spring\ch06\build\classes\java\main started by lotte6 in C:\Users\lotte6\Desktop\workspace\Spring\ch06)
2025-03-13T12:08:21.261+09:00  INFO 10812 --- [ch06] [restartedMain] kr.co.ch06.Ch06Application               : No active profile set, falling back to 1 default profile: "default"
2025-03-13T12:08:21.603+09:00  INFO 10812 --- [ch06] [restartedMain] o.s.b.w.embedded.tomcat.TomcatWebServer  : Tomcat initialized with port 8080 (http)
2025-03-13T12:08:21.604+09:00  INFO 10812 --- [ch06] [restartedMain] o.apache.catalina.core.StandardService   : Starting service [Tomcat]
2025-03-13T12:08:21.604+09:00  INFO 10812 --- [ch06] [restartedMain] o.apache.catalina.core.StandardEngine    : Starting Servlet engine: [Apache Tomcat/10.1.36]
2025-03-13T12:08:21.614+09:00  INFO 10812 --- [ch06] [restartedMain] o.a.c.c.C.[Tomcat].[localhost].[/ch06]   : Initializing Spring embedded WebApplicationContext
2025-03-13T12:08:21.615+09:00  INFO 10812 --- [ch06] [restartedMain] w.s.c.ServletWebServerApplicationContext : Root WebApplicationContext: initialization completed in 352 ms
2025-03-13T12:08:21.649+09:00  INFO 10812 --- [ch06] [restartedMain] o.s.b.a.w.s.WelcomePageHandlerMapping    : Adding welcome page template: index
2025-03-13T12:08:21.690+09:00  INFO 10812 --- [ch06] [restartedMain] o.s.b.d.a.OptionalLiveReloadServer       : LiveReload server is running on port 35729
2025-03-13T12:08:21.697+09:00  INFO 10812 --- [ch06] [restartedMain] o.s.b.w.embedded.tomcat.TomcatWebServer  : Tomcat started on port 8080 (http) with context path '/ch06'
2025-03-13T12:08:21.700+09:00  INFO 10812 --- [ch06] [restartedMain] kr.co.ch06.Ch06Application               : Started Ch06Application in 0.457 seconds (process running for 399.005)
2025-03-13T12:08:21.701+09:00  INFO 10812 --- [ch06] [restartedMain] .ConditionEvaluationDeltaLoggingListener : Condition evaluation unchanged
2025-03-13T12:08:41.671+09:00  INFO 10812 --- [ch06] [File Watcher] rtingClassPathChangeChangedEventListener : Restarting due to 1 class path change (0 additions, 1 deletion, 0 modifications)
2025-03-13T12:08:41.672+09:00  INFO 10812 --- [ch06] [Thread-31] o.s.b.w.e.tomcat.GracefulShutdown        : Commencing graceful shutdown. Waiting for active requests to complete
2025-03-13T12:08:41.774+09:00  INFO 10812 --- [ch06] [tomcat-shutdown] o.s.b.w.e.tomcat.GracefulShutdown        : Graceful shutdown complete
2025-03-13T12:08:41.858+09:00  INFO 10812 --- [ch06] [restartedMain] kr.co.ch06.Ch06Application               : Starting Ch06Application using Java 17.0.12 with PID 10812 (C:\Users\lotte6\Desktop\workspace\Spring\ch06\build\classes\java\main started by lotte6 in C:\Users\lotte6\Desktop\workspace\Spring\ch06)
2025-03-13T12:08:41.858+09:00  INFO 10812 --- [ch06] [restartedMain] kr.co.ch06.Ch06Application               : No active profile set, falling back to 1 default profile: "default"
2025-03-13T12:08:42.252+09:00  INFO 10812 --- [ch06] [restartedMain] o.s.b.w.embedded.tomcat.TomcatWebServer  : Tomcat initialized with port 8080 (http)
2025-03-13T12:08:42.253+09:00  INFO 10812 --- [ch06] [restartedMain] o.apache.catalina.core.StandardService   : Starting service [Tomcat]
2025-03-13T12:08:42.253+09:00  INFO 10812 --- [ch06] [restartedMain] o.apache.catalina.core.StandardEngine    : Starting Servlet engine: [Apache Tomcat/10.1.36]
2025-03-13T12:08:42.263+09:00  INFO 10812 --- [ch06] [restartedMain] o.a.c.c.C.[Tomcat].[localhost].[/ch06]   : Initializing Spring embedded WebApplicationContext
2025-03-13T12:08:42.263+09:00  INFO 10812 --- [ch06] [restartedMain] w.s.c.ServletWebServerApplicationContext : Root WebApplicationContext: initialization completed in 403 ms
2025-03-13T12:08:42.297+09:00  INFO 10812 --- [ch06] [restartedMain] o.s.b.a.w.s.WelcomePageHandlerMapping    : Adding welcome page template: index
2025-03-13T12:08:42.464+09:00  INFO 10812 --- [ch06] [restartedMain] o.s.b.d.a.OptionalLiveReloadServer       : LiveReload server is running on port 35729
2025-03-13T12:08:42.532+09:00  INFO 10812 --- [ch06] [restartedMain] o.s.b.w.embedded.tomcat.TomcatWebServer  : Tomcat started on port 8080 (http) with context path '/ch06'
2025-03-13T12:08:42.548+09:00  INFO 10812 --- [ch06] [restartedMain] kr.co.ch06.Ch06Application               : Started Ch06Application in 0.713 seconds (process running for 419.852)
2025-03-13T12:08:42.565+09:00  INFO 10812 --- [ch06] [restartedMain] .ConditionEvaluationDeltaLoggingListener : Condition evaluation unchanged
2025-03-13T12:08:43.916+09:00  INFO 10812 --- [ch06] [File Watcher] rtingClassPathChangeChangedEventListener : Restarting due to 1 class path change (1 addition, 0 deletions, 0 modifications)
2025-03-13T12:08:43.917+09:00  INFO 10812 --- [ch06] [Thread-35] o.s.b.w.e.tomcat.GracefulShutdown        : Commencing graceful shutdown. Waiting for active requests to complete
2025-03-13T12:08:43.997+09:00  INFO 10812 --- [ch06] [tomcat-shutdown] o.s.b.w.e.tomcat.GracefulShutdown        : Graceful shutdown complete
2025-03-13T12:08:44.067+09:00  INFO 10812 --- [ch06] [restartedMain] kr.co.ch06.Ch06Application               : Starting Ch06Application using Java 17.0.12 with PID 10812 (C:\Users\lotte6\Desktop\workspace\Spring\ch06\build\classes\java\main started by lotte6 in C:\Users\lotte6\Desktop\workspace\Spring\ch06)
2025-03-13T12:08:44.067+09:00  INFO 10812 --- [ch06] [restartedMain] kr.co.ch06.Ch06Application               : No active profile set, falling back to 1 default profile: "default"
2025-03-13T12:08:44.269+09:00  INFO 10812 --- [ch06] [restartedMain] o.s.b.w.embedded.tomcat.TomcatWebServer  : Tomcat initialized with port 8080 (http)
2025-03-13T12:08:44.269+09:00  INFO 10812 --- [ch06] [restartedMain] o.apache.catalina.core.StandardService   : Starting service [Tomcat]
2025-03-13T12:08:44.269+09:00  INFO 10812 --- [ch06] [restartedMain] o.apache.catalina.core.StandardEngine    : Starting Servlet engine: [Apache Tomcat/10.1.36]
2025-03-13T12:08:44.283+09:00  INFO 10812 --- [ch06] [restartedMain] o.a.c.c.C.[Tomcat].[localhost].[/ch06]   : Initializing Spring embedded WebApplicationContext
2025-03-13T12:08:44.283+09:00  INFO 10812 --- [ch06] [restartedMain] w.s.c.ServletWebServerApplicationContext : Root WebApplicationContext: initialization completed in 215 ms
2025-03-13T12:08:44.325+09:00  INFO 10812 --- [ch06] [restartedMain] o.s.b.a.w.s.WelcomePageHandlerMapping    : Adding welcome page template: index
2025-03-13T12:08:44.452+09:00  INFO 10812 --- [ch06] [restartedMain] o.s.b.d.a.OptionalLiveReloadServer       : LiveReload server is running on port 35729
2025-03-13T12:08:44.489+09:00  INFO 10812 --- [ch06] [restartedMain] o.s.b.w.embedded.tomcat.TomcatWebServer  : Tomcat started on port 8080 (http) with context path '/ch06'
2025-03-13T12:08:44.495+09:00  INFO 10812 --- [ch06] [restartedMain] kr.co.ch06.Ch06Application               : Started Ch06Application in 0.448 seconds (process running for 421.799)
2025-03-13T12:08:44.496+09:00  INFO 10812 --- [ch06] [restartedMain] .ConditionEvaluationDeltaLoggingListener : Condition evaluation unchanged
2025-03-13T12:09:00.417+09:00  INFO 10812 --- [ch06] [File Watcher] rtingClassPathChangeChangedEventListener : Restarting due to 1 class path change (0 additions, 1 deletion, 0 modifications)
2025-03-13T12:09:00.421+09:00  INFO 10812 --- [ch06] [Thread-39] o.s.b.w.e.tomcat.GracefulShutdown        : Commencing graceful shutdown. Waiting for active requests to complete
2025-03-13T12:09:00.837+09:00  INFO 10812 --- [ch06] [tomcat-shutdown] o.s.b.w.e.tomcat.GracefulShutdown        : Graceful shutdown complete
2025-03-13T12:09:01.105+09:00  INFO 10812 --- [ch06] [restartedMain] kr.co.ch06.Ch06Application               : Starting Ch06Application using Java 17.0.12 with PID 10812 (C:\Users\lotte6\Desktop\workspace\Spring\ch06\build\classes\java\main started by lotte6 in C:\Users\lotte6\Desktop\workspace\Spring\ch06)
2025-03-13T12:09:01.106+09:00  INFO 10812 --- [ch06] [restartedMain] kr.co.ch06.Ch06Application               : No active profile set, falling back to 1 default profile: "default"
2025-03-13T12:09:01.462+09:00  INFO 10812 --- [ch06] [restartedMain] o.s.b.w.embedded.tomcat.TomcatWebServer  : Tomcat initialized with port 8080 (http)
2025-03-13T12:09:01.463+09:00  INFO 10812 --- [ch06] [restartedMain] o.apache.catalina.core.StandardService   : Starting service [Tomcat]
2025-03-13T12:09:01.463+09:00  INFO 10812 --- [ch06] [restartedMain] o.apache.catalina.core.StandardEngine    : Starting Servlet engine: [Apache Tomcat/10.1.36]
2025-03-13T12:09:01.476+09:00  INFO 10812 --- [ch06] [restartedMain] o.a.c.c.C.[Tomcat].[localhost].[/ch06]   : Initializing Spring embedded WebApplicationContext
2025-03-13T12:09:01.476+09:00  INFO 10812 --- [ch06] [restartedMain] w.s.c.ServletWebServerApplicationContext : Root WebApplicationContext: initialization completed in 365 ms
2025-03-13T12:09:01.522+09:00  INFO 10812 --- [ch06] [restartedMain] o.s.b.a.w.s.WelcomePageHandlerMapping    : Adding welcome page template: index
2025-03-13T12:09:01.561+09:00  INFO 10812 --- [ch06] [restartedMain] o.s.b.d.a.OptionalLiveReloadServer       : LiveReload server is running on port 35729
2025-03-13T12:09:01.567+09:00  INFO 10812 --- [ch06] [restartedMain] o.s.b.w.embedded.tomcat.TomcatWebServer  : Tomcat started on port 8080 (http) with context path '/ch06'
2025-03-13T12:09:01.570+09:00  INFO 10812 --- [ch06] [restartedMain] kr.co.ch06.Ch06Application               : Started Ch06Application in 0.556 seconds (process running for 438.874)
2025-03-13T12:09:01.570+09:00  INFO 10812 --- [ch06] [restartedMain] .ConditionEvaluationDeltaLoggingListener : Condition evaluation unchanged
2025-03-13T12:09:03.041+09:00  INFO 10812 --- [ch06] [File Watcher] rtingClassPathChangeChangedEventListener : Restarting due to 1 class path change (1 addition, 0 deletions, 0 modifications)
2025-03-13T12:09:03.042+09:00  INFO 10812 --- [ch06] [Thread-43] o.s.b.w.e.tomcat.GracefulShutdown        : Commencing graceful shutdown. Waiting for active requests to complete
2025-03-13T12:09:03.275+09:00  INFO 10812 --- [ch06] [tomcat-shutdown] o.s.b.w.e.tomcat.GracefulShutdown        : Graceful shutdown complete
2025-03-13T12:09:03.418+09:00  INFO 10812 --- [ch06] [restartedMain] kr.co.ch06.Ch06Application               : Starting Ch06Application using Java 17.0.12 with PID 10812 (C:\Users\lotte6\Desktop\workspace\Spring\ch06\build\classes\java\main started by lotte6 in C:\Users\lotte6\Desktop\workspace\Spring\ch06)
2025-03-13T12:09:03.418+09:00  INFO 10812 --- [ch06] [restartedMain] kr.co.ch06.Ch06Application               : No active profile set, falling back to 1 default profile: "default"
2025-03-13T12:09:03.826+09:00  INFO 10812 --- [ch06] [restartedMain] o.s.b.w.embedded.tomcat.TomcatWebServer  : Tomcat initialized with port 8080 (http)
2025-03-13T12:09:03.827+09:00  INFO 10812 --- [ch06] [restartedMain] o.apache.catalina.core.StandardService   : Starting service [Tomcat]
2025-03-13T12:09:03.827+09:00  INFO 10812 --- [ch06] [restartedMain] o.apache.catalina.core.StandardEngine    : Starting Servlet engine: [Apache Tomcat/10.1.36]
2025-03-13T12:09:03.861+09:00  INFO 10812 --- [ch06] [restartedMain] o.a.c.c.C.[Tomcat].[localhost].[/ch06]   : Initializing Spring embedded WebApplicationContext
2025-03-13T12:09:03.861+09:00  INFO 10812 --- [ch06] [restartedMain] w.s.c.ServletWebServerApplicationContext : Root WebApplicationContext: initialization completed in 441 ms
2025-03-13T12:09:03.961+09:00  INFO 10812 --- [ch06] [restartedMain] o.s.b.a.w.s.WelcomePageHandlerMapping    : Adding welcome page template: index
2025-03-13T12:09:04.091+09:00  INFO 10812 --- [ch06] [restartedMain] o.s.b.d.a.OptionalLiveReloadServer       : LiveReload server is running on port 35729
2025-03-13T12:09:04.105+09:00  INFO 10812 --- [ch06] [restartedMain] o.s.b.w.embedded.tomcat.TomcatWebServer  : Tomcat started on port 8080 (http) with context path '/ch06'
2025-03-13T12:09:04.124+09:00  INFO 10812 --- [ch06] [restartedMain] kr.co.ch06.Ch06Application               : Started Ch06Application in 0.75 seconds (process running for 441.428)
2025-03-13T12:09:04.127+09:00  INFO 10812 --- [ch06] [restartedMain] .ConditionEvaluationDeltaLoggingListener : Condition evaluation unchanged
2025-03-13T12:10:57.193+09:00  INFO 10812 --- [ch06] [File Watcher] rtingClassPathChangeChangedEventListener : Restarting due to 1 class path change (0 additions, 1 deletion, 0 modifications)
2025-03-13T12:10:57.195+09:00  INFO 10812 --- [ch06] [Thread-47] o.s.b.w.e.tomcat.GracefulShutdown        : Commencing graceful shutdown. Waiting for active requests to complete
2025-03-13T12:10:57.398+09:00  INFO 10812 --- [ch06] [tomcat-shutdown] o.s.b.w.e.tomcat.GracefulShutdown        : Graceful shutdown complete
2025-03-13T12:10:57.539+09:00  INFO 10812 --- [ch06] [restartedMain] kr.co.ch06.Ch06Application               : Starting Ch06Application using Java 17.0.12 with PID 10812 (C:\Users\lotte6\Desktop\workspace\Spring\ch06\build\classes\java\main started by lotte6 in C:\Users\lotte6\Desktop\workspace\Spring\ch06)
2025-03-13T12:10:57.539+09:00  INFO 10812 --- [ch06] [restartedMain] kr.co.ch06.Ch06Application               : No active profile set, falling back to 1 default profile: "default"
2025-03-13T12:10:57.937+09:00  INFO 10812 --- [ch06] [restartedMain] o.s.b.w.embedded.tomcat.TomcatWebServer  : Tomcat initialized with port 8080 (http)
2025-03-13T12:10:57.937+09:00  INFO 10812 --- [ch06] [restartedMain] o.apache.catalina.core.StandardService   : Starting service [Tomcat]
2025-03-13T12:10:57.938+09:00  INFO 10812 --- [ch06] [restartedMain] o.apache.catalina.core.StandardEngine    : Starting Servlet engine: [Apache Tomcat/10.1.36]
2025-03-13T12:10:57.948+09:00  INFO 10812 --- [ch06] [restartedMain] o.a.c.c.C.[Tomcat].[localhost].[/ch06]   : Initializing Spring embedded WebApplicationContext
2025-03-13T12:10:57.948+09:00  INFO 10812 --- [ch06] [restartedMain] w.s.c.ServletWebServerApplicationContext : Root WebApplicationContext: initialization completed in 406 ms
2025-03-13T12:10:58.014+09:00  INFO 10812 --- [ch06] [restartedMain] o.s.b.a.w.s.WelcomePageHandlerMapping    : Adding welcome page template: index
2025-03-13T12:10:58.054+09:00  INFO 10812 --- [ch06] [restartedMain] o.s.b.d.a.OptionalLiveReloadServer       : LiveReload server is running on port 35729
2025-03-13T12:10:58.061+09:00  INFO 10812 --- [ch06] [restartedMain] o.s.b.w.embedded.tomcat.TomcatWebServer  : Tomcat started on port 8080 (http) with context path '/ch06'
2025-03-13T12:10:58.063+09:00  INFO 10812 --- [ch06] [restartedMain] kr.co.ch06.Ch06Application               : Started Ch06Application in 0.596 seconds (process running for 555.368)
2025-03-13T12:10:58.064+09:00  INFO 10812 --- [ch06] [restartedMain] .ConditionEvaluationDeltaLoggingListener : Condition evaluation unchanged
2025-03-13T12:10:59.480+09:00  INFO 10812 --- [ch06] [File Watcher] rtingClassPathChangeChangedEventListener : Restarting due to 14 class path changes (1 addition, 0 deletions, 13 modifications)
2025-03-13T12:10:59.481+09:00  INFO 10812 --- [ch06] [Thread-51] o.s.b.w.e.tomcat.GracefulShutdown        : Commencing graceful shutdown. Waiting for active requests to complete
2025-03-13T12:10:59.555+09:00  INFO 10812 --- [ch06] [tomcat-shutdown] o.s.b.w.e.tomcat.GracefulShutdown        : Graceful shutdown complete
2025-03-13T12:10:59.609+09:00  INFO 10812 --- [ch06] [restartedMain] kr.co.ch06.Ch06Application               : Starting Ch06Application using Java 17.0.12 with PID 10812 (C:\Users\lotte6\Desktop\workspace\Spring\ch06\build\classes\java\main started by lotte6 in C:\Users\lotte6\Desktop\workspace\Spring\ch06)
2025-03-13T12:10:59.609+09:00  INFO 10812 --- [ch06] [restartedMain] kr.co.ch06.Ch06Application               : No active profile set, falling back to 1 default profile: "default"
2025-03-13T12:10:59.791+09:00  INFO 10812 --- [ch06] [restartedMain] o.s.b.w.embedded.tomcat.TomcatWebServer  : Tomcat initialized with port 8080 (http)
2025-03-13T12:10:59.791+09:00  INFO 10812 --- [ch06] [restartedMain] o.apache.catalina.core.StandardService   : Starting service [Tomcat]
2025-03-13T12:10:59.791+09:00  INFO 10812 --- [ch06] [restartedMain] o.apache.catalina.core.StandardEngine    : Starting Servlet engine: [Apache Tomcat/10.1.36]
2025-03-13T12:10:59.802+09:00  INFO 10812 --- [ch06] [restartedMain] o.a.c.c.C.[Tomcat].[localhost].[/ch06]   : Initializing Spring embedded WebApplicationContext
2025-03-13T12:10:59.802+09:00  INFO 10812 --- [ch06] [restartedMain] w.s.c.ServletWebServerApplicationContext : Root WebApplicationContext: initialization completed in 191 ms
2025-03-13T12:10:59.833+09:00  INFO 10812 --- [ch06] [restartedMain] o.s.b.a.w.s.WelcomePageHandlerMapping    : Adding welcome page template: index
2025-03-13T12:10:59.869+09:00  INFO 10812 --- [ch06] [restartedMain] o.s.b.d.a.OptionalLiveReloadServer       : LiveReload server is running on port 35729
2025-03-13T12:10:59.875+09:00  INFO 10812 --- [ch06] [restartedMain] o.s.b.w.embedded.tomcat.TomcatWebServer  : Tomcat started on port 8080 (http) with context path '/ch06'
2025-03-13T12:10:59.878+09:00  INFO 10812 --- [ch06] [restartedMain] kr.co.ch06.Ch06Application               : Started Ch06Application in 0.287 seconds (process running for 557.182)
2025-03-13T12:10:59.879+09:00  INFO 10812 --- [ch06] [restartedMain] .ConditionEvaluationDeltaLoggingListener : Condition evaluation unchanged
2025-03-13T12:11:48.308+09:00  INFO 10812 --- [ch06] [http-nio-8080-exec-1] o.a.c.c.C.[Tomcat].[localhost].[/ch06]   : Initializing Spring DispatcherServlet 'dispatcherServlet'
2025-03-13T12:11:48.308+09:00  INFO 10812 --- [ch06] [http-nio-8080-exec-1] o.s.web.servlet.DispatcherServlet        : Initializing Servlet 'dispatcherServlet'
2025-03-13T12:11:48.309+09:00  INFO 10812 --- [ch06] [http-nio-8080-exec-1] o.s.web.servlet.DispatcherServlet        : Completed initialization in 1 ms
2025-03-13T12:11:48.311+09:00  INFO 10812 --- [ch06] [http-nio-8080-exec-1] com.zaxxer.hikari.HikariDataSource       : HikariPool-4 - Starting...
2025-03-13T12:11:48.343+09:00  INFO 10812 --- [ch06] [http-nio-8080-exec-1] com.zaxxer.hikari.pool.HikariPool        : HikariPool-4 - Added connection com.mysql.cj.jdbc.ConnectionImpl@5d086e4c
2025-03-13T12:11:48.344+09:00  INFO 10812 --- [ch06] [http-nio-8080-exec-1] com.zaxxer.hikari.HikariDataSource       : HikariPool-4 - Start completed.
2025-03-13T12:11:49.342+09:00  INFO 10812 --- [ch06] [File Watcher] rtingClassPathChangeChangedEventListener : Restarting due to 13 class path changes (0 additions, 0 deletions, 13 modifications)
2025-03-13T12:11:49.343+09:00  INFO 10812 --- [ch06] [Thread-55] o.s.b.w.e.tomcat.GracefulShutdown        : Commencing graceful shutdown. Waiting for active requests to complete
2025-03-13T12:11:49.565+09:00  INFO 10812 --- [ch06] [tomcat-shutdown] o.s.b.w.e.tomcat.GracefulShutdown        : Graceful shutdown complete
2025-03-13T12:11:49.566+09:00  INFO 10812 --- [ch06] [Thread-55] com.zaxxer.hikari.HikariDataSource       : HikariPool-4 - Shutdown initiated...
2025-03-13T12:11:49.569+09:00  INFO 10812 --- [ch06] [Thread-55] com.zaxxer.hikari.HikariDataSource       : HikariPool-4 - Shutdown completed.
2025-03-13T12:11:49.723+09:00  INFO 10812 --- [ch06] [restartedMain] kr.co.ch06.Ch06Application               : Starting Ch06Application using Java 17.0.12 with PID 10812 (C:\Users\lotte6\Desktop\workspace\Spring\ch06\build\classes\java\main started by lotte6 in C:\Users\lotte6\Desktop\workspace\Spring\ch06)
2025-03-13T12:11:49.723+09:00  INFO 10812 --- [ch06] [restartedMain] kr.co.ch06.Ch06Application               : No active profile set, falling back to 1 default profile: "default"
2025-03-13T12:11:50.126+09:00  INFO 10812 --- [ch06] [restartedMain] o.s.b.w.embedded.tomcat.TomcatWebServer  : Tomcat initialized with port 8080 (http)
2025-03-13T12:11:50.126+09:00  INFO 10812 --- [ch06] [restartedMain] o.apache.catalina.core.StandardService   : Starting service [Tomcat]
2025-03-13T12:11:50.126+09:00  INFO 10812 --- [ch06] [restartedMain] o.apache.catalina.core.StandardEngine    : Starting Servlet engine: [Apache Tomcat/10.1.36]
2025-03-13T12:11:50.153+09:00  INFO 10812 --- [ch06] [restartedMain] o.a.c.c.C.[Tomcat].[localhost].[/ch06]   : Initializing Spring embedded WebApplicationContext
2025-03-13T12:11:50.154+09:00  INFO 10812 --- [ch06] [restartedMain] w.s.c.ServletWebServerApplicationContext : Root WebApplicationContext: initialization completed in 429 ms
2025-03-13T12:11:50.187+09:00  INFO 10812 --- [ch06] [restartedMain] o.s.b.a.w.s.WelcomePageHandlerMapping    : Adding welcome page template: index
2025-03-13T12:11:50.242+09:00  INFO 10812 --- [ch06] [restartedMain] o.s.b.d.a.OptionalLiveReloadServer       : LiveReload server is running on port 35729
2025-03-13T12:11:50.248+09:00  INFO 10812 --- [ch06] [restartedMain] o.s.b.w.embedded.tomcat.TomcatWebServer  : Tomcat started on port 8080 (http) with context path '/ch06'
2025-03-13T12:11:50.251+09:00  INFO 10812 --- [ch06] [restartedMain] kr.co.ch06.Ch06Application               : Started Ch06Application in 0.565 seconds (process running for 607.555)
2025-03-13T12:11:50.252+09:00  INFO 10812 --- [ch06] [restartedMain] .ConditionEvaluationDeltaLoggingListener : Condition evaluation unchanged
2025-03-13T12:11:51.535+09:00  INFO 10812 --- [ch06] [http-nio-8080-exec-1] o.a.c.c.C.[Tomcat].[localhost].[/ch06]   : Initializing Spring DispatcherServlet 'dispatcherServlet'
2025-03-13T12:11:51.535+09:00  INFO 10812 --- [ch06] [http-nio-8080-exec-1] o.s.web.servlet.DispatcherServlet        : Initializing Servlet 'dispatcherServlet'
2025-03-13T12:11:51.536+09:00  INFO 10812 --- [ch06] [http-nio-8080-exec-1] o.s.web.servlet.DispatcherServlet        : Completed initialization in 1 ms
2025-03-13T12:11:51.539+09:00  INFO 10812 --- [ch06] [http-nio-8080-exec-1] kr.co.ch06.controller.User1Controller    : uid: ss1003
2025-03-13T12:11:51.539+09:00  INFO 10812 --- [ch06] [http-nio-8080-exec-1] com.zaxxer.hikari.HikariDataSource       : HikariPool-5 - Starting...
2025-03-13T12:11:51.568+09:00  INFO 10812 --- [ch06] [http-nio-8080-exec-1] com.zaxxer.hikari.pool.HikariPool        : HikariPool-5 - Added connection com.mysql.cj.jdbc.ConnectionImpl@7d4b49aa
2025-03-13T12:11:51.568+09:00  INFO 10812 --- [ch06] [http-nio-8080-exec-1] com.zaxxer.hikari.HikariDataSource       : HikariPool-5 - Start completed.
2025-03-13T12:11:55.240+09:00  INFO 10812 --- [ch06] [http-nio-8080-exec-5] kr.co.ch06.controller.User1Controller    : uid: ss1002
2025-03-13T12:11:57.100+09:00  INFO 10812 --- [ch06] [http-nio-8080-exec-2] kr.co.ch06.controller.User1Controller    : uid: ss1001
2025-03-13T12:11:58.957+09:00  INFO 10812 --- [ch06] [http-nio-8080-exec-7] kr.co.ch06.controller.User1Controller    : uid: ss1003
2025-03-13T12:13:50.538+09:00  INFO 10812 --- [ch06] [File Watcher] rtingClassPathChangeChangedEventListener : Restarting due to 1 class path change (0 additions, 1 deletion, 0 modifications)
2025-03-13T12:13:50.539+09:00  INFO 10812 --- [ch06] [Thread-59] o.s.b.w.e.tomcat.GracefulShutdown        : Commencing graceful shutdown. Waiting for active requests to complete
2025-03-13T12:13:50.711+09:00  INFO 10812 --- [ch06] [tomcat-shutdown] o.s.b.w.e.tomcat.GracefulShutdown        : Graceful shutdown complete
2025-03-13T12:13:50.713+09:00  INFO 10812 --- [ch06] [Thread-59] com.zaxxer.hikari.HikariDataSource       : HikariPool-5 - Shutdown initiated...
2025-03-13T12:13:50.715+09:00  INFO 10812 --- [ch06] [Thread-59] com.zaxxer.hikari.HikariDataSource       : HikariPool-5 - Shutdown completed.
2025-03-13T12:13:50.852+09:00  INFO 10812 --- [ch06] [restartedMain] kr.co.ch06.Ch06Application               : Starting Ch06Application using Java 17.0.12 with PID 10812 (C:\Users\lotte6\Desktop\workspace\Spring\ch06\build\classes\java\main started by lotte6 in C:\Users\lotte6\Desktop\workspace\Spring\ch06)
2025-03-13T12:13:50.853+09:00  INFO 10812 --- [ch06] [restartedMain] kr.co.ch06.Ch06Application               : No active profile set, falling back to 1 default profile: "default"
2025-03-13T12:13:51.322+09:00  INFO 10812 --- [ch06] [restartedMain] o.s.b.w.embedded.tomcat.TomcatWebServer  : Tomcat initialized with port 8080 (http)
2025-03-13T12:13:51.323+09:00  INFO 10812 --- [ch06] [restartedMain] o.apache.catalina.core.StandardService   : Starting service [Tomcat]
2025-03-13T12:13:51.323+09:00  INFO 10812 --- [ch06] [restartedMain] o.apache.catalina.core.StandardEngine    : Starting Servlet engine: [Apache Tomcat/10.1.36]
2025-03-13T12:13:51.333+09:00  INFO 10812 --- [ch06] [restartedMain] o.a.c.c.C.[Tomcat].[localhost].[/ch06]   : Initializing Spring embedded WebApplicationContext
2025-03-13T12:13:51.333+09:00  INFO 10812 --- [ch06] [restartedMain] w.s.c.ServletWebServerApplicationContext : Root WebApplicationContext: initialization completed in 479 ms
2025-03-13T12:13:51.428+09:00  INFO 10812 --- [ch06] [restartedMain] o.s.b.a.w.s.WelcomePageHandlerMapping    : Adding welcome page template: index
2025-03-13T12:13:51.504+09:00  INFO 10812 --- [ch06] [restartedMain] o.s.b.d.a.OptionalLiveReloadServer       : LiveReload server is running on port 35729
2025-03-13T12:13:51.510+09:00  INFO 10812 --- [ch06] [restartedMain] o.s.b.w.embedded.tomcat.TomcatWebServer  : Tomcat started on port 8080 (http) with context path '/ch06'
2025-03-13T12:13:51.513+09:00  INFO 10812 --- [ch06] [restartedMain] kr.co.ch06.Ch06Application               : Started Ch06Application in 0.696 seconds (process running for 728.817)
2025-03-13T12:13:51.513+09:00  INFO 10812 --- [ch06] [restartedMain] .ConditionEvaluationDeltaLoggingListener : Condition evaluation unchanged
2025-03-13T12:13:52.934+09:00  INFO 10812 --- [ch06] [File Watcher] rtingClassPathChangeChangedEventListener : Restarting due to 14 class path changes (1 addition, 0 deletions, 13 modifications)
2025-03-13T12:13:52.935+09:00  INFO 10812 --- [ch06] [Thread-63] o.s.b.w.e.tomcat.GracefulShutdown        : Commencing graceful shutdown. Waiting for active requests to complete
2025-03-13T12:13:53.075+09:00  INFO 10812 --- [ch06] [tomcat-shutdown] o.s.b.w.e.tomcat.GracefulShutdown        : Graceful shutdown complete
2025-03-13T12:13:53.305+09:00  INFO 10812 --- [ch06] [restartedMain] kr.co.ch06.Ch06Application               : Starting Ch06Application using Java 17.0.12 with PID 10812 (C:\Users\lotte6\Desktop\workspace\Spring\ch06\build\classes\java\main started by lotte6 in C:\Users\lotte6\Desktop\workspace\Spring\ch06)
2025-03-13T12:13:53.306+09:00  INFO 10812 --- [ch06] [restartedMain] kr.co.ch06.Ch06Application               : No active profile set, falling back to 1 default profile: "default"
2025-03-13T12:13:53.745+09:00  INFO 10812 --- [ch06] [restartedMain] o.s.b.w.embedded.tomcat.TomcatWebServer  : Tomcat initialized with port 8080 (http)
2025-03-13T12:13:53.745+09:00  INFO 10812 --- [ch06] [restartedMain] o.apache.catalina.core.StandardService   : Starting service [Tomcat]
2025-03-13T12:13:53.745+09:00  INFO 10812 --- [ch06] [restartedMain] o.apache.catalina.core.StandardEngine    : Starting Servlet engine: [Apache Tomcat/10.1.36]
2025-03-13T12:13:53.756+09:00  INFO 10812 --- [ch06] [restartedMain] o.a.c.c.C.[Tomcat].[localhost].[/ch06]   : Initializing Spring embedded WebApplicationContext
2025-03-13T12:13:53.756+09:00  INFO 10812 --- [ch06] [restartedMain] w.s.c.ServletWebServerApplicationContext : Root WebApplicationContext: initialization completed in 449 ms
2025-03-13T12:13:53.824+09:00  INFO 10812 --- [ch06] [restartedMain] o.s.b.a.w.s.WelcomePageHandlerMapping    : Adding welcome page template: index
2025-03-13T12:13:53.860+09:00  INFO 10812 --- [ch06] [restartedMain] o.s.b.d.a.OptionalLiveReloadServer       : LiveReload server is running on port 35729
2025-03-13T12:13:53.866+09:00  INFO 10812 --- [ch06] [restartedMain] o.s.b.w.embedded.tomcat.TomcatWebServer  : Tomcat started on port 8080 (http) with context path '/ch06'
2025-03-13T12:13:53.869+09:00  INFO 10812 --- [ch06] [restartedMain] kr.co.ch06.Ch06Application               : Started Ch06Application in 0.634 seconds (process running for 731.173)
2025-03-13T12:13:53.870+09:00  INFO 10812 --- [ch06] [restartedMain] .ConditionEvaluationDeltaLoggingListener : Condition evaluation unchanged
2025-03-13T12:13:56.293+09:00  INFO 10812 --- [ch06] [http-nio-8080-exec-1] o.a.c.c.C.[Tomcat].[localhost].[/ch06]   : Initializing Spring DispatcherServlet 'dispatcherServlet'
2025-03-13T12:13:56.293+09:00  INFO 10812 --- [ch06] [http-nio-8080-exec-1] o.s.web.servlet.DispatcherServlet        : Initializing Servlet 'dispatcherServlet'
2025-03-13T12:13:56.295+09:00  INFO 10812 --- [ch06] [http-nio-8080-exec-1] o.s.web.servlet.DispatcherServlet        : Completed initialization in 1 ms
2025-03-13T12:13:56.296+09:00  INFO 10812 --- [ch06] [http-nio-8080-exec-1] kr.co.ch06.controller.User1Controller    : uid: ss1003
2025-03-13T12:13:56.297+09:00  INFO 10812 --- [ch06] [http-nio-8080-exec-1] com.zaxxer.hikari.HikariDataSource       : HikariPool-6 - Starting...
2025-03-13T12:13:56.326+09:00  INFO 10812 --- [ch06] [http-nio-8080-exec-1] com.zaxxer.hikari.pool.HikariPool        : HikariPool-6 - Added connection com.mysql.cj.jdbc.ConnectionImpl@6ad7dad
2025-03-13T12:13:56.326+09:00  INFO 10812 --- [ch06] [http-nio-8080-exec-1] com.zaxxer.hikari.HikariDataSource       : HikariPool-6 - Start completed.
2025-03-13T12:13:58.071+09:00  INFO 10812 --- [ch06] [http-nio-8080-exec-2] kr.co.ch06.controller.User1Controller    : uid: ss1003
2025-03-13T12:13:58.274+09:00  INFO 10812 --- [ch06] [http-nio-8080-exec-5] kr.co.ch06.controller.User1Controller    : uid: ss1003
2025-03-13T12:13:58.449+09:00  INFO 10812 --- [ch06] [http-nio-8080-exec-4] kr.co.ch06.controller.User1Controller    : uid: ss1003
2025-03-13T12:13:58.620+09:00  INFO 10812 --- [ch06] [http-nio-8080-exec-8] kr.co.ch06.controller.User1Controller    : uid: ss1003
2025-03-13T12:13:58.795+09:00  INFO 10812 --- [ch06] [http-nio-8080-exec-10] kr.co.ch06.controller.User1Controller    : uid: ss1003
2025-03-13T12:13:58.974+09:00  INFO 10812 --- [ch06] [http-nio-8080-exec-7] kr.co.ch06.controller.User1Controller    : uid: ss1003
2025-03-13T12:13:59.148+09:00  INFO 10812 --- [ch06] [http-nio-8080-exec-3] kr.co.ch06.controller.User1Controller    : uid: ss1003
2025-03-13T12:13:59.348+09:00  INFO 10812 --- [ch06] [http-nio-8080-exec-9] kr.co.ch06.controller.User1Controller    : uid: ss1003
2025-03-13T12:14:10.992+09:00  INFO 10812 --- [ch06] [http-nio-8080-exec-6] kr.co.ch06.controller.User1Controller    : user1DTO: User1DTO(uid=ss1003, name=김춘우, hp=010-2121-0333, age=23)
2025-03-13T12:17:38.160+09:00  INFO 10812 --- [ch06] [File Watcher] rtingClassPathChangeChangedEventListener : Restarting due to 15 class path changes (0 additions, 0 deletions, 15 modifications)
2025-03-13T12:17:38.162+09:00  INFO 10812 --- [ch06] [Thread-67] o.s.b.w.e.tomcat.GracefulShutdown        : Commencing graceful shutdown. Waiting for active requests to complete
2025-03-13T12:17:38.534+09:00  INFO 10812 --- [ch06] [tomcat-shutdown] o.s.b.w.e.tomcat.GracefulShutdown        : Graceful shutdown complete
2025-03-13T12:17:38.542+09:00  INFO 10812 --- [ch06] [Thread-67] com.zaxxer.hikari.HikariDataSource       : HikariPool-6 - Shutdown initiated...
2025-03-13T12:17:38.564+09:00  INFO 10812 --- [ch06] [Thread-67] com.zaxxer.hikari.HikariDataSource       : HikariPool-6 - Shutdown completed.
2025-03-13T12:17:38.706+09:00  INFO 10812 --- [ch06] [restartedMain] kr.co.ch06.Ch06Application               : Starting Ch06Application using Java 17.0.12 with PID 10812 (C:\Users\lotte6\Desktop\workspace\Spring\ch06\build\classes\java\main started by lotte6 in C:\Users\lotte6\Desktop\workspace\Spring\ch06)
2025-03-13T12:17:38.707+09:00  INFO 10812 --- [ch06] [restartedMain] kr.co.ch06.Ch06Application               : No active profile set, falling back to 1 default profile: "default"
2025-03-13T12:17:39.042+09:00  INFO 10812 --- [ch06] [restartedMain] o.s.b.w.embedded.tomcat.TomcatWebServer  : Tomcat initialized with port 8080 (http)
2025-03-13T12:17:39.042+09:00  INFO 10812 --- [ch06] [restartedMain] o.apache.catalina.core.StandardService   : Starting service [Tomcat]
2025-03-13T12:17:39.042+09:00  INFO 10812 --- [ch06] [restartedMain] o.apache.catalina.core.StandardEngine    : Starting Servlet engine: [Apache Tomcat/10.1.36]
2025-03-13T12:17:39.053+09:00  INFO 10812 --- [ch06] [restartedMain] o.a.c.c.C.[Tomcat].[localhost].[/ch06]   : Initializing Spring embedded WebApplicationContext
2025-03-13T12:17:39.053+09:00  INFO 10812 --- [ch06] [restartedMain] w.s.c.ServletWebServerApplicationContext : Root WebApplicationContext: initialization completed in 345 ms
2025-03-13T12:17:39.111+09:00  INFO 10812 --- [ch06] [restartedMain] o.s.b.a.w.s.WelcomePageHandlerMapping    : Adding welcome page template: index
2025-03-13T12:17:39.250+09:00  INFO 10812 --- [ch06] [restartedMain] o.s.b.d.a.OptionalLiveReloadServer       : LiveReload server is running on port 35729
2025-03-13T12:17:39.258+09:00  INFO 10812 --- [ch06] [restartedMain] o.s.b.w.embedded.tomcat.TomcatWebServer  : Tomcat started on port 8080 (http) with context path '/ch06'
2025-03-13T12:17:39.280+09:00  INFO 10812 --- [ch06] [restartedMain] kr.co.ch06.Ch06Application               : Started Ch06Application in 0.612 seconds (process running for 956.583)
2025-03-13T12:17:39.281+09:00  INFO 10812 --- [ch06] [restartedMain] .ConditionEvaluationDeltaLoggingListener : Condition evaluation unchanged
2025-03-13T12:17:39.351+09:00  INFO 10812 --- [ch06] [http-nio-8080-exec-1] o.a.c.c.C.[Tomcat].[localhost].[/ch06]   : Initializing Spring DispatcherServlet 'dispatcherServlet'
2025-03-13T12:17:39.351+09:00  INFO 10812 --- [ch06] [http-nio-8080-exec-1] o.s.web.servlet.DispatcherServlet        : Initializing Servlet 'dispatcherServlet'
2025-03-13T12:17:39.353+09:00  INFO 10812 --- [ch06] [http-nio-8080-exec-1] o.s.web.servlet.DispatcherServlet        : Completed initialization in 1 ms
2025-03-13T12:17:39.355+09:00  INFO 10812 --- [ch06] [http-nio-8080-exec-1] com.zaxxer.hikari.HikariDataSource       : HikariPool-7 - Starting...
2025-03-13T12:17:39.384+09:00  INFO 10812 --- [ch06] [http-nio-8080-exec-1] com.zaxxer.hikari.pool.HikariPool        : HikariPool-7 - Added connection com.mysql.cj.jdbc.ConnectionImpl@53c13cd9
2025-03-13T12:17:39.386+09:00  INFO 10812 --- [ch06] [http-nio-8080-exec-1] com.zaxxer.hikari.HikariDataSource       : HikariPool-7 - Start completed.
2025-03-13T12:17:42.941+09:00  INFO 10812 --- [ch06] [http-nio-8080-exec-6] kr.co.ch06.controller.User1Controller    : uid: ss1002
2025-03-13T12:17:44.029+09:00  INFO 10812 --- [ch06] [http-nio-8080-exec-8] kr.co.ch06.controller.User1Controller    : uid: ss1001
2025-03-13T12:19:02.567+09:00  INFO 10812 --- [ch06] [File Watcher] rtingClassPathChangeChangedEventListener : Restarting due to 1 class path change (0 additions, 1 deletion, 0 modifications)
2025-03-13T12:19:02.568+09:00  INFO 10812 --- [ch06] [Thread-71] o.s.b.w.e.tomcat.GracefulShutdown        : Commencing graceful shutdown. Waiting for active requests to complete
2025-03-13T12:19:02.814+09:00  INFO 10812 --- [ch06] [tomcat-shutdown] o.s.b.w.e.tomcat.GracefulShutdown        : Graceful shutdown complete
2025-03-13T12:19:02.816+09:00  INFO 10812 --- [ch06] [Thread-71] com.zaxxer.hikari.HikariDataSource       : HikariPool-7 - Shutdown initiated...
2025-03-13T12:19:02.839+09:00  INFO 10812 --- [ch06] [Thread-71] com.zaxxer.hikari.HikariDataSource       : HikariPool-7 - Shutdown completed.
2025-03-13T12:19:03.008+09:00  INFO 10812 --- [ch06] [restartedMain] kr.co.ch06.Ch06Application               : Starting Ch06Application using Java 17.0.12 with PID 10812 (C:\Users\lotte6\Desktop\workspace\Spring\ch06\build\classes\java\main started by lotte6 in C:\Users\lotte6\Desktop\workspace\Spring\ch06)
2025-03-13T12:19:03.008+09:00  INFO 10812 --- [ch06] [restartedMain] kr.co.ch06.Ch06Application               : No active profile set, falling back to 1 default profile: "default"
2025-03-13T12:19:03.563+09:00  INFO 10812 --- [ch06] [restartedMain] o.s.b.w.embedded.tomcat.TomcatWebServer  : Tomcat initialized with port 8080 (http)
2025-03-13T12:19:03.564+09:00  INFO 10812 --- [ch06] [restartedMain] o.apache.catalina.core.StandardService   : Starting service [Tomcat]
2025-03-13T12:19:03.564+09:00  INFO 10812 --- [ch06] [restartedMain] o.apache.catalina.core.StandardEngine    : Starting Servlet engine: [Apache Tomcat/10.1.36]
2025-03-13T12:19:03.596+09:00  INFO 10812 --- [ch06] [restartedMain] o.a.c.c.C.[Tomcat].[localhost].[/ch06]   : Initializing Spring embedded WebApplicationContext
2025-03-13T12:19:03.596+09:00  INFO 10812 --- [ch06] [restartedMain] w.s.c.ServletWebServerApplicationContext : Root WebApplicationContext: initialization completed in 586 ms
2025-03-13T12:19:03.698+09:00  INFO 10812 --- [ch06] [restartedMain] o.s.b.a.w.s.WelcomePageHandlerMapping    : Adding welcome page template: index
2025-03-13T12:19:03.838+09:00  INFO 10812 --- [ch06] [restartedMain] o.s.b.d.a.OptionalLiveReloadServer       : LiveReload server is running on port 35729
2025-03-13T12:19:03.868+09:00  INFO 10812 --- [ch06] [restartedMain] o.s.b.w.embedded.tomcat.TomcatWebServer  : Tomcat started on port 8080 (http) with context path '/ch06'
2025-03-13T12:19:03.872+09:00  INFO 10812 --- [ch06] [restartedMain] kr.co.ch06.Ch06Application               : Started Ch06Application in 0.921 seconds (process running for 1041.175)
2025-03-13T12:19:03.872+09:00  INFO 10812 --- [ch06] [restartedMain] .ConditionEvaluationDeltaLoggingListener : Condition evaluation unchanged
2025-03-13T12:19:03.949+09:00  INFO 10812 --- [ch06] [http-nio-8080-exec-1] o.a.c.c.C.[Tomcat].[localhost].[/ch06]   : Initializing Spring DispatcherServlet 'dispatcherServlet'
2025-03-13T12:19:03.950+09:00  INFO 10812 --- [ch06] [http-nio-8080-exec-1] o.s.web.servlet.DispatcherServlet        : Initializing Servlet 'dispatcherServlet'
2025-03-13T12:19:03.967+09:00  INFO 10812 --- [ch06] [http-nio-8080-exec-1] o.s.web.servlet.DispatcherServlet        : Completed initialization in 16 ms
2025-03-13T12:19:05.273+09:00  INFO 10812 --- [ch06] [File Watcher] rtingClassPathChangeChangedEventListener : Restarting due to 1 class path change (1 addition, 0 deletions, 0 modifications)
2025-03-13T12:19:05.274+09:00  INFO 10812 --- [ch06] [Thread-75] o.s.b.w.e.tomcat.GracefulShutdown        : Commencing graceful shutdown. Waiting for active requests to complete
2025-03-13T12:19:05.347+09:00  INFO 10812 --- [ch06] [tomcat-shutdown] o.s.b.w.e.tomcat.GracefulShutdown        : Graceful shutdown complete
2025-03-13T12:19:05.523+09:00  INFO 10812 --- [ch06] [restartedMain] kr.co.ch06.Ch06Application               : Starting Ch06Application using Java 17.0.12 with PID 10812 (C:\Users\lotte6\Desktop\workspace\Spring\ch06\build\classes\java\main started by lotte6 in C:\Users\lotte6\Desktop\workspace\Spring\ch06)
2025-03-13T12:19:05.523+09:00  INFO 10812 --- [ch06] [restartedMain] kr.co.ch06.Ch06Application               : No active profile set, falling back to 1 default profile: "default"
2025-03-13T12:19:05.936+09:00  INFO 10812 --- [ch06] [restartedMain] o.s.b.w.embedded.tomcat.TomcatWebServer  : Tomcat initialized with port 8080 (http)
2025-03-13T12:19:05.936+09:00  INFO 10812 --- [ch06] [restartedMain] o.apache.catalina.core.StandardService   : Starting service [Tomcat]
2025-03-13T12:19:05.936+09:00  INFO 10812 --- [ch06] [restartedMain] o.apache.catalina.core.StandardEngine    : Starting Servlet engine: [Apache Tomcat/10.1.36]
2025-03-13T12:19:05.965+09:00  INFO 10812 --- [ch06] [restartedMain] o.a.c.c.C.[Tomcat].[localhost].[/ch06]   : Initializing Spring embedded WebApplicationContext
2025-03-13T12:19:05.965+09:00  INFO 10812 --- [ch06] [restartedMain] w.s.c.ServletWebServerApplicationContext : Root WebApplicationContext: initialization completed in 440 ms
2025-03-13T12:19:05.998+09:00  INFO 10812 --- [ch06] [restartedMain] o.s.b.a.w.s.WelcomePageHandlerMapping    : Adding welcome page template: index
2025-03-13T12:19:06.036+09:00  INFO 10812 --- [ch06] [restartedMain] o.s.b.d.a.OptionalLiveReloadServer       : LiveReload server is running on port 35729
2025-03-13T12:19:06.043+09:00  INFO 10812 --- [ch06] [restartedMain] o.s.b.w.embedded.tomcat.TomcatWebServer  : Tomcat started on port 8080 (http) with context path '/ch06'
2025-03-13T12:19:06.045+09:00  INFO 10812 --- [ch06] [restartedMain] kr.co.ch06.Ch06Application               : Started Ch06Application in 0.624 seconds (process running for 1043.348)
2025-03-13T12:19:06.046+09:00  INFO 10812 --- [ch06] [restartedMain] .ConditionEvaluationDeltaLoggingListener : Condition evaluation unchanged
2025-03-13T12:20:15.383+09:00  INFO 10812 --- [ch06] [SpringApplicationShutdownHook] o.s.b.w.e.tomcat.GracefulShutdown        : Commencing graceful shutdown. Waiting for active requests to complete
2025-03-13T12:20:15.559+09:00  INFO 10812 --- [ch06] [tomcat-shutdown] o.s.b.w.e.tomcat.GracefulShutdown        : Graceful shutdown complete
