2024-03-12T12:36:55.359+09:00  INFO 9420 --- [ch07] [restartedMain] kr.co.ch07.Ch07Application               : Starting Ch07Application using Java 17.0.9 with PID 9420 (C:\Users\java\Desktop\Workspace\Spring\ch07\build\classes\java\main started by java in C:\Users\java\Desktop\Workspace\Spring\ch07)
2024-03-12T12:36:55.360+09:00  INFO 9420 --- [ch07] [restartedMain] kr.co.ch07.Ch07Application               : No active profile set, falling back to 1 default profile: "default"
2024-03-12T12:36:55.384+09:00  INFO 9420 --- [ch07] [restartedMain] .e.DevToolsPropertyDefaultsPostProcessor : Devtools property defaults active! Set 'spring.devtools.add-properties' to 'false' to disable
2024-03-12T12:36:55.384+09:00  INFO 9420 --- [ch07] [restartedMain] .e.DevToolsPropertyDefaultsPostProcessor : For additional web related logging consider setting the 'logging.level.web' property to 'DEBUG'
2024-03-12T12:36:55.719+09:00  INFO 9420 --- [ch07] [restartedMain] .s.d.r.c.RepositoryConfigurationDelegate : Bootstrapping Spring Data JPA repositories in DEFAULT mode.
2024-03-12T12:36:55.756+09:00  INFO 9420 --- [ch07] [restartedMain] .s.d.r.c.RepositoryConfigurationDelegate : Finished Spring Data repository scanning in 30 ms. Found 1 JPA repository interface.
2024-03-12T12:36:56.034+09:00  INFO 9420 --- [ch07] [restartedMain] o.s.b.w.embedded.tomcat.TomcatWebServer  : Tomcat initialized with port 8080 (http)
2024-03-12T12:36:56.040+09:00  INFO 9420 --- [ch07] [restartedMain] o.apache.catalina.core.StandardService   : Starting service [Tomcat]
2024-03-12T12:36:56.040+09:00  INFO 9420 --- [ch07] [restartedMain] o.apache.catalina.core.StandardEngine    : Starting Servlet engine: [Apache Tomcat/10.1.19]
2024-03-12T12:36:56.067+09:00  INFO 9420 --- [ch07] [restartedMain] o.a.c.c.C.[Tomcat].[localhost].[/ch07]   : Initializing Spring embedded WebApplicationContext
2024-03-12T12:36:56.067+09:00  INFO 9420 --- [ch07] [restartedMain] w.s.c.ServletWebServerApplicationContext : Root WebApplicationContext: initialization completed in 681 ms
2024-03-12T12:36:56.144+09:00  INFO 9420 --- [ch07] [restartedMain] o.hibernate.jpa.internal.util.LogHelper  : HHH000204: Processing PersistenceUnitInfo [name: default]
2024-03-12T12:36:56.171+09:00  INFO 9420 --- [ch07] [restartedMain] org.hibernate.Version                    : HHH000412: Hibernate ORM core version 6.4.4.Final
2024-03-12T12:36:56.188+09:00  INFO 9420 --- [ch07] [restartedMain] o.h.c.internal.RegionFactoryInitiator    : HHH000026: Second-level cache disabled
2024-03-12T12:36:56.315+09:00  INFO 9420 --- [ch07] [restartedMain] o.s.o.j.p.SpringPersistenceUnitInfo      : No LoadTimeWeaver setup: ignoring JPA class transformer
2024-03-12T12:36:56.329+09:00  INFO 9420 --- [ch07] [restartedMain] com.zaxxer.hikari.HikariDataSource       : HikariPool-1 - Starting...
2024-03-12T12:36:56.476+09:00  INFO 9420 --- [ch07] [restartedMain] com.zaxxer.hikari.pool.HikariPool        : HikariPool-1 - Added connection com.mysql.cj.jdbc.ConnectionImpl@42b1d8b
2024-03-12T12:36:56.478+09:00  INFO 9420 --- [ch07] [restartedMain] com.zaxxer.hikari.HikariDataSource       : HikariPool-1 - Start completed.
2024-03-12T12:36:56.505+09:00  WARN 9420 --- [ch07] [restartedMain] org.hibernate.orm.deprecation            : HHH90000025: MySQLDialect does not need to be specified explicitly using 'hibernate.dialect' (remove the property setting and it will be selected by default)
2024-03-12T12:36:56.950+09:00  INFO 9420 --- [ch07] [restartedMain] o.h.e.t.j.p.i.JtaPlatformInitiator       : HHH000489: No JTA platform available (set 'hibernate.transaction.jta.platform' to enable JTA platform integration)
2024-03-12T12:36:56.978+09:00  INFO 9420 --- [ch07] [restartedMain] j.LocalContainerEntityManagerFactoryBean : Initialized JPA EntityManagerFactory for persistence unit 'default'
2024-03-12T12:36:57.150+09:00  INFO 9420 --- [ch07] [restartedMain] o.s.d.j.r.query.QueryEnhancerFactory     : Hibernate is in classpath; If applicable, HQL parser will be used.
2024-03-12T12:36:57.371+09:00  WARN 9420 --- [ch07] [restartedMain] JpaBaseConfiguration$JpaWebConfiguration : spring.jpa.open-in-view is enabled by default. Therefore, database queries may be performed during view rendering. Explicitly configure spring.jpa.open-in-view to disable this warning
2024-03-12T12:36:57.382+09:00  INFO 9420 --- [ch07] [restartedMain] o.s.b.a.w.s.WelcomePageHandlerMapping    : Adding welcome page template: index
2024-03-12T12:36:57.545+09:00  INFO 9420 --- [ch07] [restartedMain] o.s.b.d.a.OptionalLiveReloadServer       : LiveReload server is running on port 35729
2024-03-12T12:36:57.564+09:00  INFO 9420 --- [ch07] [restartedMain] o.s.b.w.embedded.tomcat.TomcatWebServer  : Tomcat started on port 8080 (http) with context path '/ch07'
2024-03-12T12:36:57.569+09:00  INFO 9420 --- [ch07] [restartedMain] kr.co.ch07.Ch07Application               : Started Ch07Application in 2.409 seconds (process running for 2.71)
2024-03-12T12:37:06.717+09:00  INFO 9420 --- [ch07] [http-nio-8080-exec-1] o.a.c.c.C.[Tomcat].[localhost].[/ch07]   : Initializing Spring DispatcherServlet 'dispatcherServlet'
2024-03-12T12:37:06.717+09:00  INFO 9420 --- [ch07] [http-nio-8080-exec-1] o.s.web.servlet.DispatcherServlet        : Initializing Servlet 'dispatcherServlet'
2024-03-12T12:37:06.718+09:00  INFO 9420 --- [ch07] [http-nio-8080-exec-1] o.s.web.servlet.DispatcherServlet        : Completed initialization in 1 ms
2024-03-12T12:51:10.879+09:00  INFO 9420 --- [ch07] [SpringApplicationShutdownHook] j.LocalContainerEntityManagerFactoryBean : Closing JPA EntityManagerFactory for persistence unit 'default'
2024-03-12T12:51:10.881+09:00  INFO 9420 --- [ch07] [SpringApplicationShutdownHook] com.zaxxer.hikari.HikariDataSource       : HikariPool-1 - Shutdown initiated...
2024-03-12T12:51:10.885+09:00  INFO 9420 --- [ch07] [SpringApplicationShutdownHook] com.zaxxer.hikari.HikariDataSource       : HikariPool-1 - Shutdown completed.
2024-03-12T14:50:43.289+09:00  INFO 3900 --- [ch07] [main] k.c.c.r.board.BoardRepositoryTest        : Starting BoardRepositoryTest using Java 17.0.9 with PID 3900 (started by java in C:\Users\java\Desktop\Workspace\Spring\ch07)
2024-03-12T14:50:43.290+09:00  INFO 3900 --- [ch07] [main] k.c.c.r.board.BoardRepositoryTest        : No active profile set, falling back to 1 default profile: "default"
2024-03-12T14:50:43.691+09:00  INFO 3900 --- [ch07] [main] .s.d.r.c.RepositoryConfigurationDelegate : Bootstrapping Spring Data JPA repositories in DEFAULT mode.
2024-03-12T14:50:43.746+09:00  INFO 3900 --- [ch07] [main] .s.d.r.c.RepositoryConfigurationDelegate : Finished Spring Data repository scanning in 49 ms. Found 5 JPA repository interfaces.
2024-03-12T14:50:44.157+09:00  INFO 3900 --- [ch07] [main] o.hibernate.jpa.internal.util.LogHelper  : HHH000204: Processing PersistenceUnitInfo [name: default]
2024-03-12T14:50:44.209+09:00  INFO 3900 --- [ch07] [main] org.hibernate.Version                    : HHH000412: Hibernate ORM core version 6.4.4.Final
2024-03-12T14:50:44.242+09:00  INFO 3900 --- [ch07] [main] o.h.c.internal.RegionFactoryInitiator    : HHH000026: Second-level cache disabled
2024-03-12T14:50:44.434+09:00  INFO 3900 --- [ch07] [main] o.s.o.j.p.SpringPersistenceUnitInfo      : No LoadTimeWeaver setup: ignoring JPA class transformer
2024-03-12T14:50:44.451+09:00  INFO 3900 --- [ch07] [main] com.zaxxer.hikari.HikariDataSource       : HikariPool-1 - Starting...
2024-03-12T14:50:44.662+09:00  INFO 3900 --- [ch07] [main] com.zaxxer.hikari.pool.HikariPool        : HikariPool-1 - Added connection com.mysql.cj.jdbc.ConnectionImpl@2321e482
2024-03-12T14:50:44.663+09:00  INFO 3900 --- [ch07] [main] com.zaxxer.hikari.HikariDataSource       : HikariPool-1 - Start completed.
2024-03-12T14:50:44.699+09:00  WARN 3900 --- [ch07] [main] org.hibernate.orm.deprecation            : HHH90000025: MySQLDialect does not need to be specified explicitly using 'hibernate.dialect' (remove the property setting and it will be selected by default)
2024-03-12T14:50:45.383+09:00  INFO 3900 --- [ch07] [main] o.h.e.t.j.p.i.JtaPlatformInitiator       : HHH000489: No JTA platform available (set 'hibernate.transaction.jta.platform' to enable JTA platform integration)
2024-03-12T14:50:45.547+09:00  INFO 3900 --- [ch07] [main] j.LocalContainerEntityManagerFactoryBean : Initialized JPA EntityManagerFactory for persistence unit 'default'
2024-03-12T14:50:45.857+09:00  INFO 3900 --- [ch07] [main] o.s.d.j.r.query.QueryEnhancerFactory     : Hibernate is in classpath; If applicable, HQL parser will be used.
2024-03-12T14:50:46.320+09:00  WARN 3900 --- [ch07] [main] JpaBaseConfiguration$JpaWebConfiguration : spring.jpa.open-in-view is enabled by default. Therefore, database queries may be performed during view rendering. Explicitly configure spring.jpa.open-in-view to disable this warning
2024-03-12T14:50:46.354+09:00  INFO 3900 --- [ch07] [main] o.s.b.a.w.s.WelcomePageHandlerMapping    : Adding welcome page template: index
2024-03-12T14:50:46.783+09:00  INFO 3900 --- [ch07] [main] k.c.c.r.board.BoardRepositoryTest        : Started BoardRepositoryTest in 3.717 seconds (process running for 4.345)
2024-03-12T14:50:47.199+09:00  INFO 3900 --- [ch07] [SpringApplicationShutdownHook] j.LocalContainerEntityManagerFactoryBean : Closing JPA EntityManagerFactory for persistence unit 'default'
2024-03-12T14:50:47.202+09:00  INFO 3900 --- [ch07] [SpringApplicationShutdownHook] com.zaxxer.hikari.HikariDataSource       : HikariPool-1 - Shutdown initiated...
2024-03-12T14:50:47.212+09:00  INFO 3900 --- [ch07] [SpringApplicationShutdownHook] com.zaxxer.hikari.HikariDataSource       : HikariPool-1 - Shutdown completed.
