2025-03-19T09:31:21.561+09:00  INFO 10712 --- [ch08] [restartedMain] kr.co.ch08.Ch08Application               : Starting Ch08Application using Java 17.0.12 with PID 10712 (C:\Users\lotte6\Desktop\workspace\Spring\ch08\build\classes\java\main started by lotte6 in C:\Users\lotte6\Desktop\workspace\Spring\ch08)
2025-03-19T09:31:21.567+09:00  INFO 10712 --- [ch08] [restartedMain] kr.co.ch08.Ch08Application               : No active profile set, falling back to 1 default profile: "default"
2025-03-19T09:31:21.659+09:00  INFO 10712 --- [ch08] [restartedMain] .e.DevToolsPropertyDefaultsPostProcessor : Devtools property defaults active! Set 'spring.devtools.add-properties' to 'false' to disable
2025-03-19T09:31:21.660+09:00  INFO 10712 --- [ch08] [restartedMain] .e.DevToolsPropertyDefaultsPostProcessor : For additional web related logging consider setting the 'logging.level.web' property to 'DEBUG'
2025-03-19T09:31:23.287+09:00  INFO 10712 --- [ch08] [restartedMain] .s.d.r.c.RepositoryConfigurationDelegate : Bootstrapping Spring Data JPA repositories in DEFAULT mode.
2025-03-19T09:31:23.338+09:00  INFO 10712 --- [ch08] [restartedMain] .s.d.r.c.RepositoryConfigurationDelegate : Finished Spring Data repository scanning in 27 ms. Found 0 JPA repository interfaces.
2025-03-19T09:31:24.796+09:00  INFO 10712 --- [ch08] [restartedMain] o.s.b.w.embedded.tomcat.TomcatWebServer  : Tomcat initialized with port 8080 (http)
2025-03-19T09:31:24.835+09:00  INFO 10712 --- [ch08] [restartedMain] o.apache.catalina.core.StandardService   : Starting service [Tomcat]
2025-03-19T09:31:24.836+09:00  INFO 10712 --- [ch08] [restartedMain] o.apache.catalina.core.StandardEngine    : Starting Servlet engine: [Apache Tomcat/10.1.36]
2025-03-19T09:31:24.940+09:00  INFO 10712 --- [ch08] [restartedMain] o.a.c.c.C.[Tomcat].[localhost].[/ch08]   : Initializing Spring embedded WebApplicationContext
2025-03-19T09:31:24.941+09:00  INFO 10712 --- [ch08] [restartedMain] w.s.c.ServletWebServerApplicationContext : Root WebApplicationContext: initialization completed in 3280 ms
2025-03-19T09:31:25.378+09:00  INFO 10712 --- [ch08] [restartedMain] o.hibernate.jpa.internal.util.LogHelper  : HHH000204: Processing PersistenceUnitInfo [name: default]
2025-03-19T09:31:25.529+09:00  INFO 10712 --- [ch08] [restartedMain] org.hibernate.Version                    : HHH000412: Hibernate ORM core version 6.6.8.Final
2025-03-19T09:31:25.626+09:00  INFO 10712 --- [ch08] [restartedMain] o.h.c.internal.RegionFactoryInitiator    : HHH000026: Second-level cache disabled
2025-03-19T09:31:26.405+09:00  INFO 10712 --- [ch08] [restartedMain] o.s.o.j.p.SpringPersistenceUnitInfo      : No LoadTimeWeaver setup: ignoring JPA class transformer
2025-03-19T09:31:26.494+09:00  INFO 10712 --- [ch08] [restartedMain] com.zaxxer.hikari.HikariDataSource       : HikariPool-1 - Starting...
2025-03-19T09:31:27.255+09:00  INFO 10712 --- [ch08] [restartedMain] com.zaxxer.hikari.pool.HikariPool        : HikariPool-1 - Added connection com.mysql.cj.jdbc.ConnectionImpl@55b2000f
2025-03-19T09:31:27.259+09:00  INFO 10712 --- [ch08] [restartedMain] com.zaxxer.hikari.HikariDataSource       : HikariPool-1 - Start completed.
2025-03-19T09:31:27.391+09:00  WARN 10712 --- [ch08] [restartedMain] org.hibernate.orm.deprecation            : HHH90000025: MySQLDialect does not need to be specified explicitly using 'hibernate.dialect' (remove the property setting and it will be selected by default)
2025-03-19T09:31:27.434+09:00  INFO 10712 --- [ch08] [restartedMain] org.hibernate.orm.connections.pooling    : HHH10001005: Database info:
	Database JDBC URL [Connecting through datasource 'HikariDataSource (HikariPool-1)']
	Database driver: undefined/unknown
	Database version: 8.4.3
	Autocommit mode: undefined/unknown
	Isolation level: undefined/unknown
	Minimum pool size: undefined/unknown
	Maximum pool size: undefined/unknown
2025-03-19T09:31:28.223+09:00  INFO 10712 --- [ch08] [restartedMain] o.h.e.t.j.p.i.JtaPlatformInitiator       : HHH000489: No JTA platform available (set 'hibernate.transaction.jta.platform' to enable JTA platform integration)
2025-03-19T09:31:28.237+09:00  INFO 10712 --- [ch08] [restartedMain] j.LocalContainerEntityManagerFactoryBean : Initialized JPA EntityManagerFactory for persistence unit 'default'
2025-03-19T09:31:28.358+09:00  WARN 10712 --- [ch08] [restartedMain] JpaBaseConfiguration$JpaWebConfiguration : spring.jpa.open-in-view is enabled by default. Therefore, database queries may be performed during view rendering. Explicitly configure spring.jpa.open-in-view to disable this warning
2025-03-19T09:31:28.438+09:00  INFO 10712 --- [ch08] [restartedMain] o.s.b.a.w.s.WelcomePageHandlerMapping    : Adding welcome page template: index
2025-03-19T09:31:29.439+09:00  WARN 10712 --- [ch08] [restartedMain] .s.s.UserDetailsServiceAutoConfiguration : 

Using generated security password: a358e8a0-27db-42b8-8d25-2d702841fb9d

This generated password is for development use only. Your security configuration must be updated before running your application in production.

2025-03-19T09:31:29.484+09:00  INFO 10712 --- [ch08] [restartedMain] r$InitializeUserDetailsManagerConfigurer : Global AuthenticationManager configured with UserDetailsService bean with name inMemoryUserDetailsManager
2025-03-19T09:31:29.873+09:00  INFO 10712 --- [ch08] [restartedMain] o.s.b.d.a.OptionalLiveReloadServer       : LiveReload server is running on port 35729
2025-03-19T09:31:29.959+09:00  INFO 10712 --- [ch08] [restartedMain] o.s.b.w.embedded.tomcat.TomcatWebServer  : Tomcat started on port 8080 (http) with context path '/ch08'
2025-03-19T09:31:29.980+09:00  INFO 10712 --- [ch08] [restartedMain] kr.co.ch08.Ch08Application               : Started Ch08Application in 9.396 seconds (process running for 11.009)
2025-03-19T09:31:42.497+09:00  INFO 10712 --- [ch08] [http-nio-8080-exec-2] o.a.c.c.C.[Tomcat].[localhost].[/ch08]   : Initializing Spring DispatcherServlet 'dispatcherServlet'
2025-03-19T09:31:42.498+09:00  INFO 10712 --- [ch08] [http-nio-8080-exec-2] o.s.web.servlet.DispatcherServlet        : Initializing Servlet 'dispatcherServlet'
2025-03-19T09:31:42.501+09:00  INFO 10712 --- [ch08] [http-nio-8080-exec-2] o.s.web.servlet.DispatcherServlet        : Completed initialization in 2 ms
2025-03-19T09:36:34.821+09:00  INFO 10712 --- [ch08] [File Watcher] rtingClassPathChangeChangedEventListener : Restarting due to 2 class path changes (0 additions, 0 deletions, 2 modifications)
2025-03-19T09:36:34.831+09:00  INFO 10712 --- [ch08] [Thread-5] o.s.b.w.e.tomcat.GracefulShutdown        : Commencing graceful shutdown. Waiting for active requests to complete
2025-03-19T09:36:34.999+09:00  INFO 10712 --- [ch08] [tomcat-shutdown] o.s.b.w.e.tomcat.GracefulShutdown        : Graceful shutdown complete
2025-03-19T09:36:35.010+09:00  INFO 10712 --- [ch08] [Thread-5] j.LocalContainerEntityManagerFactoryBean : Closing JPA EntityManagerFactory for persistence unit 'default'
2025-03-19T09:36:35.020+09:00  INFO 10712 --- [ch08] [Thread-5] com.zaxxer.hikari.HikariDataSource       : HikariPool-1 - Shutdown initiated...
2025-03-19T09:36:35.038+09:00  INFO 10712 --- [ch08] [Thread-5] com.zaxxer.hikari.HikariDataSource       : HikariPool-1 - Shutdown completed.
2025-03-19T09:36:35.350+09:00  INFO 10712 --- [ch08] [restartedMain] kr.co.ch08.Ch08Application               : Starting Ch08Application using Java 17.0.12 with PID 10712 (C:\Users\lotte6\Desktop\workspace\Spring\ch08\build\classes\java\main started by lotte6 in C:\Users\lotte6\Desktop\workspace\Spring\ch08)
2025-03-19T09:36:35.351+09:00  INFO 10712 --- [ch08] [restartedMain] kr.co.ch08.Ch08Application               : No active profile set, falling back to 1 default profile: "default"
2025-03-19T09:36:35.806+09:00  INFO 10712 --- [ch08] [restartedMain] .s.d.r.c.RepositoryConfigurationDelegate : Bootstrapping Spring Data JPA repositories in DEFAULT mode.
2025-03-19T09:36:35.812+09:00  INFO 10712 --- [ch08] [restartedMain] .s.d.r.c.RepositoryConfigurationDelegate : Finished Spring Data repository scanning in 2 ms. Found 0 JPA repository interfaces.
2025-03-19T09:36:36.124+09:00  INFO 10712 --- [ch08] [restartedMain] o.s.b.w.embedded.tomcat.TomcatWebServer  : Tomcat initialized with port 8080 (http)
2025-03-19T09:36:36.127+09:00  INFO 10712 --- [ch08] [restartedMain] o.apache.catalina.core.StandardService   : Starting service [Tomcat]
2025-03-19T09:36:36.128+09:00  INFO 10712 --- [ch08] [restartedMain] o.apache.catalina.core.StandardEngine    : Starting Servlet engine: [Apache Tomcat/10.1.36]
2025-03-19T09:36:36.163+09:00  INFO 10712 --- [ch08] [restartedMain] o.a.c.c.C.[Tomcat].[localhost].[/ch08]   : Initializing Spring embedded WebApplicationContext
2025-03-19T09:36:36.164+09:00  INFO 10712 --- [ch08] [restartedMain] w.s.c.ServletWebServerApplicationContext : Root WebApplicationContext: initialization completed in 807 ms
2025-03-19T09:36:36.269+09:00  INFO 10712 --- [ch08] [restartedMain] o.hibernate.jpa.internal.util.LogHelper  : HHH000204: Processing PersistenceUnitInfo [name: default]
2025-03-19T09:36:36.281+09:00  INFO 10712 --- [ch08] [restartedMain] o.h.c.internal.RegionFactoryInitiator    : HHH000026: Second-level cache disabled
2025-03-19T09:36:36.311+09:00  INFO 10712 --- [ch08] [restartedMain] o.s.o.j.p.SpringPersistenceUnitInfo      : No LoadTimeWeaver setup: ignoring JPA class transformer
2025-03-19T09:36:36.316+09:00  INFO 10712 --- [ch08] [restartedMain] com.zaxxer.hikari.HikariDataSource       : HikariPool-2 - Starting...
2025-03-19T09:36:36.350+09:00  INFO 10712 --- [ch08] [restartedMain] com.zaxxer.hikari.pool.HikariPool        : HikariPool-2 - Added connection com.mysql.cj.jdbc.ConnectionImpl@15952e0d
2025-03-19T09:36:36.351+09:00  INFO 10712 --- [ch08] [restartedMain] com.zaxxer.hikari.HikariDataSource       : HikariPool-2 - Start completed.
2025-03-19T09:36:36.355+09:00  WARN 10712 --- [ch08] [restartedMain] org.hibernate.orm.deprecation            : HHH90000025: MySQLDialect does not need to be specified explicitly using 'hibernate.dialect' (remove the property setting and it will be selected by default)
2025-03-19T09:36:36.357+09:00  INFO 10712 --- [ch08] [restartedMain] org.hibernate.orm.connections.pooling    : HHH10001005: Database info:
	Database JDBC URL [Connecting through datasource 'HikariDataSource (HikariPool-2)']
	Database driver: undefined/unknown
	Database version: 8.4.3
	Autocommit mode: undefined/unknown
	Isolation level: undefined/unknown
	Minimum pool size: undefined/unknown
	Maximum pool size: undefined/unknown
2025-03-19T09:36:36.401+09:00  INFO 10712 --- [ch08] [restartedMain] o.h.e.t.j.p.i.JtaPlatformInitiator       : HHH000489: No JTA platform available (set 'hibernate.transaction.jta.platform' to enable JTA platform integration)
2025-03-19T09:36:36.403+09:00  INFO 10712 --- [ch08] [restartedMain] j.LocalContainerEntityManagerFactoryBean : Initialized JPA EntityManagerFactory for persistence unit 'default'
2025-03-19T09:36:36.456+09:00  WARN 10712 --- [ch08] [restartedMain] JpaBaseConfiguration$JpaWebConfiguration : spring.jpa.open-in-view is enabled by default. Therefore, database queries may be performed during view rendering. Explicitly configure spring.jpa.open-in-view to disable this warning
2025-03-19T09:36:36.487+09:00  INFO 10712 --- [ch08] [restartedMain] o.s.b.a.w.s.WelcomePageHandlerMapping    : Adding welcome page template: index
2025-03-19T09:36:36.777+09:00  WARN 10712 --- [ch08] [restartedMain] .s.s.UserDetailsServiceAutoConfiguration : 

Using generated security password: 324bead7-8007-4a22-b02e-2f493abba373

This generated password is for development use only. Your security configuration must be updated before running your application in production.

2025-03-19T09:36:36.781+09:00  INFO 10712 --- [ch08] [restartedMain] r$InitializeUserDetailsManagerConfigurer : Global AuthenticationManager configured with UserDetailsService bean with name inMemoryUserDetailsManager
2025-03-19T09:36:36.860+09:00  INFO 10712 --- [ch08] [restartedMain] o.s.b.d.a.OptionalLiveReloadServer       : LiveReload server is running on port 35729
2025-03-19T09:36:36.886+09:00  INFO 10712 --- [ch08] [restartedMain] o.s.b.w.embedded.tomcat.TomcatWebServer  : Tomcat started on port 8080 (http) with context path '/ch08'
2025-03-19T09:36:36.895+09:00  INFO 10712 --- [ch08] [restartedMain] kr.co.ch08.Ch08Application               : Started Ch08Application in 1.618 seconds (process running for 317.88)
2025-03-19T09:36:36.902+09:00  INFO 10712 --- [ch08] [restartedMain] .ConditionEvaluationDeltaLoggingListener : Condition evaluation unchanged
2025-03-19T09:36:52.511+09:00  INFO 10712 --- [ch08] [File Watcher] rtingClassPathChangeChangedEventListener : Restarting due to 2 class path changes (0 additions, 0 deletions, 2 modifications)
2025-03-19T09:36:52.514+09:00  INFO 10712 --- [ch08] [Thread-7] o.s.b.w.e.tomcat.GracefulShutdown        : Commencing graceful shutdown. Waiting for active requests to complete
2025-03-19T09:36:52.676+09:00  INFO 10712 --- [ch08] [tomcat-shutdown] o.s.b.w.e.tomcat.GracefulShutdown        : Graceful shutdown complete
2025-03-19T09:36:52.679+09:00  INFO 10712 --- [ch08] [Thread-7] j.LocalContainerEntityManagerFactoryBean : Closing JPA EntityManagerFactory for persistence unit 'default'
2025-03-19T09:36:52.680+09:00  INFO 10712 --- [ch08] [Thread-7] com.zaxxer.hikari.HikariDataSource       : HikariPool-2 - Shutdown initiated...
2025-03-19T09:36:52.686+09:00  INFO 10712 --- [ch08] [Thread-7] com.zaxxer.hikari.HikariDataSource       : HikariPool-2 - Shutdown completed.
2025-03-19T09:36:52.917+09:00  INFO 10712 --- [ch08] [restartedMain] kr.co.ch08.Ch08Application               : Starting Ch08Application using Java 17.0.12 with PID 10712 (C:\Users\lotte6\Desktop\workspace\Spring\ch08\build\classes\java\main started by lotte6 in C:\Users\lotte6\Desktop\workspace\Spring\ch08)
2025-03-19T09:36:52.917+09:00  INFO 10712 --- [ch08] [restartedMain] kr.co.ch08.Ch08Application               : No active profile set, falling back to 1 default profile: "default"
2025-03-19T09:36:53.224+09:00  INFO 10712 --- [ch08] [restartedMain] .s.d.r.c.RepositoryConfigurationDelegate : Bootstrapping Spring Data JPA repositories in DEFAULT mode.
2025-03-19T09:36:53.228+09:00  INFO 10712 --- [ch08] [restartedMain] .s.d.r.c.RepositoryConfigurationDelegate : Finished Spring Data repository scanning in 2 ms. Found 0 JPA repository interfaces.
2025-03-19T09:36:53.424+09:00  INFO 10712 --- [ch08] [restartedMain] o.s.b.w.embedded.tomcat.TomcatWebServer  : Tomcat initialized with port 8080 (http)
2025-03-19T09:36:53.425+09:00  INFO 10712 --- [ch08] [restartedMain] o.apache.catalina.core.StandardService   : Starting service [Tomcat]
2025-03-19T09:36:53.426+09:00  INFO 10712 --- [ch08] [restartedMain] o.apache.catalina.core.StandardEngine    : Starting Servlet engine: [Apache Tomcat/10.1.36]
2025-03-19T09:36:53.453+09:00  INFO 10712 --- [ch08] [restartedMain] o.a.c.c.C.[Tomcat].[localhost].[/ch08]   : Initializing Spring embedded WebApplicationContext
2025-03-19T09:36:53.454+09:00  INFO 10712 --- [ch08] [restartedMain] w.s.c.ServletWebServerApplicationContext : Root WebApplicationContext: initialization completed in 533 ms
2025-03-19T09:36:53.520+09:00  INFO 10712 --- [ch08] [restartedMain] o.hibernate.jpa.internal.util.LogHelper  : HHH000204: Processing PersistenceUnitInfo [name: default]
2025-03-19T09:36:53.526+09:00  INFO 10712 --- [ch08] [restartedMain] o.h.c.internal.RegionFactoryInitiator    : HHH000026: Second-level cache disabled
2025-03-19T09:36:53.545+09:00  INFO 10712 --- [ch08] [restartedMain] o.s.o.j.p.SpringPersistenceUnitInfo      : No LoadTimeWeaver setup: ignoring JPA class transformer
2025-03-19T09:36:53.548+09:00  INFO 10712 --- [ch08] [restartedMain] com.zaxxer.hikari.HikariDataSource       : HikariPool-3 - Starting...
2025-03-19T09:36:53.572+09:00  INFO 10712 --- [ch08] [restartedMain] com.zaxxer.hikari.pool.HikariPool        : HikariPool-3 - Added connection com.mysql.cj.jdbc.ConnectionImpl@7b489fca
2025-03-19T09:36:53.573+09:00  INFO 10712 --- [ch08] [restartedMain] com.zaxxer.hikari.HikariDataSource       : HikariPool-3 - Start completed.
2025-03-19T09:36:53.576+09:00  WARN 10712 --- [ch08] [restartedMain] org.hibernate.orm.deprecation            : HHH90000025: MySQLDialect does not need to be specified explicitly using 'hibernate.dialect' (remove the property setting and it will be selected by default)
2025-03-19T09:36:53.577+09:00  INFO 10712 --- [ch08] [restartedMain] org.hibernate.orm.connections.pooling    : HHH10001005: Database info:
	Database JDBC URL [Connecting through datasource 'HikariDataSource (HikariPool-3)']
	Database driver: undefined/unknown
	Database version: 8.4.3
	Autocommit mode: undefined/unknown
	Isolation level: undefined/unknown
	Minimum pool size: undefined/unknown
	Maximum pool size: undefined/unknown
2025-03-19T09:36:53.614+09:00  INFO 10712 --- [ch08] [restartedMain] o.h.e.t.j.p.i.JtaPlatformInitiator       : HHH000489: No JTA platform available (set 'hibernate.transaction.jta.platform' to enable JTA platform integration)
2025-03-19T09:36:53.615+09:00  INFO 10712 --- [ch08] [restartedMain] j.LocalContainerEntityManagerFactoryBean : Initialized JPA EntityManagerFactory for persistence unit 'default'
2025-03-19T09:36:53.652+09:00  WARN 10712 --- [ch08] [restartedMain] JpaBaseConfiguration$JpaWebConfiguration : spring.jpa.open-in-view is enabled by default. Therefore, database queries may be performed during view rendering. Explicitly configure spring.jpa.open-in-view to disable this warning
2025-03-19T09:36:53.670+09:00  INFO 10712 --- [ch08] [restartedMain] o.s.b.a.w.s.WelcomePageHandlerMapping    : Adding welcome page template: index
2025-03-19T09:36:53.880+09:00  WARN 10712 --- [ch08] [restartedMain] .s.s.UserDetailsServiceAutoConfiguration : 

Using generated security password: 5a6329b9-656c-48ff-85c9-e26f8c880b97

This generated password is for development use only. Your security configuration must be updated before running your application in production.

2025-03-19T09:36:53.882+09:00  INFO 10712 --- [ch08] [restartedMain] r$InitializeUserDetailsManagerConfigurer : Global AuthenticationManager configured with UserDetailsService bean with name inMemoryUserDetailsManager
2025-03-19T09:36:53.948+09:00  INFO 10712 --- [ch08] [restartedMain] o.s.b.d.a.OptionalLiveReloadServer       : LiveReload server is running on port 35729
2025-03-19T09:36:53.973+09:00  INFO 10712 --- [ch08] [restartedMain] o.s.b.w.embedded.tomcat.TomcatWebServer  : Tomcat started on port 8080 (http) with context path '/ch08'
2025-03-19T09:36:53.988+09:00  INFO 10712 --- [ch08] [restartedMain] kr.co.ch08.Ch08Application               : Started Ch08Application in 1.121 seconds (process running for 334.971)
2025-03-19T09:36:53.992+09:00  INFO 10712 --- [ch08] [restartedMain] .ConditionEvaluationDeltaLoggingListener : Condition evaluation unchanged
2025-03-19T09:37:56.385+09:00  INFO 10712 --- [ch08] [File Watcher] rtingClassPathChangeChangedEventListener : Restarting due to 2 class path changes (0 additions, 0 deletions, 2 modifications)
2025-03-19T09:37:56.388+09:00  INFO 10712 --- [ch08] [Thread-11] o.s.b.w.e.tomcat.GracefulShutdown        : Commencing graceful shutdown. Waiting for active requests to complete
2025-03-19T09:37:56.542+09:00  INFO 10712 --- [ch08] [tomcat-shutdown] o.s.b.w.e.tomcat.GracefulShutdown        : Graceful shutdown complete
2025-03-19T09:37:56.544+09:00  INFO 10712 --- [ch08] [Thread-11] j.LocalContainerEntityManagerFactoryBean : Closing JPA EntityManagerFactory for persistence unit 'default'
2025-03-19T09:37:56.545+09:00  INFO 10712 --- [ch08] [Thread-11] com.zaxxer.hikari.HikariDataSource       : HikariPool-3 - Shutdown initiated...
2025-03-19T09:37:56.550+09:00  INFO 10712 --- [ch08] [Thread-11] com.zaxxer.hikari.HikariDataSource       : HikariPool-3 - Shutdown completed.
2025-03-19T09:37:56.747+09:00  INFO 10712 --- [ch08] [restartedMain] kr.co.ch08.Ch08Application               : Starting Ch08Application using Java 17.0.12 with PID 10712 (C:\Users\lotte6\Desktop\workspace\Spring\ch08\build\classes\java\main started by lotte6 in C:\Users\lotte6\Desktop\workspace\Spring\ch08)
2025-03-19T09:37:56.748+09:00  INFO 10712 --- [ch08] [restartedMain] kr.co.ch08.Ch08Application               : No active profile set, falling back to 1 default profile: "default"
2025-03-19T09:37:57.039+09:00  INFO 10712 --- [ch08] [restartedMain] .s.d.r.c.RepositoryConfigurationDelegate : Bootstrapping Spring Data JPA repositories in DEFAULT mode.
2025-03-19T09:37:57.045+09:00  INFO 10712 --- [ch08] [restartedMain] .s.d.r.c.RepositoryConfigurationDelegate : Finished Spring Data repository scanning in 2 ms. Found 0 JPA repository interfaces.
2025-03-19T09:37:57.217+09:00  INFO 10712 --- [ch08] [restartedMain] o.s.b.w.embedded.tomcat.TomcatWebServer  : Tomcat initialized with port 8080 (http)
2025-03-19T09:37:57.218+09:00  INFO 10712 --- [ch08] [restartedMain] o.apache.catalina.core.StandardService   : Starting service [Tomcat]
2025-03-19T09:37:57.219+09:00  INFO 10712 --- [ch08] [restartedMain] o.apache.catalina.core.StandardEngine    : Starting Servlet engine: [Apache Tomcat/10.1.36]
2025-03-19T09:37:57.245+09:00  INFO 10712 --- [ch08] [restartedMain] o.a.c.c.C.[Tomcat].[localhost].[/ch08]   : Initializing Spring embedded WebApplicationContext
2025-03-19T09:37:57.246+09:00  INFO 10712 --- [ch08] [restartedMain] w.s.c.ServletWebServerApplicationContext : Root WebApplicationContext: initialization completed in 495 ms
2025-03-19T09:37:57.320+09:00  INFO 10712 --- [ch08] [restartedMain] o.hibernate.jpa.internal.util.LogHelper  : HHH000204: Processing PersistenceUnitInfo [name: default]
2025-03-19T09:37:57.326+09:00  INFO 10712 --- [ch08] [restartedMain] o.h.c.internal.RegionFactoryInitiator    : HHH000026: Second-level cache disabled
2025-03-19T09:37:57.343+09:00  INFO 10712 --- [ch08] [restartedMain] o.s.o.j.p.SpringPersistenceUnitInfo      : No LoadTimeWeaver setup: ignoring JPA class transformer
2025-03-19T09:37:57.346+09:00  INFO 10712 --- [ch08] [restartedMain] com.zaxxer.hikari.HikariDataSource       : HikariPool-4 - Starting...
2025-03-19T09:37:57.370+09:00  INFO 10712 --- [ch08] [restartedMain] com.zaxxer.hikari.pool.HikariPool        : HikariPool-4 - Added connection com.mysql.cj.jdbc.ConnectionImpl@574e04de
2025-03-19T09:37:57.371+09:00  INFO 10712 --- [ch08] [restartedMain] com.zaxxer.hikari.HikariDataSource       : HikariPool-4 - Start completed.
2025-03-19T09:37:57.374+09:00  WARN 10712 --- [ch08] [restartedMain] org.hibernate.orm.deprecation            : HHH90000025: MySQLDialect does not need to be specified explicitly using 'hibernate.dialect' (remove the property setting and it will be selected by default)
2025-03-19T09:37:57.375+09:00  INFO 10712 --- [ch08] [restartedMain] org.hibernate.orm.connections.pooling    : HHH10001005: Database info:
	Database JDBC URL [Connecting through datasource 'HikariDataSource (HikariPool-4)']
	Database driver: undefined/unknown
	Database version: 8.4.3
	Autocommit mode: undefined/unknown
	Isolation level: undefined/unknown
	Minimum pool size: undefined/unknown
	Maximum pool size: undefined/unknown
2025-03-19T09:37:57.408+09:00  INFO 10712 --- [ch08] [restartedMain] o.h.e.t.j.p.i.JtaPlatformInitiator       : HHH000489: No JTA platform available (set 'hibernate.transaction.jta.platform' to enable JTA platform integration)
2025-03-19T09:37:57.409+09:00  INFO 10712 --- [ch08] [restartedMain] j.LocalContainerEntityManagerFactoryBean : Initialized JPA EntityManagerFactory for persistence unit 'default'
2025-03-19T09:37:57.447+09:00  WARN 10712 --- [ch08] [restartedMain] JpaBaseConfiguration$JpaWebConfiguration : spring.jpa.open-in-view is enabled by default. Therefore, database queries may be performed during view rendering. Explicitly configure spring.jpa.open-in-view to disable this warning
2025-03-19T09:37:57.475+09:00  INFO 10712 --- [ch08] [restartedMain] o.s.b.a.w.s.WelcomePageHandlerMapping    : Adding welcome page template: index
2025-03-19T09:37:57.692+09:00  WARN 10712 --- [ch08] [restartedMain] .s.s.UserDetailsServiceAutoConfiguration : 

Using generated security password: a2681369-d384-41f3-bc93-b0542d3150e8

This generated password is for development use only. Your security configuration must be updated before running your application in production.

2025-03-19T09:37:57.695+09:00  INFO 10712 --- [ch08] [restartedMain] r$InitializeUserDetailsManagerConfigurer : Global AuthenticationManager configured with UserDetailsService bean with name inMemoryUserDetailsManager
2025-03-19T09:37:57.757+09:00  INFO 10712 --- [ch08] [restartedMain] o.s.b.d.a.OptionalLiveReloadServer       : LiveReload server is running on port 35729
2025-03-19T09:37:57.785+09:00  INFO 10712 --- [ch08] [restartedMain] o.s.b.w.embedded.tomcat.TomcatWebServer  : Tomcat started on port 8080 (http) with context path '/ch08'
2025-03-19T09:37:57.795+09:00  INFO 10712 --- [ch08] [restartedMain] kr.co.ch08.Ch08Application               : Started Ch08Application in 1.101 seconds (process running for 398.769)
2025-03-19T09:37:57.799+09:00  INFO 10712 --- [ch08] [restartedMain] .ConditionEvaluationDeltaLoggingListener : Condition evaluation unchanged
2025-03-19T09:38:50.002+09:00  INFO 10712 --- [ch08] [File Watcher] rtingClassPathChangeChangedEventListener : Restarting due to 1 class path change (1 addition, 0 deletions, 0 modifications)
2025-03-19T09:38:50.012+09:00  INFO 10712 --- [ch08] [Thread-15] o.s.b.w.e.tomcat.GracefulShutdown        : Commencing graceful shutdown. Waiting for active requests to complete
2025-03-19T09:38:50.193+09:00  INFO 10712 --- [ch08] [tomcat-shutdown] o.s.b.w.e.tomcat.GracefulShutdown        : Graceful shutdown complete
2025-03-19T09:38:50.195+09:00  INFO 10712 --- [ch08] [Thread-15] j.LocalContainerEntityManagerFactoryBean : Closing JPA EntityManagerFactory for persistence unit 'default'
2025-03-19T09:38:50.197+09:00  INFO 10712 --- [ch08] [Thread-15] com.zaxxer.hikari.HikariDataSource       : HikariPool-4 - Shutdown initiated...
2025-03-19T09:38:50.204+09:00  INFO 10712 --- [ch08] [Thread-15] com.zaxxer.hikari.HikariDataSource       : HikariPool-4 - Shutdown completed.
2025-03-19T09:38:50.467+09:00  INFO 10712 --- [ch08] [restartedMain] kr.co.ch08.Ch08Application               : Starting Ch08Application using Java 17.0.12 with PID 10712 (C:\Users\lotte6\Desktop\workspace\Spring\ch08\build\classes\java\main started by lotte6 in C:\Users\lotte6\Desktop\workspace\Spring\ch08)
2025-03-19T09:38:50.468+09:00  INFO 10712 --- [ch08] [restartedMain] kr.co.ch08.Ch08Application               : No active profile set, falling back to 1 default profile: "default"
2025-03-19T09:38:50.872+09:00  INFO 10712 --- [ch08] [restartedMain] .s.d.r.c.RepositoryConfigurationDelegate : Bootstrapping Spring Data JPA repositories in DEFAULT mode.
2025-03-19T09:38:50.879+09:00  INFO 10712 --- [ch08] [restartedMain] .s.d.r.c.RepositoryConfigurationDelegate : Finished Spring Data repository scanning in 4 ms. Found 0 JPA repository interfaces.
2025-03-19T09:38:51.139+09:00  INFO 10712 --- [ch08] [restartedMain] o.s.b.w.embedded.tomcat.TomcatWebServer  : Tomcat initialized with port 8080 (http)
2025-03-19T09:38:51.141+09:00  INFO 10712 --- [ch08] [restartedMain] o.apache.catalina.core.StandardService   : Starting service [Tomcat]
2025-03-19T09:38:51.141+09:00  INFO 10712 --- [ch08] [restartedMain] o.apache.catalina.core.StandardEngine    : Starting Servlet engine: [Apache Tomcat/10.1.36]
2025-03-19T09:38:51.171+09:00  INFO 10712 --- [ch08] [restartedMain] o.a.c.c.C.[Tomcat].[localhost].[/ch08]   : Initializing Spring embedded WebApplicationContext
2025-03-19T09:38:51.171+09:00  INFO 10712 --- [ch08] [restartedMain] w.s.c.ServletWebServerApplicationContext : Root WebApplicationContext: initialization completed in 699 ms
2025-03-19T09:38:51.254+09:00  INFO 10712 --- [ch08] [restartedMain] o.hibernate.jpa.internal.util.LogHelper  : HHH000204: Processing PersistenceUnitInfo [name: default]
2025-03-19T09:38:51.261+09:00  INFO 10712 --- [ch08] [restartedMain] o.h.c.internal.RegionFactoryInitiator    : HHH000026: Second-level cache disabled
2025-03-19T09:38:51.283+09:00  INFO 10712 --- [ch08] [restartedMain] o.s.o.j.p.SpringPersistenceUnitInfo      : No LoadTimeWeaver setup: ignoring JPA class transformer
2025-03-19T09:38:51.285+09:00  INFO 10712 --- [ch08] [restartedMain] com.zaxxer.hikari.HikariDataSource       : HikariPool-5 - Starting...
2025-03-19T09:38:51.309+09:00  INFO 10712 --- [ch08] [restartedMain] com.zaxxer.hikari.pool.HikariPool        : HikariPool-5 - Added connection com.mysql.cj.jdbc.ConnectionImpl@21812088
2025-03-19T09:38:51.310+09:00  INFO 10712 --- [ch08] [restartedMain] com.zaxxer.hikari.HikariDataSource       : HikariPool-5 - Start completed.
2025-03-19T09:38:51.313+09:00  WARN 10712 --- [ch08] [restartedMain] org.hibernate.orm.deprecation            : HHH90000025: MySQLDialect does not need to be specified explicitly using 'hibernate.dialect' (remove the property setting and it will be selected by default)
2025-03-19T09:38:51.313+09:00  INFO 10712 --- [ch08] [restartedMain] org.hibernate.orm.connections.pooling    : HHH10001005: Database info:
	Database JDBC URL [Connecting through datasource 'HikariDataSource (HikariPool-5)']
	Database driver: undefined/unknown
	Database version: 8.4.3
	Autocommit mode: undefined/unknown
	Isolation level: undefined/unknown
	Minimum pool size: undefined/unknown
	Maximum pool size: undefined/unknown
2025-03-19T09:38:51.342+09:00  INFO 10712 --- [ch08] [restartedMain] o.h.e.t.j.p.i.JtaPlatformInitiator       : HHH000489: No JTA platform available (set 'hibernate.transaction.jta.platform' to enable JTA platform integration)
2025-03-19T09:38:51.343+09:00  INFO 10712 --- [ch08] [restartedMain] j.LocalContainerEntityManagerFactoryBean : Initialized JPA EntityManagerFactory for persistence unit 'default'
2025-03-19T09:38:51.378+09:00  WARN 10712 --- [ch08] [restartedMain] JpaBaseConfiguration$JpaWebConfiguration : spring.jpa.open-in-view is enabled by default. Therefore, database queries may be performed during view rendering. Explicitly configure spring.jpa.open-in-view to disable this warning
2025-03-19T09:38:51.404+09:00  INFO 10712 --- [ch08] [restartedMain] o.s.b.a.w.s.WelcomePageHandlerMapping    : Adding welcome page template: index
2025-03-19T09:38:51.639+09:00  WARN 10712 --- [ch08] [restartedMain] .s.s.UserDetailsServiceAutoConfiguration : 

Using generated security password: 27c70f48-4bab-4e67-ab60-1b494d843eae

This generated password is for development use only. Your security configuration must be updated before running your application in production.

2025-03-19T09:38:51.641+09:00  INFO 10712 --- [ch08] [restartedMain] r$InitializeUserDetailsManagerConfigurer : Global AuthenticationManager configured with UserDetailsService bean with name inMemoryUserDetailsManager
2025-03-19T09:38:51.709+09:00  INFO 10712 --- [ch08] [restartedMain] o.s.b.d.a.OptionalLiveReloadServer       : LiveReload server is running on port 35729
2025-03-19T09:38:51.737+09:00  INFO 10712 --- [ch08] [restartedMain] o.s.b.w.embedded.tomcat.TomcatWebServer  : Tomcat started on port 8080 (http) with context path '/ch08'
2025-03-19T09:38:51.745+09:00  INFO 10712 --- [ch08] [restartedMain] kr.co.ch08.Ch08Application               : Started Ch08Application in 1.342 seconds (process running for 452.712)
2025-03-19T09:38:51.749+09:00  INFO 10712 --- [ch08] [restartedMain] .ConditionEvaluationDeltaLoggingListener : Condition evaluation unchanged
2025-03-19T09:39:45.080+09:00  INFO 10712 --- [ch08] [File Watcher] rtingClassPathChangeChangedEventListener : Restarting due to 1 class path change (0 additions, 1 deletion, 0 modifications)
2025-03-19T09:39:45.083+09:00  INFO 10712 --- [ch08] [Thread-19] o.s.b.w.e.tomcat.GracefulShutdown        : Commencing graceful shutdown. Waiting for active requests to complete
2025-03-19T09:39:45.272+09:00  INFO 10712 --- [ch08] [tomcat-shutdown] o.s.b.w.e.tomcat.GracefulShutdown        : Graceful shutdown complete
2025-03-19T09:39:45.276+09:00  INFO 10712 --- [ch08] [Thread-19] j.LocalContainerEntityManagerFactoryBean : Closing JPA EntityManagerFactory for persistence unit 'default'
2025-03-19T09:39:45.277+09:00  INFO 10712 --- [ch08] [Thread-19] com.zaxxer.hikari.HikariDataSource       : HikariPool-5 - Shutdown initiated...
2025-03-19T09:39:45.281+09:00  INFO 10712 --- [ch08] [Thread-19] com.zaxxer.hikari.HikariDataSource       : HikariPool-5 - Shutdown completed.
2025-03-19T09:39:45.492+09:00  INFO 10712 --- [ch08] [restartedMain] kr.co.ch08.Ch08Application               : Starting Ch08Application using Java 17.0.12 with PID 10712 (C:\Users\lotte6\Desktop\workspace\Spring\ch08\build\classes\java\main started by lotte6 in C:\Users\lotte6\Desktop\workspace\Spring\ch08)
2025-03-19T09:39:45.493+09:00  INFO 10712 --- [ch08] [restartedMain] kr.co.ch08.Ch08Application               : No active profile set, falling back to 1 default profile: "default"
2025-03-19T09:39:45.873+09:00  INFO 10712 --- [ch08] [restartedMain] .s.d.r.c.RepositoryConfigurationDelegate : Bootstrapping Spring Data JPA repositories in DEFAULT mode.
2025-03-19T09:39:45.878+09:00  INFO 10712 --- [ch08] [restartedMain] .s.d.r.c.RepositoryConfigurationDelegate : Finished Spring Data repository scanning in 2 ms. Found 0 JPA repository interfaces.
2025-03-19T09:39:46.097+09:00  INFO 10712 --- [ch08] [restartedMain] o.s.b.w.embedded.tomcat.TomcatWebServer  : Tomcat initialized with port 8080 (http)
2025-03-19T09:39:46.099+09:00  INFO 10712 --- [ch08] [restartedMain] o.apache.catalina.core.StandardService   : Starting service [Tomcat]
2025-03-19T09:39:46.099+09:00  INFO 10712 --- [ch08] [restartedMain] o.apache.catalina.core.StandardEngine    : Starting Servlet engine: [Apache Tomcat/10.1.36]
2025-03-19T09:39:46.124+09:00  INFO 10712 --- [ch08] [restartedMain] o.a.c.c.C.[Tomcat].[localhost].[/ch08]   : Initializing Spring embedded WebApplicationContext
2025-03-19T09:39:46.125+09:00  INFO 10712 --- [ch08] [restartedMain] w.s.c.ServletWebServerApplicationContext : Root WebApplicationContext: initialization completed in 629 ms
2025-03-19T09:39:46.207+09:00  INFO 10712 --- [ch08] [restartedMain] o.hibernate.jpa.internal.util.LogHelper  : HHH000204: Processing PersistenceUnitInfo [name: default]
2025-03-19T09:39:46.213+09:00  INFO 10712 --- [ch08] [restartedMain] o.h.c.internal.RegionFactoryInitiator    : HHH000026: Second-level cache disabled
2025-03-19T09:39:46.230+09:00  INFO 10712 --- [ch08] [restartedMain] o.s.o.j.p.SpringPersistenceUnitInfo      : No LoadTimeWeaver setup: ignoring JPA class transformer
2025-03-19T09:39:46.232+09:00  INFO 10712 --- [ch08] [restartedMain] com.zaxxer.hikari.HikariDataSource       : HikariPool-6 - Starting...
2025-03-19T09:39:46.256+09:00  INFO 10712 --- [ch08] [restartedMain] com.zaxxer.hikari.pool.HikariPool        : HikariPool-6 - Added connection com.mysql.cj.jdbc.ConnectionImpl@4ab2e370
2025-03-19T09:39:46.257+09:00  INFO 10712 --- [ch08] [restartedMain] com.zaxxer.hikari.HikariDataSource       : HikariPool-6 - Start completed.
2025-03-19T09:39:46.261+09:00  WARN 10712 --- [ch08] [restartedMain] org.hibernate.orm.deprecation            : HHH90000025: MySQLDialect does not need to be specified explicitly using 'hibernate.dialect' (remove the property setting and it will be selected by default)
2025-03-19T09:39:46.262+09:00  INFO 10712 --- [ch08] [restartedMain] org.hibernate.orm.connections.pooling    : HHH10001005: Database info:
	Database JDBC URL [Connecting through datasource 'HikariDataSource (HikariPool-6)']
	Database driver: undefined/unknown
	Database version: 8.4.3
	Autocommit mode: undefined/unknown
	Isolation level: undefined/unknown
	Minimum pool size: undefined/unknown
	Maximum pool size: undefined/unknown
2025-03-19T09:39:46.296+09:00  INFO 10712 --- [ch08] [restartedMain] o.h.e.t.j.p.i.JtaPlatformInitiator       : HHH000489: No JTA platform available (set 'hibernate.transaction.jta.platform' to enable JTA platform integration)
2025-03-19T09:39:46.297+09:00  INFO 10712 --- [ch08] [restartedMain] j.LocalContainerEntityManagerFactoryBean : Initialized JPA EntityManagerFactory for persistence unit 'default'
2025-03-19T09:39:46.339+09:00  WARN 10712 --- [ch08] [restartedMain] JpaBaseConfiguration$JpaWebConfiguration : spring.jpa.open-in-view is enabled by default. Therefore, database queries may be performed during view rendering. Explicitly configure spring.jpa.open-in-view to disable this warning
2025-03-19T09:39:46.366+09:00  INFO 10712 --- [ch08] [restartedMain] o.s.b.a.w.s.WelcomePageHandlerMapping    : Adding welcome page template: index
2025-03-19T09:39:46.608+09:00  WARN 10712 --- [ch08] [restartedMain] .s.s.UserDetailsServiceAutoConfiguration : 

Using generated security password: 5d527650-c425-4f83-9c4d-fd685685b68d

This generated password is for development use only. Your security configuration must be updated before running your application in production.

2025-03-19T09:39:46.611+09:00  INFO 10712 --- [ch08] [restartedMain] r$InitializeUserDetailsManagerConfigurer : Global AuthenticationManager configured with UserDetailsService bean with name inMemoryUserDetailsManager
2025-03-19T09:39:46.676+09:00  INFO 10712 --- [ch08] [restartedMain] o.s.b.d.a.OptionalLiveReloadServer       : LiveReload server is running on port 35729
2025-03-19T09:39:46.699+09:00  INFO 10712 --- [ch08] [restartedMain] o.s.b.w.embedded.tomcat.TomcatWebServer  : Tomcat started on port 8080 (http) with context path '/ch08'
2025-03-19T09:39:46.706+09:00  INFO 10712 --- [ch08] [restartedMain] kr.co.ch08.Ch08Application               : Started Ch08Application in 1.267 seconds (process running for 507.665)
2025-03-19T09:39:46.709+09:00  INFO 10712 --- [ch08] [restartedMain] .ConditionEvaluationDeltaLoggingListener : Condition evaluation unchanged
2025-03-19T09:39:48.107+09:00  INFO 10712 --- [ch08] [File Watcher] rtingClassPathChangeChangedEventListener : Restarting due to 1 class path change (1 addition, 0 deletions, 0 modifications)
2025-03-19T09:39:48.109+09:00  INFO 10712 --- [ch08] [Thread-23] o.s.b.w.e.tomcat.GracefulShutdown        : Commencing graceful shutdown. Waiting for active requests to complete
2025-03-19T09:39:48.269+09:00  INFO 10712 --- [ch08] [tomcat-shutdown] o.s.b.w.e.tomcat.GracefulShutdown        : Graceful shutdown complete
2025-03-19T09:39:48.271+09:00  INFO 10712 --- [ch08] [Thread-23] j.LocalContainerEntityManagerFactoryBean : Closing JPA EntityManagerFactory for persistence unit 'default'
2025-03-19T09:39:48.272+09:00  INFO 10712 --- [ch08] [Thread-23] com.zaxxer.hikari.HikariDataSource       : HikariPool-6 - Shutdown initiated...
2025-03-19T09:39:48.277+09:00  INFO 10712 --- [ch08] [Thread-23] com.zaxxer.hikari.HikariDataSource       : HikariPool-6 - Shutdown completed.
2025-03-19T09:39:48.519+09:00  INFO 10712 --- [ch08] [restartedMain] kr.co.ch08.Ch08Application               : Starting Ch08Application using Java 17.0.12 with PID 10712 (C:\Users\lotte6\Desktop\workspace\Spring\ch08\build\classes\java\main started by lotte6 in C:\Users\lotte6\Desktop\workspace\Spring\ch08)
2025-03-19T09:39:48.519+09:00  INFO 10712 --- [ch08] [restartedMain] kr.co.ch08.Ch08Application               : No active profile set, falling back to 1 default profile: "default"
2025-03-19T09:39:48.837+09:00  INFO 10712 --- [ch08] [restartedMain] .s.d.r.c.RepositoryConfigurationDelegate : Bootstrapping Spring Data JPA repositories in DEFAULT mode.
2025-03-19T09:39:48.842+09:00  INFO 10712 --- [ch08] [restartedMain] .s.d.r.c.RepositoryConfigurationDelegate : Finished Spring Data repository scanning in 2 ms. Found 0 JPA repository interfaces.
2025-03-19T09:39:49.011+09:00  INFO 10712 --- [ch08] [restartedMain] o.s.b.w.embedded.tomcat.TomcatWebServer  : Tomcat initialized with port 8080 (http)
2025-03-19T09:39:49.012+09:00  INFO 10712 --- [ch08] [restartedMain] o.apache.catalina.core.StandardService   : Starting service [Tomcat]
2025-03-19T09:39:49.012+09:00  INFO 10712 --- [ch08] [restartedMain] o.apache.catalina.core.StandardEngine    : Starting Servlet engine: [Apache Tomcat/10.1.36]
2025-03-19T09:39:49.038+09:00  INFO 10712 --- [ch08] [restartedMain] o.a.c.c.C.[Tomcat].[localhost].[/ch08]   : Initializing Spring embedded WebApplicationContext
2025-03-19T09:39:49.038+09:00  INFO 10712 --- [ch08] [restartedMain] w.s.c.ServletWebServerApplicationContext : Root WebApplicationContext: initialization completed in 515 ms
2025-03-19T09:39:49.109+09:00  INFO 10712 --- [ch08] [restartedMain] o.hibernate.jpa.internal.util.LogHelper  : HHH000204: Processing PersistenceUnitInfo [name: default]
2025-03-19T09:39:49.114+09:00  INFO 10712 --- [ch08] [restartedMain] o.h.c.internal.RegionFactoryInitiator    : HHH000026: Second-level cache disabled
2025-03-19T09:39:49.130+09:00  INFO 10712 --- [ch08] [restartedMain] o.s.o.j.p.SpringPersistenceUnitInfo      : No LoadTimeWeaver setup: ignoring JPA class transformer
2025-03-19T09:39:49.133+09:00  INFO 10712 --- [ch08] [restartedMain] com.zaxxer.hikari.HikariDataSource       : HikariPool-7 - Starting...
2025-03-19T09:39:49.156+09:00  INFO 10712 --- [ch08] [restartedMain] com.zaxxer.hikari.pool.HikariPool        : HikariPool-7 - Added connection com.mysql.cj.jdbc.ConnectionImpl@5b82f01e
2025-03-19T09:39:49.157+09:00  INFO 10712 --- [ch08] [restartedMain] com.zaxxer.hikari.HikariDataSource       : HikariPool-7 - Start completed.
2025-03-19T09:39:49.159+09:00  WARN 10712 --- [ch08] [restartedMain] org.hibernate.orm.deprecation            : HHH90000025: MySQLDialect does not need to be specified explicitly using 'hibernate.dialect' (remove the property setting and it will be selected by default)
2025-03-19T09:39:49.160+09:00  INFO 10712 --- [ch08] [restartedMain] org.hibernate.orm.connections.pooling    : HHH10001005: Database info:
	Database JDBC URL [Connecting through datasource 'HikariDataSource (HikariPool-7)']
	Database driver: undefined/unknown
	Database version: 8.4.3
	Autocommit mode: undefined/unknown
	Isolation level: undefined/unknown
	Minimum pool size: undefined/unknown
	Maximum pool size: undefined/unknown
2025-03-19T09:39:49.183+09:00  INFO 10712 --- [ch08] [restartedMain] o.h.e.t.j.p.i.JtaPlatformInitiator       : HHH000489: No JTA platform available (set 'hibernate.transaction.jta.platform' to enable JTA platform integration)
2025-03-19T09:39:49.184+09:00  INFO 10712 --- [ch08] [restartedMain] j.LocalContainerEntityManagerFactoryBean : Initialized JPA EntityManagerFactory for persistence unit 'default'
2025-03-19T09:39:49.217+09:00  WARN 10712 --- [ch08] [restartedMain] JpaBaseConfiguration$JpaWebConfiguration : spring.jpa.open-in-view is enabled by default. Therefore, database queries may be performed during view rendering. Explicitly configure spring.jpa.open-in-view to disable this warning
2025-03-19T09:39:49.234+09:00  INFO 10712 --- [ch08] [restartedMain] o.s.b.a.w.s.WelcomePageHandlerMapping    : Adding welcome page template: index
2025-03-19T09:39:49.418+09:00  WARN 10712 --- [ch08] [restartedMain] .s.s.UserDetailsServiceAutoConfiguration : 

Using generated security password: f2709057-25c8-48d8-aca4-76cab58d9c96

This generated password is for development use only. Your security configuration must be updated before running your application in production.

2025-03-19T09:39:49.420+09:00  INFO 10712 --- [ch08] [restartedMain] r$InitializeUserDetailsManagerConfigurer : Global AuthenticationManager configured with UserDetailsService bean with name inMemoryUserDetailsManager
2025-03-19T09:39:49.483+09:00  INFO 10712 --- [ch08] [restartedMain] o.s.b.d.a.OptionalLiveReloadServer       : LiveReload server is running on port 35729
2025-03-19T09:39:49.507+09:00  INFO 10712 --- [ch08] [restartedMain] o.s.b.w.embedded.tomcat.TomcatWebServer  : Tomcat started on port 8080 (http) with context path '/ch08'
2025-03-19T09:39:49.514+09:00  INFO 10712 --- [ch08] [restartedMain] kr.co.ch08.Ch08Application               : Started Ch08Application in 1.049 seconds (process running for 510.473)
2025-03-19T09:39:49.518+09:00  INFO 10712 --- [ch08] [restartedMain] .ConditionEvaluationDeltaLoggingListener : Condition evaluation unchanged
2025-03-19T09:40:21.435+09:00  INFO 10712 --- [ch08] [File Watcher] rtingClassPathChangeChangedEventListener : Restarting due to 4 class path changes (2 additions, 0 deletions, 2 modifications)
2025-03-19T09:40:21.438+09:00  INFO 10712 --- [ch08] [Thread-27] o.s.b.w.e.tomcat.GracefulShutdown        : Commencing graceful shutdown. Waiting for active requests to complete
2025-03-19T09:40:21.592+09:00  INFO 10712 --- [ch08] [tomcat-shutdown] o.s.b.w.e.tomcat.GracefulShutdown        : Graceful shutdown complete
2025-03-19T09:40:21.594+09:00  INFO 10712 --- [ch08] [Thread-27] j.LocalContainerEntityManagerFactoryBean : Closing JPA EntityManagerFactory for persistence unit 'default'
2025-03-19T09:40:21.595+09:00  INFO 10712 --- [ch08] [Thread-27] com.zaxxer.hikari.HikariDataSource       : HikariPool-7 - Shutdown initiated...
2025-03-19T09:40:21.600+09:00  INFO 10712 --- [ch08] [Thread-27] com.zaxxer.hikari.HikariDataSource       : HikariPool-7 - Shutdown completed.
2025-03-19T09:40:21.778+09:00  INFO 10712 --- [ch08] [restartedMain] kr.co.ch08.Ch08Application               : Starting Ch08Application using Java 17.0.12 with PID 10712 (C:\Users\lotte6\Desktop\workspace\Spring\ch08\build\classes\java\main started by lotte6 in C:\Users\lotte6\Desktop\workspace\Spring\ch08)
2025-03-19T09:40:21.778+09:00  INFO 10712 --- [ch08] [restartedMain] kr.co.ch08.Ch08Application               : No active profile set, falling back to 1 default profile: "default"
2025-03-19T09:40:22.074+09:00  INFO 10712 --- [ch08] [restartedMain] .s.d.r.c.RepositoryConfigurationDelegate : Bootstrapping Spring Data JPA repositories in DEFAULT mode.
2025-03-19T09:40:22.078+09:00  INFO 10712 --- [ch08] [restartedMain] .s.d.r.c.RepositoryConfigurationDelegate : Finished Spring Data repository scanning in 2 ms. Found 0 JPA repository interfaces.
2025-03-19T09:40:22.249+09:00  INFO 10712 --- [ch08] [restartedMain] o.s.b.w.embedded.tomcat.TomcatWebServer  : Tomcat initialized with port 8080 (http)
2025-03-19T09:40:22.250+09:00  INFO 10712 --- [ch08] [restartedMain] o.apache.catalina.core.StandardService   : Starting service [Tomcat]
2025-03-19T09:40:22.251+09:00  INFO 10712 --- [ch08] [restartedMain] o.apache.catalina.core.StandardEngine    : Starting Servlet engine: [Apache Tomcat/10.1.36]
2025-03-19T09:40:22.278+09:00  INFO 10712 --- [ch08] [restartedMain] o.a.c.c.C.[Tomcat].[localhost].[/ch08]   : Initializing Spring embedded WebApplicationContext
2025-03-19T09:40:22.278+09:00  INFO 10712 --- [ch08] [restartedMain] w.s.c.ServletWebServerApplicationContext : Root WebApplicationContext: initialization completed in 496 ms
2025-03-19T09:40:22.354+09:00  INFO 10712 --- [ch08] [restartedMain] o.hibernate.jpa.internal.util.LogHelper  : HHH000204: Processing PersistenceUnitInfo [name: default]
2025-03-19T09:40:22.361+09:00  INFO 10712 --- [ch08] [restartedMain] o.h.c.internal.RegionFactoryInitiator    : HHH000026: Second-level cache disabled
2025-03-19T09:40:22.379+09:00  INFO 10712 --- [ch08] [restartedMain] o.s.o.j.p.SpringPersistenceUnitInfo      : No LoadTimeWeaver setup: ignoring JPA class transformer
2025-03-19T09:40:22.381+09:00  INFO 10712 --- [ch08] [restartedMain] com.zaxxer.hikari.HikariDataSource       : HikariPool-8 - Starting...
2025-03-19T09:40:22.403+09:00  INFO 10712 --- [ch08] [restartedMain] com.zaxxer.hikari.pool.HikariPool        : HikariPool-8 - Added connection com.mysql.cj.jdbc.ConnectionImpl@152349f8
2025-03-19T09:40:22.404+09:00  INFO 10712 --- [ch08] [restartedMain] com.zaxxer.hikari.HikariDataSource       : HikariPool-8 - Start completed.
2025-03-19T09:40:22.408+09:00  WARN 10712 --- [ch08] [restartedMain] org.hibernate.orm.deprecation            : HHH90000025: MySQLDialect does not need to be specified explicitly using 'hibernate.dialect' (remove the property setting and it will be selected by default)
2025-03-19T09:40:22.409+09:00  INFO 10712 --- [ch08] [restartedMain] org.hibernate.orm.connections.pooling    : HHH10001005: Database info:
	Database JDBC URL [Connecting through datasource 'HikariDataSource (HikariPool-8)']
	Database driver: undefined/unknown
	Database version: 8.4.3
	Autocommit mode: undefined/unknown
	Isolation level: undefined/unknown
	Minimum pool size: undefined/unknown
	Maximum pool size: undefined/unknown
2025-03-19T09:40:22.446+09:00  INFO 10712 --- [ch08] [restartedMain] o.h.e.t.j.p.i.JtaPlatformInitiator       : HHH000489: No JTA platform available (set 'hibernate.transaction.jta.platform' to enable JTA platform integration)
2025-03-19T09:40:22.446+09:00  INFO 10712 --- [ch08] [restartedMain] j.LocalContainerEntityManagerFactoryBean : Initialized JPA EntityManagerFactory for persistence unit 'default'
2025-03-19T09:40:22.497+09:00  WARN 10712 --- [ch08] [restartedMain] JpaBaseConfiguration$JpaWebConfiguration : spring.jpa.open-in-view is enabled by default. Therefore, database queries may be performed during view rendering. Explicitly configure spring.jpa.open-in-view to disable this warning
2025-03-19T09:40:22.521+09:00  INFO 10712 --- [ch08] [restartedMain] o.s.b.a.w.s.WelcomePageHandlerMapping    : Adding welcome page template: index
2025-03-19T09:40:22.744+09:00  WARN 10712 --- [ch08] [restartedMain] .s.s.UserDetailsServiceAutoConfiguration : 

Using generated security password: 30814cc8-3b43-4f88-9c2f-1cc2bf877cac

This generated password is for development use only. Your security configuration must be updated before running your application in production.

2025-03-19T09:40:22.748+09:00  INFO 10712 --- [ch08] [restartedMain] r$InitializeUserDetailsManagerConfigurer : Global AuthenticationManager configured with UserDetailsService bean with name inMemoryUserDetailsManager
2025-03-19T09:40:22.819+09:00  INFO 10712 --- [ch08] [restartedMain] o.s.b.d.a.OptionalLiveReloadServer       : LiveReload server is running on port 35729
2025-03-19T09:40:22.856+09:00  INFO 10712 --- [ch08] [restartedMain] o.s.b.w.embedded.tomcat.TomcatWebServer  : Tomcat started on port 8080 (http) with context path '/ch08'
2025-03-19T09:40:22.868+09:00  INFO 10712 --- [ch08] [restartedMain] kr.co.ch08.Ch08Application               : Started Ch08Application in 1.134 seconds (process running for 543.822)
2025-03-19T09:40:22.872+09:00  INFO 10712 --- [ch08] [restartedMain] .ConditionEvaluationDeltaLoggingListener : Condition evaluation unchanged
2025-03-19T09:41:18.135+09:00  INFO 10712 --- [ch08] [File Watcher] rtingClassPathChangeChangedEventListener : Restarting due to 4 class path changes (0 additions, 0 deletions, 4 modifications)
2025-03-19T09:41:18.138+09:00  INFO 10712 --- [ch08] [Thread-31] o.s.b.w.e.tomcat.GracefulShutdown        : Commencing graceful shutdown. Waiting for active requests to complete
2025-03-19T09:41:18.315+09:00  INFO 10712 --- [ch08] [tomcat-shutdown] o.s.b.w.e.tomcat.GracefulShutdown        : Graceful shutdown complete
2025-03-19T09:41:18.317+09:00  INFO 10712 --- [ch08] [Thread-31] j.LocalContainerEntityManagerFactoryBean : Closing JPA EntityManagerFactory for persistence unit 'default'
2025-03-19T09:41:18.318+09:00  INFO 10712 --- [ch08] [Thread-31] com.zaxxer.hikari.HikariDataSource       : HikariPool-8 - Shutdown initiated...
2025-03-19T09:41:18.325+09:00  INFO 10712 --- [ch08] [Thread-31] com.zaxxer.hikari.HikariDataSource       : HikariPool-8 - Shutdown completed.
2025-03-19T09:41:18.549+09:00  INFO 10712 --- [ch08] [restartedMain] kr.co.ch08.Ch08Application               : Starting Ch08Application using Java 17.0.12 with PID 10712 (C:\Users\lotte6\Desktop\workspace\Spring\ch08\build\classes\java\main started by lotte6 in C:\Users\lotte6\Desktop\workspace\Spring\ch08)
2025-03-19T09:41:18.550+09:00  INFO 10712 --- [ch08] [restartedMain] kr.co.ch08.Ch08Application               : No active profile set, falling back to 1 default profile: "default"
2025-03-19T09:41:18.888+09:00  INFO 10712 --- [ch08] [restartedMain] .s.d.r.c.RepositoryConfigurationDelegate : Bootstrapping Spring Data JPA repositories in DEFAULT mode.
2025-03-19T09:41:18.892+09:00  INFO 10712 --- [ch08] [restartedMain] .s.d.r.c.RepositoryConfigurationDelegate : Finished Spring Data repository scanning in 2 ms. Found 0 JPA repository interfaces.
2025-03-19T09:41:19.088+09:00  INFO 10712 --- [ch08] [restartedMain] o.s.b.w.embedded.tomcat.TomcatWebServer  : Tomcat initialized with port 8080 (http)
2025-03-19T09:41:19.089+09:00  INFO 10712 --- [ch08] [restartedMain] o.apache.catalina.core.StandardService   : Starting service [Tomcat]
2025-03-19T09:41:19.089+09:00  INFO 10712 --- [ch08] [restartedMain] o.apache.catalina.core.StandardEngine    : Starting Servlet engine: [Apache Tomcat/10.1.36]
2025-03-19T09:41:19.120+09:00  INFO 10712 --- [ch08] [restartedMain] o.a.c.c.C.[Tomcat].[localhost].[/ch08]   : Initializing Spring embedded WebApplicationContext
2025-03-19T09:41:19.121+09:00  INFO 10712 --- [ch08] [restartedMain] w.s.c.ServletWebServerApplicationContext : Root WebApplicationContext: initialization completed in 567 ms
2025-03-19T09:41:19.204+09:00  INFO 10712 --- [ch08] [restartedMain] o.hibernate.jpa.internal.util.LogHelper  : HHH000204: Processing PersistenceUnitInfo [name: default]
2025-03-19T09:41:19.210+09:00  INFO 10712 --- [ch08] [restartedMain] o.h.c.internal.RegionFactoryInitiator    : HHH000026: Second-level cache disabled
2025-03-19T09:41:19.230+09:00  INFO 10712 --- [ch08] [restartedMain] o.s.o.j.p.SpringPersistenceUnitInfo      : No LoadTimeWeaver setup: ignoring JPA class transformer
2025-03-19T09:41:19.232+09:00  INFO 10712 --- [ch08] [restartedMain] com.zaxxer.hikari.HikariDataSource       : HikariPool-9 - Starting...
2025-03-19T09:41:19.258+09:00  INFO 10712 --- [ch08] [restartedMain] com.zaxxer.hikari.pool.HikariPool        : HikariPool-9 - Added connection com.mysql.cj.jdbc.ConnectionImpl@70914b90
2025-03-19T09:41:19.259+09:00  INFO 10712 --- [ch08] [restartedMain] com.zaxxer.hikari.HikariDataSource       : HikariPool-9 - Start completed.
2025-03-19T09:41:19.262+09:00  WARN 10712 --- [ch08] [restartedMain] org.hibernate.orm.deprecation            : HHH90000025: MySQLDialect does not need to be specified explicitly using 'hibernate.dialect' (remove the property setting and it will be selected by default)
2025-03-19T09:41:19.262+09:00  INFO 10712 --- [ch08] [restartedMain] org.hibernate.orm.connections.pooling    : HHH10001005: Database info:
	Database JDBC URL [Connecting through datasource 'HikariDataSource (HikariPool-9)']
	Database driver: undefined/unknown
	Database version: 8.4.3
	Autocommit mode: undefined/unknown
	Isolation level: undefined/unknown
	Minimum pool size: undefined/unknown
	Maximum pool size: undefined/unknown
2025-03-19T09:41:19.295+09:00  INFO 10712 --- [ch08] [restartedMain] o.h.e.t.j.p.i.JtaPlatformInitiator       : HHH000489: No JTA platform available (set 'hibernate.transaction.jta.platform' to enable JTA platform integration)
2025-03-19T09:41:19.296+09:00  INFO 10712 --- [ch08] [restartedMain] j.LocalContainerEntityManagerFactoryBean : Initialized JPA EntityManagerFactory for persistence unit 'default'
2025-03-19T09:41:19.332+09:00  WARN 10712 --- [ch08] [restartedMain] JpaBaseConfiguration$JpaWebConfiguration : spring.jpa.open-in-view is enabled by default. Therefore, database queries may be performed during view rendering. Explicitly configure spring.jpa.open-in-view to disable this warning
2025-03-19T09:41:19.353+09:00  INFO 10712 --- [ch08] [restartedMain] o.s.b.a.w.s.WelcomePageHandlerMapping    : Adding welcome page template: index
2025-03-19T09:41:19.582+09:00  WARN 10712 --- [ch08] [restartedMain] .s.s.UserDetailsServiceAutoConfiguration : 

Using generated security password: 2ced2707-77b3-45d5-a704-1ac2f9c2b741

This generated password is for development use only. Your security configuration must be updated before running your application in production.

2025-03-19T09:41:19.584+09:00  INFO 10712 --- [ch08] [restartedMain] r$InitializeUserDetailsManagerConfigurer : Global AuthenticationManager configured with UserDetailsService bean with name inMemoryUserDetailsManager
2025-03-19T09:41:19.649+09:00  INFO 10712 --- [ch08] [restartedMain] o.s.b.d.a.OptionalLiveReloadServer       : LiveReload server is running on port 35729
2025-03-19T09:41:19.677+09:00  INFO 10712 --- [ch08] [restartedMain] o.s.b.w.embedded.tomcat.TomcatWebServer  : Tomcat started on port 8080 (http) with context path '/ch08'
2025-03-19T09:41:19.686+09:00  INFO 10712 --- [ch08] [restartedMain] kr.co.ch08.Ch08Application               : Started Ch08Application in 1.186 seconds (process running for 600.632)
2025-03-19T09:41:19.690+09:00  INFO 10712 --- [ch08] [restartedMain] .ConditionEvaluationDeltaLoggingListener : Condition evaluation unchanged
2025-03-19T09:43:19.023+09:00  INFO 10712 --- [ch08] [File Watcher] rtingClassPathChangeChangedEventListener : Restarting due to 4 class path changes (0 additions, 0 deletions, 4 modifications)
2025-03-19T09:43:19.026+09:00  INFO 10712 --- [ch08] [Thread-35] o.s.b.w.e.tomcat.GracefulShutdown        : Commencing graceful shutdown. Waiting for active requests to complete
2025-03-19T09:43:19.176+09:00  INFO 10712 --- [ch08] [tomcat-shutdown] o.s.b.w.e.tomcat.GracefulShutdown        : Graceful shutdown complete
2025-03-19T09:43:19.178+09:00  INFO 10712 --- [ch08] [Thread-35] j.LocalContainerEntityManagerFactoryBean : Closing JPA EntityManagerFactory for persistence unit 'default'
2025-03-19T09:43:19.179+09:00  INFO 10712 --- [ch08] [Thread-35] com.zaxxer.hikari.HikariDataSource       : HikariPool-9 - Shutdown initiated...
2025-03-19T09:43:19.184+09:00  INFO 10712 --- [ch08] [Thread-35] com.zaxxer.hikari.HikariDataSource       : HikariPool-9 - Shutdown completed.
2025-03-19T09:43:19.392+09:00  INFO 10712 --- [ch08] [restartedMain] kr.co.ch08.Ch08Application               : Starting Ch08Application using Java 17.0.12 with PID 10712 (C:\Users\lotte6\Desktop\workspace\Spring\ch08\build\classes\java\main started by lotte6 in C:\Users\lotte6\Desktop\workspace\Spring\ch08)
2025-03-19T09:43:19.392+09:00  INFO 10712 --- [ch08] [restartedMain] kr.co.ch08.Ch08Application               : No active profile set, falling back to 1 default profile: "default"
2025-03-19T09:43:19.729+09:00  INFO 10712 --- [ch08] [restartedMain] .s.d.r.c.RepositoryConfigurationDelegate : Bootstrapping Spring Data JPA repositories in DEFAULT mode.
2025-03-19T09:43:19.734+09:00  INFO 10712 --- [ch08] [restartedMain] .s.d.r.c.RepositoryConfigurationDelegate : Finished Spring Data repository scanning in 2 ms. Found 0 JPA repository interfaces.
2025-03-19T09:43:19.940+09:00  INFO 10712 --- [ch08] [restartedMain] o.s.b.w.embedded.tomcat.TomcatWebServer  : Tomcat initialized with port 8080 (http)
2025-03-19T09:43:19.944+09:00  INFO 10712 --- [ch08] [restartedMain] o.apache.catalina.core.StandardService   : Starting service [Tomcat]
2025-03-19T09:43:19.947+09:00  INFO 10712 --- [ch08] [restartedMain] o.apache.catalina.core.StandardEngine    : Starting Servlet engine: [Apache Tomcat/10.1.36]
2025-03-19T09:43:19.973+09:00  INFO 10712 --- [ch08] [restartedMain] o.a.c.c.C.[Tomcat].[localhost].[/ch08]   : Initializing Spring embedded WebApplicationContext
2025-03-19T09:43:19.974+09:00  INFO 10712 --- [ch08] [restartedMain] w.s.c.ServletWebServerApplicationContext : Root WebApplicationContext: initialization completed in 575 ms
2025-03-19T09:43:20.054+09:00  INFO 10712 --- [ch08] [restartedMain] o.hibernate.jpa.internal.util.LogHelper  : HHH000204: Processing PersistenceUnitInfo [name: default]
2025-03-19T09:43:20.060+09:00  INFO 10712 --- [ch08] [restartedMain] o.h.c.internal.RegionFactoryInitiator    : HHH000026: Second-level cache disabled
2025-03-19T09:43:20.075+09:00  INFO 10712 --- [ch08] [restartedMain] o.s.o.j.p.SpringPersistenceUnitInfo      : No LoadTimeWeaver setup: ignoring JPA class transformer
2025-03-19T09:43:20.077+09:00  INFO 10712 --- [ch08] [restartedMain] com.zaxxer.hikari.HikariDataSource       : HikariPool-10 - Starting...
2025-03-19T09:43:20.102+09:00  INFO 10712 --- [ch08] [restartedMain] com.zaxxer.hikari.pool.HikariPool        : HikariPool-10 - Added connection com.mysql.cj.jdbc.ConnectionImpl@5666365b
2025-03-19T09:43:20.103+09:00  INFO 10712 --- [ch08] [restartedMain] com.zaxxer.hikari.HikariDataSource       : HikariPool-10 - Start completed.
2025-03-19T09:43:20.105+09:00  WARN 10712 --- [ch08] [restartedMain] org.hibernate.orm.deprecation            : HHH90000025: MySQLDialect does not need to be specified explicitly using 'hibernate.dialect' (remove the property setting and it will be selected by default)
2025-03-19T09:43:20.106+09:00  INFO 10712 --- [ch08] [restartedMain] org.hibernate.orm.connections.pooling    : HHH10001005: Database info:
	Database JDBC URL [Connecting through datasource 'HikariDataSource (HikariPool-10)']
	Database driver: undefined/unknown
	Database version: 8.4.3
	Autocommit mode: undefined/unknown
	Isolation level: undefined/unknown
	Minimum pool size: undefined/unknown
	Maximum pool size: undefined/unknown
2025-03-19T09:43:20.135+09:00  INFO 10712 --- [ch08] [restartedMain] o.h.e.t.j.p.i.JtaPlatformInitiator       : HHH000489: No JTA platform available (set 'hibernate.transaction.jta.platform' to enable JTA platform integration)
2025-03-19T09:43:20.136+09:00  INFO 10712 --- [ch08] [restartedMain] j.LocalContainerEntityManagerFactoryBean : Initialized JPA EntityManagerFactory for persistence unit 'default'
2025-03-19T09:43:20.172+09:00  WARN 10712 --- [ch08] [restartedMain] JpaBaseConfiguration$JpaWebConfiguration : spring.jpa.open-in-view is enabled by default. Therefore, database queries may be performed during view rendering. Explicitly configure spring.jpa.open-in-view to disable this warning
2025-03-19T09:43:20.191+09:00  INFO 10712 --- [ch08] [restartedMain] o.s.b.a.w.s.WelcomePageHandlerMapping    : Adding welcome page template: index
2025-03-19T09:43:20.397+09:00  WARN 10712 --- [ch08] [restartedMain] .s.s.UserDetailsServiceAutoConfiguration : 

Using generated security password: f1866984-06d6-4063-9101-9f16481d204a

This generated password is for development use only. Your security configuration must be updated before running your application in production.

2025-03-19T09:43:20.399+09:00  INFO 10712 --- [ch08] [restartedMain] r$InitializeUserDetailsManagerConfigurer : Global AuthenticationManager configured with UserDetailsService bean with name inMemoryUserDetailsManager
2025-03-19T09:43:20.459+09:00  INFO 10712 --- [ch08] [restartedMain] o.s.b.d.a.OptionalLiveReloadServer       : LiveReload server is running on port 35729
2025-03-19T09:43:20.483+09:00  INFO 10712 --- [ch08] [restartedMain] o.s.b.w.embedded.tomcat.TomcatWebServer  : Tomcat started on port 8080 (http) with context path '/ch08'
2025-03-19T09:43:20.493+09:00  INFO 10712 --- [ch08] [restartedMain] kr.co.ch08.Ch08Application               : Started Ch08Application in 1.148 seconds (process running for 721.425)
2025-03-19T09:43:20.496+09:00  INFO 10712 --- [ch08] [restartedMain] .ConditionEvaluationDeltaLoggingListener : Condition evaluation unchanged
2025-03-19T09:44:10.680+09:00  INFO 10712 --- [ch08] [File Watcher] rtingClassPathChangeChangedEventListener : Restarting due to 4 class path changes (0 additions, 0 deletions, 4 modifications)
2025-03-19T09:44:10.682+09:00  INFO 10712 --- [ch08] [Thread-39] o.s.b.w.e.tomcat.GracefulShutdown        : Commencing graceful shutdown. Waiting for active requests to complete
2025-03-19T09:44:10.846+09:00  INFO 10712 --- [ch08] [tomcat-shutdown] o.s.b.w.e.tomcat.GracefulShutdown        : Graceful shutdown complete
2025-03-19T09:44:10.849+09:00  INFO 10712 --- [ch08] [Thread-39] j.LocalContainerEntityManagerFactoryBean : Closing JPA EntityManagerFactory for persistence unit 'default'
2025-03-19T09:44:10.850+09:00  INFO 10712 --- [ch08] [Thread-39] com.zaxxer.hikari.HikariDataSource       : HikariPool-10 - Shutdown initiated...
2025-03-19T09:44:10.856+09:00  INFO 10712 --- [ch08] [Thread-39] com.zaxxer.hikari.HikariDataSource       : HikariPool-10 - Shutdown completed.
2025-03-19T09:44:11.085+09:00  INFO 10712 --- [ch08] [restartedMain] kr.co.ch08.Ch08Application               : Starting Ch08Application using Java 17.0.12 with PID 10712 (C:\Users\lotte6\Desktop\workspace\Spring\ch08\build\classes\java\main started by lotte6 in C:\Users\lotte6\Desktop\workspace\Spring\ch08)
2025-03-19T09:44:11.085+09:00  INFO 10712 --- [ch08] [restartedMain] kr.co.ch08.Ch08Application               : No active profile set, falling back to 1 default profile: "default"
2025-03-19T09:44:11.415+09:00  INFO 10712 --- [ch08] [restartedMain] .s.d.r.c.RepositoryConfigurationDelegate : Bootstrapping Spring Data JPA repositories in DEFAULT mode.
2025-03-19T09:44:11.419+09:00  INFO 10712 --- [ch08] [restartedMain] .s.d.r.c.RepositoryConfigurationDelegate : Finished Spring Data repository scanning in 2 ms. Found 0 JPA repository interfaces.
2025-03-19T09:44:11.608+09:00  INFO 10712 --- [ch08] [restartedMain] o.s.b.w.embedded.tomcat.TomcatWebServer  : Tomcat initialized with port 8080 (http)
2025-03-19T09:44:11.610+09:00  INFO 10712 --- [ch08] [restartedMain] o.apache.catalina.core.StandardService   : Starting service [Tomcat]
2025-03-19T09:44:11.610+09:00  INFO 10712 --- [ch08] [restartedMain] o.apache.catalina.core.StandardEngine    : Starting Servlet engine: [Apache Tomcat/10.1.36]
2025-03-19T09:44:11.640+09:00  INFO 10712 --- [ch08] [restartedMain] o.a.c.c.C.[Tomcat].[localhost].[/ch08]   : Initializing Spring embedded WebApplicationContext
2025-03-19T09:44:11.640+09:00  INFO 10712 --- [ch08] [restartedMain] w.s.c.ServletWebServerApplicationContext : Root WebApplicationContext: initialization completed in 552 ms
2025-03-19T09:44:11.707+09:00  INFO 10712 --- [ch08] [restartedMain] o.hibernate.jpa.internal.util.LogHelper  : HHH000204: Processing PersistenceUnitInfo [name: default]
2025-03-19T09:44:11.712+09:00  INFO 10712 --- [ch08] [restartedMain] o.h.c.internal.RegionFactoryInitiator    : HHH000026: Second-level cache disabled
2025-03-19T09:44:11.730+09:00  INFO 10712 --- [ch08] [restartedMain] o.s.o.j.p.SpringPersistenceUnitInfo      : No LoadTimeWeaver setup: ignoring JPA class transformer
2025-03-19T09:44:11.731+09:00  INFO 10712 --- [ch08] [restartedMain] com.zaxxer.hikari.HikariDataSource       : HikariPool-11 - Starting...
2025-03-19T09:44:11.755+09:00  INFO 10712 --- [ch08] [restartedMain] com.zaxxer.hikari.pool.HikariPool        : HikariPool-11 - Added connection com.mysql.cj.jdbc.ConnectionImpl@498d82c0
2025-03-19T09:44:11.755+09:00  INFO 10712 --- [ch08] [restartedMain] com.zaxxer.hikari.HikariDataSource       : HikariPool-11 - Start completed.
2025-03-19T09:44:11.758+09:00  WARN 10712 --- [ch08] [restartedMain] org.hibernate.orm.deprecation            : HHH90000025: MySQLDialect does not need to be specified explicitly using 'hibernate.dialect' (remove the property setting and it will be selected by default)
2025-03-19T09:44:11.759+09:00  INFO 10712 --- [ch08] [restartedMain] org.hibernate.orm.connections.pooling    : HHH10001005: Database info:
	Database JDBC URL [Connecting through datasource 'HikariDataSource (HikariPool-11)']
	Database driver: undefined/unknown
	Database version: 8.4.3
	Autocommit mode: undefined/unknown
	Isolation level: undefined/unknown
	Minimum pool size: undefined/unknown
	Maximum pool size: undefined/unknown
2025-03-19T09:44:11.788+09:00  INFO 10712 --- [ch08] [restartedMain] o.h.e.t.j.p.i.JtaPlatformInitiator       : HHH000489: No JTA platform available (set 'hibernate.transaction.jta.platform' to enable JTA platform integration)
2025-03-19T09:44:11.789+09:00  INFO 10712 --- [ch08] [restartedMain] j.LocalContainerEntityManagerFactoryBean : Initialized JPA EntityManagerFactory for persistence unit 'default'
2025-03-19T09:44:11.824+09:00  WARN 10712 --- [ch08] [restartedMain] JpaBaseConfiguration$JpaWebConfiguration : spring.jpa.open-in-view is enabled by default. Therefore, database queries may be performed during view rendering. Explicitly configure spring.jpa.open-in-view to disable this warning
2025-03-19T09:44:11.840+09:00  INFO 10712 --- [ch08] [restartedMain] o.s.b.a.w.s.WelcomePageHandlerMapping    : Adding welcome page template: index
2025-03-19T09:44:12.030+09:00  WARN 10712 --- [ch08] [restartedMain] .s.s.UserDetailsServiceAutoConfiguration : 

Using generated security password: 6fba1397-651a-4912-9d9e-a091eeb0816b

This generated password is for development use only. Your security configuration must be updated before running your application in production.

2025-03-19T09:44:12.032+09:00  INFO 10712 --- [ch08] [restartedMain] r$InitializeUserDetailsManagerConfigurer : Global AuthenticationManager configured with UserDetailsService bean with name inMemoryUserDetailsManager
2025-03-19T09:44:12.082+09:00  INFO 10712 --- [ch08] [restartedMain] o.s.b.d.a.OptionalLiveReloadServer       : LiveReload server is running on port 35729
2025-03-19T09:44:12.103+09:00  INFO 10712 --- [ch08] [restartedMain] o.s.b.w.embedded.tomcat.TomcatWebServer  : Tomcat started on port 8080 (http) with context path '/ch08'
2025-03-19T09:44:12.110+09:00  INFO 10712 --- [ch08] [restartedMain] kr.co.ch08.Ch08Application               : Started Ch08Application in 1.074 seconds (process running for 773.037)
2025-03-19T09:44:12.113+09:00  INFO 10712 --- [ch08] [restartedMain] .ConditionEvaluationDeltaLoggingListener : Condition evaluation unchanged
2025-03-19T09:45:59.337+09:00  INFO 10712 --- [ch08] [File Watcher] rtingClassPathChangeChangedEventListener : Restarting due to 4 class path changes (0 additions, 0 deletions, 4 modifications)
2025-03-19T09:45:59.343+09:00  INFO 10712 --- [ch08] [Thread-43] o.s.b.w.e.tomcat.GracefulShutdown        : Commencing graceful shutdown. Waiting for active requests to complete
2025-03-19T09:45:59.522+09:00  INFO 10712 --- [ch08] [tomcat-shutdown] o.s.b.w.e.tomcat.GracefulShutdown        : Graceful shutdown complete
2025-03-19T09:45:59.524+09:00  INFO 10712 --- [ch08] [Thread-43] j.LocalContainerEntityManagerFactoryBean : Closing JPA EntityManagerFactory for persistence unit 'default'
2025-03-19T09:45:59.525+09:00  INFO 10712 --- [ch08] [Thread-43] com.zaxxer.hikari.HikariDataSource       : HikariPool-11 - Shutdown initiated...
2025-03-19T09:45:59.531+09:00  INFO 10712 --- [ch08] [Thread-43] com.zaxxer.hikari.HikariDataSource       : HikariPool-11 - Shutdown completed.
2025-03-19T09:45:59.778+09:00  INFO 10712 --- [ch08] [restartedMain] kr.co.ch08.Ch08Application               : Starting Ch08Application using Java 17.0.12 with PID 10712 (C:\Users\lotte6\Desktop\workspace\Spring\ch08\build\classes\java\main started by lotte6 in C:\Users\lotte6\Desktop\workspace\Spring\ch08)
2025-03-19T09:45:59.778+09:00  INFO 10712 --- [ch08] [restartedMain] kr.co.ch08.Ch08Application               : No active profile set, falling back to 1 default profile: "default"
2025-03-19T09:46:00.149+09:00  INFO 10712 --- [ch08] [restartedMain] .s.d.r.c.RepositoryConfigurationDelegate : Bootstrapping Spring Data JPA repositories in DEFAULT mode.
2025-03-19T09:46:00.153+09:00  INFO 10712 --- [ch08] [restartedMain] .s.d.r.c.RepositoryConfigurationDelegate : Finished Spring Data repository scanning in 2 ms. Found 0 JPA repository interfaces.
2025-03-19T09:46:00.384+09:00  INFO 10712 --- [ch08] [restartedMain] o.s.b.w.embedded.tomcat.TomcatWebServer  : Tomcat initialized with port 8080 (http)
2025-03-19T09:46:00.386+09:00  INFO 10712 --- [ch08] [restartedMain] o.apache.catalina.core.StandardService   : Starting service [Tomcat]
2025-03-19T09:46:00.386+09:00  INFO 10712 --- [ch08] [restartedMain] o.apache.catalina.core.StandardEngine    : Starting Servlet engine: [Apache Tomcat/10.1.36]
2025-03-19T09:46:00.417+09:00  INFO 10712 --- [ch08] [restartedMain] o.a.c.c.C.[Tomcat].[localhost].[/ch08]   : Initializing Spring embedded WebApplicationContext
2025-03-19T09:46:00.418+09:00  INFO 10712 --- [ch08] [restartedMain] w.s.c.ServletWebServerApplicationContext : Root WebApplicationContext: initialization completed in 636 ms
2025-03-19T09:46:00.500+09:00  INFO 10712 --- [ch08] [restartedMain] o.hibernate.jpa.internal.util.LogHelper  : HHH000204: Processing PersistenceUnitInfo [name: default]
2025-03-19T09:46:00.506+09:00  INFO 10712 --- [ch08] [restartedMain] o.h.c.internal.RegionFactoryInitiator    : HHH000026: Second-level cache disabled
2025-03-19T09:46:00.524+09:00  INFO 10712 --- [ch08] [restartedMain] o.s.o.j.p.SpringPersistenceUnitInfo      : No LoadTimeWeaver setup: ignoring JPA class transformer
2025-03-19T09:46:00.527+09:00  INFO 10712 --- [ch08] [restartedMain] com.zaxxer.hikari.HikariDataSource       : HikariPool-12 - Starting...
2025-03-19T09:46:00.552+09:00  INFO 10712 --- [ch08] [restartedMain] com.zaxxer.hikari.pool.HikariPool        : HikariPool-12 - Added connection com.mysql.cj.jdbc.ConnectionImpl@63ac740c
2025-03-19T09:46:00.553+09:00  INFO 10712 --- [ch08] [restartedMain] com.zaxxer.hikari.HikariDataSource       : HikariPool-12 - Start completed.
2025-03-19T09:46:00.554+09:00  WARN 10712 --- [ch08] [restartedMain] org.hibernate.orm.deprecation            : HHH90000025: MySQLDialect does not need to be specified explicitly using 'hibernate.dialect' (remove the property setting and it will be selected by default)
2025-03-19T09:46:00.556+09:00  INFO 10712 --- [ch08] [restartedMain] org.hibernate.orm.connections.pooling    : HHH10001005: Database info:
	Database JDBC URL [Connecting through datasource 'HikariDataSource (HikariPool-12)']
	Database driver: undefined/unknown
	Database version: 8.4.3
	Autocommit mode: undefined/unknown
	Isolation level: undefined/unknown
	Minimum pool size: undefined/unknown
	Maximum pool size: undefined/unknown
2025-03-19T09:46:00.590+09:00  INFO 10712 --- [ch08] [restartedMain] o.h.e.t.j.p.i.JtaPlatformInitiator       : HHH000489: No JTA platform available (set 'hibernate.transaction.jta.platform' to enable JTA platform integration)
2025-03-19T09:46:00.591+09:00  INFO 10712 --- [ch08] [restartedMain] j.LocalContainerEntityManagerFactoryBean : Initialized JPA EntityManagerFactory for persistence unit 'default'
2025-03-19T09:46:00.633+09:00  WARN 10712 --- [ch08] [restartedMain] JpaBaseConfiguration$JpaWebConfiguration : spring.jpa.open-in-view is enabled by default. Therefore, database queries may be performed during view rendering. Explicitly configure spring.jpa.open-in-view to disable this warning
2025-03-19T09:46:00.655+09:00  INFO 10712 --- [ch08] [restartedMain] o.s.b.a.w.s.WelcomePageHandlerMapping    : Adding welcome page template: index
2025-03-19T09:46:00.886+09:00  WARN 10712 --- [ch08] [restartedMain] .s.s.UserDetailsServiceAutoConfiguration : 

Using generated security password: 49f28316-0001-442a-8fa1-4df2da3f810c

This generated password is for development use only. Your security configuration must be updated before running your application in production.

2025-03-19T09:46:00.889+09:00  INFO 10712 --- [ch08] [restartedMain] r$InitializeUserDetailsManagerConfigurer : Global AuthenticationManager configured with UserDetailsService bean with name inMemoryUserDetailsManager
2025-03-19T09:46:00.957+09:00  INFO 10712 --- [ch08] [restartedMain] o.s.b.d.a.OptionalLiveReloadServer       : LiveReload server is running on port 35729
2025-03-19T09:46:00.986+09:00  INFO 10712 --- [ch08] [restartedMain] o.s.b.w.embedded.tomcat.TomcatWebServer  : Tomcat started on port 8080 (http) with context path '/ch08'
2025-03-19T09:46:00.998+09:00  INFO 10712 --- [ch08] [restartedMain] kr.co.ch08.Ch08Application               : Started Ch08Application in 1.277 seconds (process running for 881.914)
2025-03-19T09:46:01.000+09:00  INFO 10712 --- [ch08] [restartedMain] .ConditionEvaluationDeltaLoggingListener : Condition evaluation unchanged
2025-03-19T09:46:01.021+09:00  INFO 10712 --- [ch08] [http-nio-8080-exec-1] o.a.c.c.C.[Tomcat].[localhost].[/ch08]   : Initializing Spring DispatcherServlet 'dispatcherServlet'
2025-03-19T09:46:01.021+09:00  INFO 10712 --- [ch08] [http-nio-8080-exec-1] o.s.web.servlet.DispatcherServlet        : Initializing Servlet 'dispatcherServlet'
2025-03-19T09:46:01.024+09:00  INFO 10712 --- [ch08] [http-nio-8080-exec-1] o.s.web.servlet.DispatcherServlet        : Completed initialization in 3 ms
2025-03-19T09:47:39.535+09:00  INFO 10712 --- [ch08] [SpringApplicationShutdownHook] o.s.b.w.e.tomcat.GracefulShutdown        : Commencing graceful shutdown. Waiting for active requests to complete
2025-03-19T09:47:39.709+09:00  INFO 10712 --- [ch08] [tomcat-shutdown] o.s.b.w.e.tomcat.GracefulShutdown        : Graceful shutdown complete
2025-03-19T09:47:39.712+09:00  INFO 10712 --- [ch08] [SpringApplicationShutdownHook] j.LocalContainerEntityManagerFactoryBean : Closing JPA EntityManagerFactory for persistence unit 'default'
2025-03-19T09:47:39.713+09:00  INFO 10712 --- [ch08] [SpringApplicationShutdownHook] com.zaxxer.hikari.HikariDataSource       : HikariPool-12 - Shutdown initiated...
2025-03-19T09:47:39.718+09:00  INFO 10712 --- [ch08] [SpringApplicationShutdownHook] com.zaxxer.hikari.HikariDataSource       : HikariPool-12 - Shutdown completed.
