2026-06-18T09:43:04.665+09:00  INFO 5824 --- [ch04] [restartedMain] org.example.ch04.Ch04Application         : Starting Ch04Application using Java 21.0.11 with PID 5824 (C:\Users\GGG\Desktop\Workspace\Spring\ch04\build\classes\java\main started by GGG in C:\Users\GGG\Desktop\Workspace\Spring\ch04)
2026-06-18T09:43:04.665+09:00  INFO 5824 --- [ch04] [restartedMain] org.example.ch04.Ch04Application         : No active profile set, falling back to 1 default profile: "default"
2026-06-18T09:43:04.887+09:00  INFO 5824 --- [ch04] [restartedMain] o.s.b.w.embedded.tomcat.TomcatWebServer  : Tomcat initialized with port 8080 (http)
2026-06-18T09:43:04.888+09:00  INFO 5824 --- [ch04] [restartedMain] o.apache.catalina.core.StandardService   : Starting service [Tomcat]
2026-06-18T09:43:04.889+09:00  INFO 5824 --- [ch04] [restartedMain] o.apache.catalina.core.StandardEngine    : Starting Servlet engine: [Apache Tomcat/10.1.55]
2026-06-18T09:43:04.903+09:00  INFO 5824 --- [ch04] [restartedMain] o.a.c.c.C.[Tomcat].[localhost].[/ch04]   : Initializing Spring embedded WebApplicationContext
2026-06-18T09:43:04.903+09:00  INFO 5824 --- [ch04] [restartedMain] w.s.c.ServletWebServerApplicationContext : Root WebApplicationContext: initialization completed in 236 ms
2026-06-18T09:43:04.945+09:00  INFO 5824 --- [ch04] [restartedMain] o.s.b.a.w.s.WelcomePageHandlerMapping    : Adding welcome page template: index
2026-06-18T09:43:04.986+09:00  INFO 5824 --- [ch04] [restartedMain] o.s.b.d.a.OptionalLiveReloadServer       : LiveReload server is running on port 35729
2026-06-18T09:43:04.995+09:00  INFO 5824 --- [ch04] [restartedMain] o.s.b.w.embedded.tomcat.TomcatWebServer  : Tomcat started on port 8080 (http) with context path '/ch04'
2026-06-18T09:43:04.997+09:00  INFO 5824 --- [ch04] [restartedMain] org.example.ch04.Ch04Application         : Started Ch04Application in 0.358 seconds (process running for 270.386)
2026-06-18T09:43:04.998+09:00  INFO 5824 --- [ch04] [restartedMain] .ConditionEvaluationDeltaLoggingListener : Condition evaluation unchanged
2026-06-18T09:45:42.077+09:00  INFO 5824 --- [ch04] [File Watcher] rtingClassPathChangeChangedEventListener : Restarting due to 1 class path change (0 additions, 1 deletion, 0 modifications)
2026-06-18T09:45:42.078+09:00  INFO 5824 --- [ch04] [Thread-23] o.s.b.w.e.tomcat.GracefulShutdown        : Commencing graceful shutdown. Waiting for active requests to complete
2026-06-18T09:45:42.082+09:00  INFO 5824 --- [ch04] [tomcat-shutdown] o.s.b.w.e.tomcat.GracefulShutdown        : Graceful shutdown complete
2026-06-18T09:45:42.150+09:00  INFO 5824 --- [ch04] [restartedMain] org.example.ch04.Ch04Application         : Starting Ch04Application using Java 21.0.11 with PID 5824 (C:\Users\GGG\Desktop\Workspace\Spring\ch04\build\classes\java\main started by GGG in C:\Users\GGG\Desktop\Workspace\Spring\ch04)
2026-06-18T09:45:42.150+09:00  INFO 5824 --- [ch04] [restartedMain] org.example.ch04.Ch04Application         : No active profile set, falling back to 1 default profile: "default"
2026-06-18T09:45:42.375+09:00  INFO 5824 --- [ch04] [restartedMain] o.s.b.w.embedded.tomcat.TomcatWebServer  : Tomcat initialized with port 8080 (http)
2026-06-18T09:45:42.376+09:00  INFO 5824 --- [ch04] [restartedMain] o.apache.catalina.core.StandardService   : Starting service [Tomcat]
2026-06-18T09:45:42.376+09:00  INFO 5824 --- [ch04] [restartedMain] o.apache.catalina.core.StandardEngine    : Starting Servlet engine: [Apache Tomcat/10.1.55]
2026-06-18T09:45:42.391+09:00  INFO 5824 --- [ch04] [restartedMain] o.a.c.c.C.[Tomcat].[localhost].[/ch04]   : Initializing Spring embedded WebApplicationContext
2026-06-18T09:45:42.391+09:00  INFO 5824 --- [ch04] [restartedMain] w.s.c.ServletWebServerApplicationContext : Root WebApplicationContext: initialization completed in 239 ms
2026-06-18T09:45:42.427+09:00  INFO 5824 --- [ch04] [restartedMain] o.s.b.a.w.s.WelcomePageHandlerMapping    : Adding welcome page template: index
2026-06-18T09:45:42.473+09:00  INFO 5824 --- [ch04] [restartedMain] o.s.b.d.a.OptionalLiveReloadServer       : LiveReload server is running on port 35729
2026-06-18T09:45:42.482+09:00  INFO 5824 --- [ch04] [restartedMain] o.s.b.w.embedded.tomcat.TomcatWebServer  : Tomcat started on port 8080 (http) with context path '/ch04'
2026-06-18T09:45:42.484+09:00  INFO 5824 --- [ch04] [restartedMain] org.example.ch04.Ch04Application         : Started Ch04Application in 0.36 seconds (process running for 427.871)
2026-06-18T09:45:42.485+09:00  INFO 5824 --- [ch04] [restartedMain] .ConditionEvaluationDeltaLoggingListener : Condition evaluation unchanged
2026-06-18T09:45:43.904+09:00  INFO 5824 --- [ch04] [File Watcher] rtingClassPathChangeChangedEventListener : Restarting due to 1 class path change (1 addition, 0 deletions, 0 modifications)
2026-06-18T09:45:43.905+09:00  INFO 5824 --- [ch04] [Thread-27] o.s.b.w.e.tomcat.GracefulShutdown        : Commencing graceful shutdown. Waiting for active requests to complete
2026-06-18T09:45:43.908+09:00  INFO 5824 --- [ch04] [tomcat-shutdown] o.s.b.w.e.tomcat.GracefulShutdown        : Graceful shutdown complete
2026-06-18T09:45:43.974+09:00  INFO 5824 --- [ch04] [restartedMain] org.example.ch04.Ch04Application         : Starting Ch04Application using Java 21.0.11 with PID 5824 (C:\Users\GGG\Desktop\Workspace\Spring\ch04\build\classes\java\main started by GGG in C:\Users\GGG\Desktop\Workspace\Spring\ch04)
2026-06-18T09:45:43.974+09:00  INFO 5824 --- [ch04] [restartedMain] org.example.ch04.Ch04Application         : No active profile set, falling back to 1 default profile: "default"
2026-06-18T09:45:44.190+09:00  INFO 5824 --- [ch04] [restartedMain] o.s.b.w.embedded.tomcat.TomcatWebServer  : Tomcat initialized with port 8080 (http)
2026-06-18T09:45:44.191+09:00  INFO 5824 --- [ch04] [restartedMain] o.apache.catalina.core.StandardService   : Starting service [Tomcat]
2026-06-18T09:45:44.191+09:00  INFO 5824 --- [ch04] [restartedMain] o.apache.catalina.core.StandardEngine    : Starting Servlet engine: [Apache Tomcat/10.1.55]
2026-06-18T09:45:44.206+09:00  INFO 5824 --- [ch04] [restartedMain] o.a.c.c.C.[Tomcat].[localhost].[/ch04]   : Initializing Spring embedded WebApplicationContext
2026-06-18T09:45:44.206+09:00  INFO 5824 --- [ch04] [restartedMain] w.s.c.ServletWebServerApplicationContext : Root WebApplicationContext: initialization completed in 230 ms
2026-06-18T09:45:44.243+09:00  INFO 5824 --- [ch04] [restartedMain] o.s.b.a.w.s.WelcomePageHandlerMapping    : Adding welcome page template: index
2026-06-18T09:45:44.282+09:00  INFO 5824 --- [ch04] [restartedMain] o.s.b.d.a.OptionalLiveReloadServer       : LiveReload server is running on port 35729
2026-06-18T09:45:44.290+09:00  INFO 5824 --- [ch04] [restartedMain] o.s.b.w.embedded.tomcat.TomcatWebServer  : Tomcat started on port 8080 (http) with context path '/ch04'
2026-06-18T09:45:44.293+09:00  INFO 5824 --- [ch04] [restartedMain] org.example.ch04.Ch04Application         : Started Ch04Application in 0.349 seconds (process running for 429.68)
2026-06-18T09:45:44.293+09:00  INFO 5824 --- [ch04] [restartedMain] .ConditionEvaluationDeltaLoggingListener : Condition evaluation unchanged
2026-06-18T09:45:59.997+09:00  INFO 5824 --- [ch04] [File Watcher] rtingClassPathChangeChangedEventListener : Restarting due to 1 class path change (0 additions, 0 deletions, 1 modification)
2026-06-18T09:45:59.997+09:00  INFO 5824 --- [ch04] [Thread-31] o.s.b.w.e.tomcat.GracefulShutdown        : Commencing graceful shutdown. Waiting for active requests to complete
2026-06-18T09:46:00.000+09:00  INFO 5824 --- [ch04] [tomcat-shutdown] o.s.b.w.e.tomcat.GracefulShutdown        : Graceful shutdown complete
2026-06-18T09:46:00.055+09:00  INFO 5824 --- [ch04] [restartedMain] org.example.ch04.Ch04Application         : Starting Ch04Application using Java 21.0.11 with PID 5824 (C:\Users\GGG\Desktop\Workspace\Spring\ch04\build\classes\java\main started by GGG in C:\Users\GGG\Desktop\Workspace\Spring\ch04)
2026-06-18T09:46:00.055+09:00  INFO 5824 --- [ch04] [restartedMain] org.example.ch04.Ch04Application         : No active profile set, falling back to 1 default profile: "default"
2026-06-18T09:46:00.272+09:00  INFO 5824 --- [ch04] [restartedMain] o.s.b.w.embedded.tomcat.TomcatWebServer  : Tomcat initialized with port 8080 (http)
2026-06-18T09:46:00.272+09:00  INFO 5824 --- [ch04] [restartedMain] o.apache.catalina.core.StandardService   : Starting service [Tomcat]
2026-06-18T09:46:00.272+09:00  INFO 5824 --- [ch04] [restartedMain] o.apache.catalina.core.StandardEngine    : Starting Servlet engine: [Apache Tomcat/10.1.55]
2026-06-18T09:46:00.287+09:00  INFO 5824 --- [ch04] [restartedMain] o.a.c.c.C.[Tomcat].[localhost].[/ch04]   : Initializing Spring embedded WebApplicationContext
2026-06-18T09:46:00.287+09:00  INFO 5824 --- [ch04] [restartedMain] w.s.c.ServletWebServerApplicationContext : Root WebApplicationContext: initialization completed in 230 ms
2026-06-18T09:46:00.325+09:00  INFO 5824 --- [ch04] [restartedMain] o.s.b.a.w.s.WelcomePageHandlerMapping    : Adding welcome page template: index
2026-06-18T09:46:00.365+09:00  INFO 5824 --- [ch04] [restartedMain] o.s.b.d.a.OptionalLiveReloadServer       : LiveReload server is running on port 35729
2026-06-18T09:46:00.373+09:00  INFO 5824 --- [ch04] [restartedMain] o.s.b.w.embedded.tomcat.TomcatWebServer  : Tomcat started on port 8080 (http) with context path '/ch04'
2026-06-18T09:46:00.376+09:00  INFO 5824 --- [ch04] [restartedMain] org.example.ch04.Ch04Application         : Started Ch04Application in 0.345 seconds (process running for 445.762)
2026-06-18T09:46:00.376+09:00  INFO 5824 --- [ch04] [restartedMain] .ConditionEvaluationDeltaLoggingListener : Condition evaluation unchanged
2026-06-18T09:46:53.687+09:00  INFO 5824 --- [ch04] [File Watcher] rtingClassPathChangeChangedEventListener : Restarting due to 1 class path change (0 additions, 0 deletions, 1 modification)
2026-06-18T09:46:53.688+09:00  INFO 5824 --- [ch04] [Thread-35] o.s.b.w.e.tomcat.GracefulShutdown        : Commencing graceful shutdown. Waiting for active requests to complete
2026-06-18T09:46:53.691+09:00  INFO 5824 --- [ch04] [tomcat-shutdown] o.s.b.w.e.tomcat.GracefulShutdown        : Graceful shutdown complete
2026-06-18T09:46:53.744+09:00  INFO 5824 --- [ch04] [restartedMain] org.example.ch04.Ch04Application         : Starting Ch04Application using Java 21.0.11 with PID 5824 (C:\Users\GGG\Desktop\Workspace\Spring\ch04\build\classes\java\main started by GGG in C:\Users\GGG\Desktop\Workspace\Spring\ch04)
2026-06-18T09:46:53.744+09:00  INFO 5824 --- [ch04] [restartedMain] org.example.ch04.Ch04Application         : No active profile set, falling back to 1 default profile: "default"
2026-06-18T09:46:53.964+09:00  INFO 5824 --- [ch04] [restartedMain] o.s.b.w.embedded.tomcat.TomcatWebServer  : Tomcat initialized with port 8080 (http)
2026-06-18T09:46:53.965+09:00  INFO 5824 --- [ch04] [restartedMain] o.apache.catalina.core.StandardService   : Starting service [Tomcat]
2026-06-18T09:46:53.965+09:00  INFO 5824 --- [ch04] [restartedMain] o.apache.catalina.core.StandardEngine    : Starting Servlet engine: [Apache Tomcat/10.1.55]
2026-06-18T09:46:53.980+09:00  INFO 5824 --- [ch04] [restartedMain] o.a.c.c.C.[Tomcat].[localhost].[/ch04]   : Initializing Spring embedded WebApplicationContext
2026-06-18T09:46:53.980+09:00  INFO 5824 --- [ch04] [restartedMain] w.s.c.ServletWebServerApplicationContext : Root WebApplicationContext: initialization completed in 234 ms
2026-06-18T09:46:54.018+09:00  INFO 5824 --- [ch04] [restartedMain] o.s.b.a.w.s.WelcomePageHandlerMapping    : Adding welcome page template: index
2026-06-18T09:46:54.056+09:00  INFO 5824 --- [ch04] [restartedMain] o.s.b.d.a.OptionalLiveReloadServer       : LiveReload server is running on port 35729
2026-06-18T09:46:54.066+09:00  INFO 5824 --- [ch04] [restartedMain] o.s.b.w.embedded.tomcat.TomcatWebServer  : Tomcat started on port 8080 (http) with context path '/ch04'
2026-06-18T09:46:54.068+09:00  INFO 5824 --- [ch04] [restartedMain] org.example.ch04.Ch04Application         : Started Ch04Application in 0.347 seconds (process running for 499.454)
2026-06-18T09:46:54.069+09:00  INFO 5824 --- [ch04] [restartedMain] .ConditionEvaluationDeltaLoggingListener : Condition evaluation unchanged
2026-06-18T09:47:12.788+09:00  INFO 5824 --- [ch04] [File Watcher] rtingClassPathChangeChangedEventListener : Restarting due to 1 class path change (0 additions, 0 deletions, 1 modification)
2026-06-18T09:47:12.789+09:00  INFO 5824 --- [ch04] [Thread-39] o.s.b.w.e.tomcat.GracefulShutdown        : Commencing graceful shutdown. Waiting for active requests to complete
2026-06-18T09:47:12.792+09:00  INFO 5824 --- [ch04] [tomcat-shutdown] o.s.b.w.e.tomcat.GracefulShutdown        : Graceful shutdown complete
2026-06-18T09:47:12.854+09:00  INFO 5824 --- [ch04] [restartedMain] org.example.ch04.Ch04Application         : Starting Ch04Application using Java 21.0.11 with PID 5824 (C:\Users\GGG\Desktop\Workspace\Spring\ch04\build\classes\java\main started by GGG in C:\Users\GGG\Desktop\Workspace\Spring\ch04)
2026-06-18T09:47:12.855+09:00  INFO 5824 --- [ch04] [restartedMain] org.example.ch04.Ch04Application         : No active profile set, falling back to 1 default profile: "default"
2026-06-18T09:47:13.058+09:00  INFO 5824 --- [ch04] [restartedMain] o.s.b.w.embedded.tomcat.TomcatWebServer  : Tomcat initialized with port 8080 (http)
2026-06-18T09:47:13.059+09:00  INFO 5824 --- [ch04] [restartedMain] o.apache.catalina.core.StandardService   : Starting service [Tomcat]
2026-06-18T09:47:13.059+09:00  INFO 5824 --- [ch04] [restartedMain] o.apache.catalina.core.StandardEngine    : Starting Servlet engine: [Apache Tomcat/10.1.55]
2026-06-18T09:47:13.074+09:00  INFO 5824 --- [ch04] [restartedMain] o.a.c.c.C.[Tomcat].[localhost].[/ch04]   : Initializing Spring embedded WebApplicationContext
2026-06-18T09:47:13.074+09:00  INFO 5824 --- [ch04] [restartedMain] w.s.c.ServletWebServerApplicationContext : Root WebApplicationContext: initialization completed in 218 ms
2026-06-18T09:47:13.110+09:00  INFO 5824 --- [ch04] [restartedMain] o.s.b.a.w.s.WelcomePageHandlerMapping    : Adding welcome page template: index
2026-06-18T09:47:13.149+09:00  INFO 5824 --- [ch04] [restartedMain] o.s.b.d.a.OptionalLiveReloadServer       : LiveReload server is running on port 35729
2026-06-18T09:47:13.157+09:00  INFO 5824 --- [ch04] [restartedMain] o.s.b.w.embedded.tomcat.TomcatWebServer  : Tomcat started on port 8080 (http) with context path '/ch04'
2026-06-18T09:47:13.160+09:00  INFO 5824 --- [ch04] [restartedMain] org.example.ch04.Ch04Application         : Started Ch04Application in 0.328 seconds (process running for 518.544)
2026-06-18T09:47:13.160+09:00  INFO 5824 --- [ch04] [restartedMain] .ConditionEvaluationDeltaLoggingListener : Condition evaluation unchanged
2026-06-18T10:02:42.505+09:00  INFO 3676 --- [ch04] [Test worker] org.example.ch04.Ch04ApplicationTests    : Starting Ch04ApplicationTests using Java 21.0.11 with PID 3676 (started by GGG in C:\Users\GGG\Desktop\Workspace\Spring\ch04)
2026-06-18T10:02:42.506+09:00  INFO 3676 --- [ch04] [Test worker] org.example.ch04.Ch04ApplicationTests    : No active profile set, falling back to 1 default profile: "default"
2026-06-18T10:02:43.752+09:00  INFO 3676 --- [ch04] [Test worker] o.s.b.a.w.s.WelcomePageHandlerMapping    : Adding welcome page template: index
2026-06-18T10:02:44.118+09:00  INFO 3676 --- [ch04] [Test worker] org.example.ch04.Ch04ApplicationTests    : Started Ch04ApplicationTests in 1.934 seconds (process running for 3.31)
2026-06-18T10:02:44.821+09:00  INFO 3676 --- [ch04] [Test worker] org.example.ch04.Ch04ApplicationTests    : contextLoads...
2026-06-18T10:12:38.569+09:00  INFO 15808 --- [ch04] [Test worker] org.example.ch04.dao.User1DAOTest        : Starting User1DAOTest using Java 21.0.11 with PID 15808 (started by GGG in C:\Users\GGG\Desktop\Workspace\Spring\ch04)
2026-06-18T10:12:38.570+09:00  INFO 15808 --- [ch04] [Test worker] org.example.ch04.dao.User1DAOTest        : No active profile set, falling back to 1 default profile: "default"
2026-06-18T10:12:39.825+09:00  INFO 15808 --- [ch04] [Test worker] o.s.b.a.w.s.WelcomePageHandlerMapping    : Adding welcome page template: index
2026-06-18T10:12:40.203+09:00  INFO 15808 --- [ch04] [Test worker] org.example.ch04.dao.User1DAOTest        : Started User1DAOTest in 1.933 seconds (process running for 3.152)
2026-06-18T10:12:40.960+09:00  INFO 15808 --- [ch04] [Test worker] com.zaxxer.hikari.HikariDataSource       : HikariPool-1 - Starting...
2026-06-18T10:12:41.338+09:00  INFO 15808 --- [ch04] [Test worker] com.zaxxer.hikari.pool.HikariPool        : HikariPool-1 - Added connection com.mysql.cj.jdbc.ConnectionImpl@705d914f
2026-06-18T10:12:41.340+09:00  INFO 15808 --- [ch04] [Test worker] com.zaxxer.hikari.HikariDataSource       : HikariPool-1 - Start completed.
2026-06-18T10:12:41.431+09:00  INFO 15808 --- [ch04] [SpringApplicationShutdownHook] com.zaxxer.hikari.HikariDataSource       : HikariPool-1 - Shutdown initiated...
2026-06-18T10:12:41.437+09:00  INFO 15808 --- [ch04] [SpringApplicationShutdownHook] com.zaxxer.hikari.HikariDataSource       : HikariPool-1 - Shutdown completed.
2026-06-18T10:15:05.098+09:00  INFO 3572 --- [ch04] [Test worker] org.example.ch04.dao.User1DAOTest        : Starting User1DAOTest using Java 21.0.11 with PID 3572 (started by GGG in C:\Users\GGG\Desktop\Workspace\Spring\ch04)
2026-06-18T10:15:05.100+09:00  INFO 3572 --- [ch04] [Test worker] org.example.ch04.dao.User1DAOTest        : No active profile set, falling back to 1 default profile: "default"
2026-06-18T10:15:06.424+09:00  INFO 3572 --- [ch04] [Test worker] o.s.b.a.w.s.WelcomePageHandlerMapping    : Adding welcome page template: index
2026-06-18T10:15:06.800+09:00  INFO 3572 --- [ch04] [Test worker] org.example.ch04.dao.User1DAOTest        : Started User1DAOTest in 2.019 seconds (process running for 3.203)
2026-06-18T10:15:07.515+09:00  INFO 3572 --- [ch04] [Test worker] com.zaxxer.hikari.HikariDataSource       : HikariPool-1 - Starting...
2026-06-18T10:15:07.872+09:00  INFO 3572 --- [ch04] [Test worker] com.zaxxer.hikari.pool.HikariPool        : HikariPool-1 - Added connection com.mysql.cj.jdbc.ConnectionImpl@7ca0166c
2026-06-18T10:15:07.874+09:00  INFO 3572 --- [ch04] [Test worker] com.zaxxer.hikari.HikariDataSource       : HikariPool-1 - Start completed.
2026-06-18T10:15:07.969+09:00  INFO 3572 --- [ch04] [SpringApplicationShutdownHook] com.zaxxer.hikari.HikariDataSource       : HikariPool-1 - Shutdown initiated...
2026-06-18T10:15:07.974+09:00  INFO 3572 --- [ch04] [SpringApplicationShutdownHook] com.zaxxer.hikari.HikariDataSource       : HikariPool-1 - Shutdown completed.
2026-06-18T10:16:46.280+09:00  INFO 11500 --- [ch04] [Test worker] org.example.ch04.dao.User1DAOTest        : Starting User1DAOTest using Java 21.0.11 with PID 11500 (started by GGG in C:\Users\GGG\Desktop\Workspace\Spring\ch04)
2026-06-18T10:16:46.282+09:00  INFO 11500 --- [ch04] [Test worker] org.example.ch04.dao.User1DAOTest        : No active profile set, falling back to 1 default profile: "default"
2026-06-18T10:16:47.507+09:00  INFO 11500 --- [ch04] [Test worker] o.s.b.a.w.s.WelcomePageHandlerMapping    : Adding welcome page template: index
2026-06-18T10:16:47.930+09:00  INFO 11500 --- [ch04] [Test worker] org.example.ch04.dao.User1DAOTest        : Started User1DAOTest in 1.965 seconds (process running for 3.219)
2026-06-18T10:16:48.624+09:00  INFO 11500 --- [ch04] [Test worker] com.zaxxer.hikari.HikariDataSource       : HikariPool-1 - Starting...
2026-06-18T10:16:48.996+09:00  INFO 11500 --- [ch04] [Test worker] com.zaxxer.hikari.pool.HikariPool        : HikariPool-1 - Added connection com.mysql.cj.jdbc.ConnectionImpl@7ca0166c
2026-06-18T10:16:49.000+09:00  INFO 11500 --- [ch04] [Test worker] com.zaxxer.hikari.HikariDataSource       : HikariPool-1 - Start completed.
2026-06-18T10:16:49.120+09:00  INFO 11500 --- [ch04] [SpringApplicationShutdownHook] com.zaxxer.hikari.HikariDataSource       : HikariPool-1 - Shutdown initiated...
2026-06-18T10:16:49.182+09:00  INFO 11500 --- [ch04] [SpringApplicationShutdownHook] com.zaxxer.hikari.HikariDataSource       : HikariPool-1 - Shutdown completed.
2026-06-18T10:21:08.096+09:00  INFO 5312 --- [ch04] [Test worker] org.example.ch04.dao.User1DAOTest        : Starting User1DAOTest using Java 21.0.11 with PID 5312 (started by GGG in C:\Users\GGG\Desktop\Workspace\Spring\ch04)
2026-06-18T10:21:08.097+09:00  INFO 5312 --- [ch04] [Test worker] org.example.ch04.dao.User1DAOTest        : No active profile set, falling back to 1 default profile: "default"
2026-06-18T10:21:09.333+09:00  INFO 5312 --- [ch04] [Test worker] o.s.b.a.w.s.WelcomePageHandlerMapping    : Adding welcome page template: index
2026-06-18T10:21:09.726+09:00  INFO 5312 --- [ch04] [Test worker] org.example.ch04.dao.User1DAOTest        : Started User1DAOTest in 1.94 seconds (process running for 3.155)
2026-06-18T10:21:10.418+09:00  INFO 5312 --- [ch04] [Test worker] com.zaxxer.hikari.HikariDataSource       : HikariPool-1 - Starting...
2026-06-18T10:21:10.778+09:00  INFO 5312 --- [ch04] [Test worker] com.zaxxer.hikari.pool.HikariPool        : HikariPool-1 - Added connection com.mysql.cj.jdbc.ConnectionImpl@30b1c5d5
2026-06-18T10:21:10.780+09:00  INFO 5312 --- [ch04] [Test worker] com.zaxxer.hikari.HikariDataSource       : HikariPool-1 - Start completed.
2026-06-18T10:21:10.859+09:00  INFO 5312 --- [ch04] [SpringApplicationShutdownHook] com.zaxxer.hikari.HikariDataSource       : HikariPool-1 - Shutdown initiated...
2026-06-18T10:21:10.867+09:00  INFO 5312 --- [ch04] [SpringApplicationShutdownHook] com.zaxxer.hikari.HikariDataSource       : HikariPool-1 - Shutdown completed.
2026-06-18T10:21:37.175+09:00  INFO 9604 --- [ch04] [Test worker] org.example.ch04.dao.User1DAOTest        : Starting User1DAOTest using Java 21.0.11 with PID 9604 (started by GGG in C:\Users\GGG\Desktop\Workspace\Spring\ch04)
2026-06-18T10:21:37.176+09:00  INFO 9604 --- [ch04] [Test worker] org.example.ch04.dao.User1DAOTest        : No active profile set, falling back to 1 default profile: "default"
2026-06-18T10:21:38.386+09:00  INFO 9604 --- [ch04] [Test worker] o.s.b.a.w.s.WelcomePageHandlerMapping    : Adding welcome page template: index
2026-06-18T10:21:38.871+09:00  INFO 9604 --- [ch04] [Test worker] org.example.ch04.dao.User1DAOTest        : Started User1DAOTest in 2.0 seconds (process running for 3.19)
2026-06-18T10:21:39.554+09:00  INFO 9604 --- [ch04] [Test worker] com.zaxxer.hikari.HikariDataSource       : HikariPool-1 - Starting...
2026-06-18T10:21:39.913+09:00  INFO 9604 --- [ch04] [Test worker] com.zaxxer.hikari.pool.HikariPool        : HikariPool-1 - Added connection com.mysql.cj.jdbc.ConnectionImpl@6212ea52
2026-06-18T10:21:39.915+09:00  INFO 9604 --- [ch04] [Test worker] com.zaxxer.hikari.HikariDataSource       : HikariPool-1 - Start completed.
2026-06-18T10:21:39.970+09:00  INFO 9604 --- [ch04] [Test worker] org.example.ch04.dao.User1DAOTest        : User1DTO(userid=test01, name=테스트, hp=010-2221-0103, age=33)
2026-06-18T10:21:40.001+09:00  INFO 9604 --- [ch04] [SpringApplicationShutdownHook] com.zaxxer.hikari.HikariDataSource       : HikariPool-1 - Shutdown initiated...
2026-06-18T10:21:40.007+09:00  INFO 9604 --- [ch04] [SpringApplicationShutdownHook] com.zaxxer.hikari.HikariDataSource       : HikariPool-1 - Shutdown completed.
2026-06-18T10:25:17.623+09:00  INFO 13336 --- [ch04] [Test worker] org.example.ch04.dao.User1DAOTest        : Starting User1DAOTest using Java 21.0.11 with PID 13336 (started by GGG in C:\Users\GGG\Desktop\Workspace\Spring\ch04)
2026-06-18T10:25:17.625+09:00  INFO 13336 --- [ch04] [Test worker] org.example.ch04.dao.User1DAOTest        : No active profile set, falling back to 1 default profile: "default"
2026-06-18T10:25:18.814+09:00  INFO 13336 --- [ch04] [Test worker] o.s.b.a.w.s.WelcomePageHandlerMapping    : Adding welcome page template: index
2026-06-18T10:25:19.172+09:00  INFO 13336 --- [ch04] [Test worker] org.example.ch04.dao.User1DAOTest        : Started User1DAOTest in 1.856 seconds (process running for 3.068)
2026-06-18T10:25:19.881+09:00  INFO 13336 --- [ch04] [Test worker] com.zaxxer.hikari.HikariDataSource       : HikariPool-1 - Starting...
2026-06-18T10:25:20.220+09:00  INFO 13336 --- [ch04] [Test worker] com.zaxxer.hikari.pool.HikariPool        : HikariPool-1 - Added connection com.mysql.cj.jdbc.ConnectionImpl@e18d2a2
2026-06-18T10:25:20.223+09:00  INFO 13336 --- [ch04] [Test worker] com.zaxxer.hikari.HikariDataSource       : HikariPool-1 - Start completed.
2026-06-18T10:25:20.304+09:00  INFO 13336 --- [ch04] [SpringApplicationShutdownHook] com.zaxxer.hikari.HikariDataSource       : HikariPool-1 - Shutdown initiated...
2026-06-18T10:25:20.307+09:00  INFO 13336 --- [ch04] [SpringApplicationShutdownHook] com.zaxxer.hikari.HikariDataSource       : HikariPool-1 - Shutdown completed.
2026-06-18T10:29:25.440+09:00  INFO 15620 --- [ch04] [Test worker] org.example.ch04.dao.User1DAOTest        : Starting User1DAOTest using Java 21.0.11 with PID 15620 (started by GGG in C:\Users\GGG\Desktop\Workspace\Spring\ch04)
2026-06-18T10:29:25.441+09:00  INFO 15620 --- [ch04] [Test worker] org.example.ch04.dao.User1DAOTest        : No active profile set, falling back to 1 default profile: "default"
2026-06-18T10:29:26.746+09:00  INFO 15620 --- [ch04] [Test worker] o.s.b.a.w.s.WelcomePageHandlerMapping    : Adding welcome page template: index
2026-06-18T10:29:27.117+09:00  INFO 15620 --- [ch04] [Test worker] org.example.ch04.dao.User1DAOTest        : Started User1DAOTest in 1.985 seconds (process running for 3.196)
2026-06-18T10:29:27.797+09:00  INFO 15620 --- [ch04] [Test worker] com.zaxxer.hikari.HikariDataSource       : HikariPool-1 - Starting...
2026-06-18T10:29:28.181+09:00  INFO 15620 --- [ch04] [Test worker] com.zaxxer.hikari.pool.HikariPool        : HikariPool-1 - Added connection com.mysql.cj.jdbc.ConnectionImpl@7ca0166c
2026-06-18T10:29:28.184+09:00  INFO 15620 --- [ch04] [Test worker] com.zaxxer.hikari.HikariDataSource       : HikariPool-1 - Start completed.
2026-06-18T10:29:28.304+09:00  INFO 15620 --- [ch04] [SpringApplicationShutdownHook] com.zaxxer.hikari.HikariDataSource       : HikariPool-1 - Shutdown initiated...
2026-06-18T10:29:28.356+09:00  INFO 15620 --- [ch04] [SpringApplicationShutdownHook] com.zaxxer.hikari.HikariDataSource       : HikariPool-1 - Shutdown completed.
2026-06-18T10:30:51.728+09:00  INFO 16264 --- [ch04] [Test worker] org.example.ch04.dao.User1DAOTest        : Starting User1DAOTest using Java 21.0.11 with PID 16264 (started by GGG in C:\Users\GGG\Desktop\Workspace\Spring\ch04)
2026-06-18T10:30:51.729+09:00  INFO 16264 --- [ch04] [Test worker] org.example.ch04.dao.User1DAOTest        : No active profile set, falling back to 1 default profile: "default"
2026-06-18T10:30:52.992+09:00  INFO 16264 --- [ch04] [Test worker] o.s.b.a.w.s.WelcomePageHandlerMapping    : Adding welcome page template: index
2026-06-18T10:30:53.351+09:00  INFO 16264 --- [ch04] [Test worker] org.example.ch04.dao.User1DAOTest        : Started User1DAOTest in 1.939 seconds (process running for 3.168)
2026-06-18T10:30:54.024+09:00  INFO 16264 --- [ch04] [Test worker] com.zaxxer.hikari.HikariDataSource       : HikariPool-1 - Starting...
2026-06-18T10:30:54.393+09:00  INFO 16264 --- [ch04] [Test worker] com.zaxxer.hikari.pool.HikariPool        : HikariPool-1 - Added connection com.mysql.cj.jdbc.ConnectionImpl@34e07e65
2026-06-18T10:30:54.396+09:00  INFO 16264 --- [ch04] [Test worker] com.zaxxer.hikari.HikariDataSource       : HikariPool-1 - Start completed.
2026-06-18T10:30:54.486+09:00  INFO 16264 --- [ch04] [SpringApplicationShutdownHook] com.zaxxer.hikari.HikariDataSource       : HikariPool-1 - Shutdown initiated...
2026-06-18T10:30:54.491+09:00  INFO 16264 --- [ch04] [SpringApplicationShutdownHook] com.zaxxer.hikari.HikariDataSource       : HikariPool-1 - Shutdown completed.
2026-06-18T10:32:54.290+09:00  INFO 5500 --- [ch04] [Test worker] org.example.ch04.dao.User1DAOTest        : Starting User1DAOTest using Java 21.0.11 with PID 5500 (started by GGG in C:\Users\GGG\Desktop\Workspace\Spring\ch04)
2026-06-18T10:32:54.292+09:00  INFO 5500 --- [ch04] [Test worker] org.example.ch04.dao.User1DAOTest        : No active profile set, falling back to 1 default profile: "default"
2026-06-18T10:32:55.521+09:00  INFO 5500 --- [ch04] [Test worker] o.s.b.a.w.s.WelcomePageHandlerMapping    : Adding welcome page template: index
2026-06-18T10:32:55.924+09:00  INFO 5500 --- [ch04] [Test worker] org.example.ch04.dao.User1DAOTest        : Started User1DAOTest in 1.935 seconds (process running for 3.134)
2026-06-18T10:32:56.599+09:00  INFO 5500 --- [ch04] [Test worker] com.zaxxer.hikari.HikariDataSource       : HikariPool-1 - Starting...
2026-06-18T10:32:56.993+09:00  INFO 5500 --- [ch04] [Test worker] com.zaxxer.hikari.pool.HikariPool        : HikariPool-1 - Added connection com.mysql.cj.jdbc.ConnectionImpl@34e07e65
2026-06-18T10:32:56.995+09:00  INFO 5500 --- [ch04] [Test worker] com.zaxxer.hikari.HikariDataSource       : HikariPool-1 - Start completed.
2026-06-18T10:32:57.072+09:00  INFO 5500 --- [ch04] [SpringApplicationShutdownHook] com.zaxxer.hikari.HikariDataSource       : HikariPool-1 - Shutdown initiated...
2026-06-18T10:32:57.077+09:00  INFO 5500 --- [ch04] [SpringApplicationShutdownHook] com.zaxxer.hikari.HikariDataSource       : HikariPool-1 - Shutdown completed.
2026-06-18T10:34:22.671+09:00  INFO 12020 --- [ch04] [Test worker] org.example.ch04.dao.User1DAOTest        : Starting User1DAOTest using Java 21.0.11 with PID 12020 (started by GGG in C:\Users\GGG\Desktop\Workspace\Spring\ch04)
2026-06-18T10:34:22.672+09:00  INFO 12020 --- [ch04] [Test worker] org.example.ch04.dao.User1DAOTest        : No active profile set, falling back to 1 default profile: "default"
2026-06-18T10:34:23.933+09:00  INFO 12020 --- [ch04] [Test worker] o.s.b.a.w.s.WelcomePageHandlerMapping    : Adding welcome page template: index
2026-06-18T10:34:24.309+09:00  INFO 12020 --- [ch04] [Test worker] org.example.ch04.dao.User1DAOTest        : Started User1DAOTest in 1.943 seconds (process running for 3.172)
2026-06-18T10:34:25.020+09:00  INFO 12020 --- [ch04] [Test worker] com.zaxxer.hikari.HikariDataSource       : HikariPool-1 - Starting...
2026-06-18T10:34:25.375+09:00  INFO 12020 --- [ch04] [Test worker] com.zaxxer.hikari.pool.HikariPool        : HikariPool-1 - Added connection com.mysql.cj.jdbc.ConnectionImpl@745cf754
2026-06-18T10:34:25.378+09:00  INFO 12020 --- [ch04] [Test worker] com.zaxxer.hikari.HikariDataSource       : HikariPool-1 - Start completed.
2026-06-18T10:34:25.490+09:00  INFO 12020 --- [ch04] [Test worker] org.example.ch04.dao.User1DAOTest        : User1DTO(userid=test01, name=테스트, hp=010-2221-0133, age=33)
2026-06-18T10:34:25.519+09:00  INFO 12020 --- [ch04] [SpringApplicationShutdownHook] com.zaxxer.hikari.HikariDataSource       : HikariPool-1 - Shutdown initiated...
2026-06-18T10:34:25.556+09:00  INFO 12020 --- [ch04] [SpringApplicationShutdownHook] com.zaxxer.hikari.HikariDataSource       : HikariPool-1 - Shutdown completed.
2026-06-18T10:36:02.852+09:00  INFO 8100 --- [ch04] [Test worker] org.example.ch04.dao.User1DAOTest        : Starting User1DAOTest using Java 21.0.11 with PID 8100 (started by GGG in C:\Users\GGG\Desktop\Workspace\Spring\ch04)
2026-06-18T10:36:02.854+09:00  INFO 8100 --- [ch04] [Test worker] org.example.ch04.dao.User1DAOTest        : No active profile set, falling back to 1 default profile: "default"
2026-06-18T10:36:04.138+09:00  INFO 8100 --- [ch04] [Test worker] o.s.b.a.w.s.WelcomePageHandlerMapping    : Adding welcome page template: index
2026-06-18T10:36:04.513+09:00  INFO 8100 --- [ch04] [Test worker] org.example.ch04.dao.User1DAOTest        : Started User1DAOTest in 1.977 seconds (process running for 3.233)
2026-06-18T10:36:05.218+09:00  INFO 8100 --- [ch04] [Test worker] com.zaxxer.hikari.HikariDataSource       : HikariPool-1 - Starting...
2026-06-18T10:36:05.588+09:00  INFO 8100 --- [ch04] [Test worker] com.zaxxer.hikari.pool.HikariPool        : HikariPool-1 - Added connection com.mysql.cj.jdbc.ConnectionImpl@c6bf8d9
2026-06-18T10:36:05.590+09:00  INFO 8100 --- [ch04] [Test worker] com.zaxxer.hikari.HikariDataSource       : HikariPool-1 - Start completed.
2026-06-18T10:36:05.664+09:00  INFO 8100 --- [ch04] [SpringApplicationShutdownHook] com.zaxxer.hikari.HikariDataSource       : HikariPool-1 - Shutdown initiated...
2026-06-18T10:36:05.668+09:00  INFO 8100 --- [ch04] [SpringApplicationShutdownHook] com.zaxxer.hikari.HikariDataSource       : HikariPool-1 - Shutdown completed.
2026-06-18T10:36:23.132+09:00  INFO 15928 --- [ch04] [Test worker] org.example.ch04.dao.User1DAOTest        : Starting User1DAOTest using Java 21.0.11 with PID 15928 (started by GGG in C:\Users\GGG\Desktop\Workspace\Spring\ch04)
2026-06-18T10:36:23.134+09:00  INFO 15928 --- [ch04] [Test worker] org.example.ch04.dao.User1DAOTest        : No active profile set, falling back to 1 default profile: "default"
2026-06-18T10:36:24.394+09:00  INFO 15928 --- [ch04] [Test worker] o.s.b.a.w.s.WelcomePageHandlerMapping    : Adding welcome page template: index
2026-06-18T10:36:24.760+09:00  INFO 15928 --- [ch04] [Test worker] org.example.ch04.dao.User1DAOTest        : Started User1DAOTest in 1.944 seconds (process running for 3.21)
2026-06-18T10:36:25.437+09:00  INFO 15928 --- [ch04] [Test worker] com.zaxxer.hikari.HikariDataSource       : HikariPool-1 - Starting...
2026-06-18T10:36:25.796+09:00  INFO 15928 --- [ch04] [Test worker] com.zaxxer.hikari.pool.HikariPool        : HikariPool-1 - Added connection com.mysql.cj.jdbc.ConnectionImpl@37fffef3
2026-06-18T10:36:25.798+09:00  INFO 15928 --- [ch04] [Test worker] com.zaxxer.hikari.HikariDataSource       : HikariPool-1 - Start completed.
2026-06-18T10:36:25.907+09:00  INFO 15928 --- [ch04] [Test worker] org.example.ch04.dao.User1DAOTest        : User1DTO(userid=test01, name=테스트, hp=010-2221-0133, age=33)
2026-06-18T10:36:25.934+09:00  INFO 15928 --- [ch04] [SpringApplicationShutdownHook] com.zaxxer.hikari.HikariDataSource       : HikariPool-1 - Shutdown initiated...
2026-06-18T10:36:25.972+09:00  INFO 15928 --- [ch04] [SpringApplicationShutdownHook] com.zaxxer.hikari.HikariDataSource       : HikariPool-1 - Shutdown completed.
2026-06-18T10:37:23.365+09:00  INFO 3480 --- [ch04] [Test worker] org.example.ch04.dao.User1DAOTest        : Starting User1DAOTest using Java 21.0.11 with PID 3480 (started by GGG in C:\Users\GGG\Desktop\Workspace\Spring\ch04)
2026-06-18T10:37:23.366+09:00  INFO 3480 --- [ch04] [Test worker] org.example.ch04.dao.User1DAOTest        : No active profile set, falling back to 1 default profile: "default"
2026-06-18T10:37:24.700+09:00  INFO 3480 --- [ch04] [Test worker] o.s.b.a.w.s.WelcomePageHandlerMapping    : Adding welcome page template: index
2026-06-18T10:37:25.082+09:00  INFO 3480 --- [ch04] [Test worker] org.example.ch04.dao.User1DAOTest        : Started User1DAOTest in 2.049 seconds (process running for 3.294)
2026-06-18T10:37:25.824+09:00  INFO 3480 --- [ch04] [Test worker] com.zaxxer.hikari.HikariDataSource       : HikariPool-1 - Starting...
2026-06-18T10:37:26.193+09:00  INFO 3480 --- [ch04] [Test worker] com.zaxxer.hikari.pool.HikariPool        : HikariPool-1 - Added connection com.mysql.cj.jdbc.ConnectionImpl@5972e3a
2026-06-18T10:37:26.196+09:00  INFO 3480 --- [ch04] [Test worker] com.zaxxer.hikari.HikariDataSource       : HikariPool-1 - Start completed.
2026-06-18T10:37:26.285+09:00  INFO 3480 --- [ch04] [SpringApplicationShutdownHook] com.zaxxer.hikari.HikariDataSource       : HikariPool-1 - Shutdown initiated...
2026-06-18T10:37:26.288+09:00  INFO 3480 --- [ch04] [SpringApplicationShutdownHook] com.zaxxer.hikari.HikariDataSource       : HikariPool-1 - Shutdown completed.
2026-06-18T10:37:34.383+09:00  INFO 12964 --- [ch04] [Test worker] org.example.ch04.dao.User1DAOTest        : Starting User1DAOTest using Java 21.0.11 with PID 12964 (started by GGG in C:\Users\GGG\Desktop\Workspace\Spring\ch04)
2026-06-18T10:37:34.386+09:00  INFO 12964 --- [ch04] [Test worker] org.example.ch04.dao.User1DAOTest        : No active profile set, falling back to 1 default profile: "default"
2026-06-18T10:37:35.944+09:00  INFO 12964 --- [ch04] [Test worker] o.s.b.a.w.s.WelcomePageHandlerMapping    : Adding welcome page template: index
2026-06-18T10:37:36.355+09:00  INFO 12964 --- [ch04] [Test worker] org.example.ch04.dao.User1DAOTest        : Started User1DAOTest in 2.286 seconds (process running for 3.534)
2026-06-18T10:37:37.081+09:00  INFO 12964 --- [ch04] [Test worker] com.zaxxer.hikari.HikariDataSource       : HikariPool-1 - Starting...
2026-06-18T10:37:37.599+09:00  INFO 12964 --- [ch04] [Test worker] com.zaxxer.hikari.pool.HikariPool        : HikariPool-1 - Added connection com.mysql.cj.jdbc.ConnectionImpl@2b464384
2026-06-18T10:37:37.605+09:00  INFO 12964 --- [ch04] [Test worker] com.zaxxer.hikari.HikariDataSource       : HikariPool-1 - Start completed.
2026-06-18T10:37:37.739+09:00  INFO 12964 --- [ch04] [Test worker] org.example.ch04.dao.User1DAOTest        : User1DTO(userid=test01, name=테스트, hp=010-2221-0133, age=33)
2026-06-18T10:37:37.837+09:00  INFO 12964 --- [ch04] [SpringApplicationShutdownHook] com.zaxxer.hikari.HikariDataSource       : HikariPool-1 - Shutdown initiated...
2026-06-18T10:37:37.867+09:00  INFO 12964 --- [ch04] [SpringApplicationShutdownHook] com.zaxxer.hikari.HikariDataSource       : HikariPool-1 - Shutdown completed.
