2025-11-03T09:04:32.604+09:00  INFO 7108 --- [ch09] [restartedMain] kr.co.ch09.Ch09Application               : Starting Ch09Application using Java 17.0.0.1 with PID 7108 (C:\Users\GGG\Desktop\Workspace\Spring\ch09\build\classes\java\main started by GGG in C:\Users\GGG\Desktop\Workspace\Spring\ch09)
2025-11-03T09:04:32.613+09:00  INFO 7108 --- [ch09] [restartedMain] kr.co.ch09.Ch09Application               : No active profile set, falling back to 1 default profile: "default"
2025-11-03T09:04:32.669+09:00  INFO 7108 --- [ch09] [restartedMain] o.s.b.devtools.restart.ChangeableUrls    : The Class-Path manifest attribute in C:\Users\GGG\.gradle\caches\modules-2\files-2.1\com.oracle.database.jdbc\ojdbc11\23.7.0.25.01\665f52abef9122ce003b5cfc1d9d44f7302e2cfe\ojdbc11-23.7.0.25.01.jar referenced one or more files that do not exist: file:/C:/Users/GGG/.gradle/caches/modules-2/files-2.1/com.oracle.database.jdbc/ojdbc11/23.7.0.25.01/665f52abef9122ce003b5cfc1d9d44f7302e2cfe/oraclepki.jar
2025-11-03T09:04:32.669+09:00  INFO 7108 --- [ch09] [restartedMain] .e.DevToolsPropertyDefaultsPostProcessor : Devtools property defaults active! Set 'spring.devtools.add-properties' to 'false' to disable
2025-11-03T09:04:32.669+09:00  INFO 7108 --- [ch09] [restartedMain] .e.DevToolsPropertyDefaultsPostProcessor : For additional web related logging consider setting the 'logging.level.web' property to 'DEBUG'
2025-11-03T09:04:33.704+09:00  INFO 7108 --- [ch09] [restartedMain] .s.d.r.c.RepositoryConfigurationDelegate : Bootstrapping Spring Data JPA repositories in DEFAULT mode.
2025-11-03T09:04:33.761+09:00  INFO 7108 --- [ch09] [restartedMain] .s.d.r.c.RepositoryConfigurationDelegate : Finished Spring Data repository scanning in 48 ms. Found 2 JPA repository interfaces.
2025-11-03T09:04:33.910+09:00  WARN 7108 --- [ch09] [restartedMain] o.m.s.mapper.ClassPathMapperScanner      : No MyBatis mapper was found in '[kr.co.ch09]' package. Please check your configuration.
2025-11-03T09:04:34.495+09:00  INFO 7108 --- [ch09] [restartedMain] o.s.b.w.embedded.tomcat.TomcatWebServer  : Tomcat initialized with port 8080 (http)
2025-11-03T09:04:34.509+09:00  INFO 7108 --- [ch09] [restartedMain] o.apache.catalina.core.StandardService   : Starting service [Tomcat]
2025-11-03T09:04:34.510+09:00  INFO 7108 --- [ch09] [restartedMain] o.apache.catalina.core.StandardEngine    : Starting Servlet engine: [Apache Tomcat/10.1.46]
2025-11-03T09:04:34.564+09:00  INFO 7108 --- [ch09] [restartedMain] o.a.c.c.C.[Tomcat].[localhost].[/ch09]   : Initializing Spring embedded WebApplicationContext
2025-11-03T09:04:34.564+09:00  INFO 7108 --- [ch09] [restartedMain] w.s.c.ServletWebServerApplicationContext : Root WebApplicationContext: initialization completed in 1894 ms
2025-11-03T09:04:34.864+09:00  INFO 7108 --- [ch09] [restartedMain] o.hibernate.jpa.internal.util.LogHelper  : HHH000204: Processing PersistenceUnitInfo [name: default]
2025-11-03T09:04:34.948+09:00  INFO 7108 --- [ch09] [restartedMain] org.hibernate.Version                    : HHH000412: Hibernate ORM core version 6.6.29.Final
2025-11-03T09:04:34.989+09:00  INFO 7108 --- [ch09] [restartedMain] o.h.c.internal.RegionFactoryInitiator    : HHH000026: Second-level cache disabled
2025-11-03T09:04:35.484+09:00  INFO 7108 --- [ch09] [restartedMain] o.s.o.j.p.SpringPersistenceUnitInfo      : No LoadTimeWeaver setup: ignoring JPA class transformer
2025-11-03T09:04:35.530+09:00  INFO 7108 --- [ch09] [restartedMain] com.zaxxer.hikari.HikariDataSource       : HikariPool-1 - Starting...
2025-11-03T09:04:35.543+09:00  WARN 7108 --- [ch09] [restartedMain] c.zaxxer.hikari.util.DriverDataSource    : Registered driver with driverClassName=oracle.jdbc.driver.OracleDriver was not found, trying direct instantiation.
2025-11-03T09:04:36.326+09:00  INFO 7108 --- [ch09] [restartedMain] com.zaxxer.hikari.pool.HikariPool        : HikariPool-1 - Added connection oracle.jdbc.driver.T4CConnection@28c60274
2025-11-03T09:04:36.329+09:00  INFO 7108 --- [ch09] [restartedMain] com.zaxxer.hikari.HikariDataSource       : HikariPool-1 - Start completed.
2025-11-03T09:04:36.683+09:00  INFO 7108 --- [ch09] [restartedMain] org.hibernate.orm.connections.pooling    : HHH10001005: Database info:
	Database JDBC URL [Connecting through datasource 'HikariDataSource (HikariPool-1)']
	Database driver: undefined/unknown
	Database version: 21.3
	Autocommit mode: undefined/unknown
	Isolation level: undefined/unknown
	Minimum pool size: undefined/unknown
	Maximum pool size: undefined/unknown
2025-11-03T09:04:37.888+09:00  INFO 7108 --- [ch09] [restartedMain] o.h.e.t.j.p.i.JtaPlatformInitiator       : HHH000489: No JTA platform available (set 'hibernate.transaction.jta.platform' to enable JTA platform integration)
2025-11-03T09:04:39.265+09:00  INFO 7108 --- [ch09] [restartedMain] j.LocalContainerEntityManagerFactoryBean : Initialized JPA EntityManagerFactory for persistence unit 'default'
2025-11-03T09:04:39.645+09:00  INFO 7108 --- [ch09] [restartedMain] r$InitializeUserDetailsManagerConfigurer : Global AuthenticationManager configured with UserDetailsService bean with name myUserDetailsService
2025-11-03T09:04:39.702+09:00  WARN 7108 --- [ch09] [restartedMain] JpaBaseConfiguration$JpaWebConfiguration : spring.jpa.open-in-view is enabled by default. Therefore, database queries may be performed during view rendering. Explicitly configure spring.jpa.open-in-view to disable this warning
2025-11-03T09:04:40.428+09:00  INFO 7108 --- [ch09] [restartedMain] o.s.b.d.a.OptionalLiveReloadServer       : LiveReload server is running on port 35729
2025-11-03T09:04:40.464+09:00  INFO 7108 --- [ch09] [restartedMain] o.s.b.w.embedded.tomcat.TomcatWebServer  : Tomcat started on port 8080 (http) with context path '/ch09'
2025-11-03T09:04:40.472+09:00  INFO 7108 --- [ch09] [restartedMain] kr.co.ch09.Ch09Application               : Started Ch09Application in 8.633 seconds (process running for 9.512)
2025-11-03T09:04:52.351+09:00  INFO 7108 --- [ch09] [http-nio-8080-exec-1] o.a.c.c.C.[Tomcat].[localhost].[/ch09]   : Initializing Spring DispatcherServlet 'dispatcherServlet'
2025-11-03T09:04:52.352+09:00  INFO 7108 --- [ch09] [http-nio-8080-exec-1] o.s.web.servlet.DispatcherServlet        : Initializing Servlet 'dispatcherServlet'
2025-11-03T09:04:52.354+09:00  INFO 7108 --- [ch09] [http-nio-8080-exec-1] o.s.web.servlet.DispatcherServlet        : Completed initialization in 2 ms
2025-11-03T09:04:52.394+09:00  INFO 7108 --- [ch09] [http-nio-8080-exec-1] kr.co.ch09.jwt.JwtAuthenticationFilter   : header : null
2025-11-03T09:04:52.394+09:00  INFO 7108 --- [ch09] [http-nio-8080-exec-1] kr.co.ch09.jwt.JwtAuthenticationFilter   : header is null
2025-11-03T09:04:52.401+09:00  INFO 7108 --- [ch09] [http-nio-8080-exec-1] kr.co.ch09.jwt.JwtAuthenticationFilter   : header : null
2025-11-03T09:04:52.402+09:00  INFO 7108 --- [ch09] [http-nio-8080-exec-1] kr.co.ch09.jwt.JwtAuthenticationFilter   : header is null
2025-11-03T09:04:52.570+09:00  INFO 7108 --- [ch09] [http-nio-8080-exec-1] kr.co.ch09.controller.UserController     : userDTO : UserDTO(usid=a101, pass=1234, name=null, age=0, role=null, regDate=null)
2025-11-03T09:04:52.656+09:00  INFO 7108 --- [ch09] [http-nio-8080-exec-1] k.co.ch09.security.MyUserDetailsService  : loadUserByUsername username: a101
2025-11-03T09:04:52.770+09:00  INFO 7108 --- [ch09] [http-nio-8080-exec-1] k.co.ch09.security.MyUserDetailsService  : loadUserByUsername User: User(usid=a101, pass=$2a$10$amQC3ls1u4YKXnHwTw0tFuEEaEE5uUXyFtI3tPv.ohWTfBNOVwgOa, name=김유신, age=23, role=ADMIN, regDate=2025-09-23T15:40:58.660285)
2025-11-03T09:04:52.847+09:00  INFO 7108 --- [ch09] [http-nio-8080-exec-1] kr.co.ch09.controller.UserController     : authentication : UsernamePasswordAuthenticationToken [Principal=MyUserDetails(user=User(usid=a101, pass=$2a$10$amQC3ls1u4YKXnHwTw0tFuEEaEE5uUXyFtI3tPv.ohWTfBNOVwgOa, name=김유신, age=23, role=ADMIN, regDate=2025-09-23T15:40:58.660285)), Credentials=[PROTECTED], Authenticated=true, Details=null, Granted Authorities=[ROLE_ADMIN]]
2025-11-03T09:04:52.847+09:00  INFO 7108 --- [ch09] [http-nio-8080-exec-1] kr.co.ch09.controller.UserController     : Login User: MyUserDetails(user=User(usid=a101, pass=$2a$10$amQC3ls1u4YKXnHwTw0tFuEEaEE5uUXyFtI3tPv.ohWTfBNOVwgOa, name=김유신, age=23, role=ADMIN, regDate=2025-09-23T15:40:58.660285))
2025-11-03T09:04:52.960+09:00  INFO 7108 --- [ch09] [http-nio-8080-exec-1] kr.co.ch09.controller.UserController     : accessToken Token: eyJhbGciOiJIUzI1NiJ9.eyJpc3MiOiJjaGhhazA1MDNAZ21haWwuY29tIiwiaWF0IjoxNzYyMTI4MjkyLCJleHAiOjE3NjIyMTQ2OTIsInVzZXJuYW1lIjoiYTEwMSIsInJvbGUiOiJBRE1JTiJ9.an_xQT7UC-txqz3JV7r1e9YlEhke_DtPfdYdgBT2aKw
